{"name":"hexo","hostname":"xiaoningning-pcdeMacBook-Pro.local","pid":1951,"level":20,"msg":"Hexo version: \u001b[35m3.1.1\u001b[39m","time":"2015-11-25T01:34:33.825Z","v":0}
{"name":"hexo","hostname":"xiaoningning-pcdeMacBook-Pro.local","pid":1951,"level":20,"msg":"Working directory: \u001b[35m~/git/hexo/\u001b[39m","time":"2015-11-25T01:34:33.830Z","v":0}
{"name":"hexo","hostname":"xiaoningning-pcdeMacBook-Pro.local","pid":1951,"level":20,"msg":"Config loaded: \u001b[35m~/git/hexo/_config.yml\u001b[39m","time":"2015-11-25T01:34:33.961Z","v":0}
{"name":"hexo","hostname":"xiaoningning-pcdeMacBook-Pro.local","pid":1951,"level":20,"msg":"Plugin loaded: \u001b[35mhexo-deployer-git\u001b[39m","time":"2015-11-25T01:34:34.148Z","v":0}
{"name":"hexo","hostname":"xiaoningning-pcdeMacBook-Pro.local","pid":1951,"level":20,"msg":"Plugin loaded: \u001b[35mhexo-generator-archive\u001b[39m","time":"2015-11-25T01:34:34.152Z","v":0}
{"name":"hexo","hostname":"xiaoningning-pcdeMacBook-Pro.local","pid":1951,"level":20,"msg":"Plugin loaded: \u001b[35mhexo-generator-feed\u001b[39m","time":"2015-11-25T01:34:34.157Z","v":0}
{"name":"hexo","hostname":"xiaoningning-pcdeMacBook-Pro.local","pid":1951,"level":20,"msg":"Plugin loaded: \u001b[35mhexo-generator-category\u001b[39m","time":"2015-11-25T01:34:34.160Z","v":0}
{"name":"hexo","hostname":"xiaoningning-pcdeMacBook-Pro.local","pid":1951,"level":20,"msg":"Plugin loaded: \u001b[35mhexo-generator-index\u001b[39m","time":"2015-11-25T01:34:34.163Z","v":0}
{"name":"hexo","hostname":"xiaoningning-pcdeMacBook-Pro.local","pid":1951,"level":20,"msg":"Plugin loaded: \u001b[35mhexo-generator-tag\u001b[39m","time":"2015-11-25T01:34:34.166Z","v":0}
{"name":"hexo","hostname":"xiaoningning-pcdeMacBook-Pro.local","pid":1951,"level":20,"msg":"Plugin loaded: \u001b[35mhexo-renderer-ejs\u001b[39m","time":"2015-11-25T01:34:34.181Z","v":0}
{"name":"hexo","hostname":"xiaoningning-pcdeMacBook-Pro.local","pid":1951,"level":20,"msg":"Plugin loaded: \u001b[35mhexo-renderer-marked\u001b[39m","time":"2015-11-25T01:34:34.232Z","v":0}
{"name":"hexo","hostname":"xiaoningning-pcdeMacBook-Pro.local","pid":1951,"level":20,"msg":"Plugin loaded: \u001b[35mhexo-renderer-stylus\u001b[39m","time":"2015-11-25T01:34:34.348Z","v":0}
{"name":"hexo","hostname":"xiaoningning-pcdeMacBook-Pro.local","pid":1951,"level":20,"msg":"Script loaded: \u001b[35mthemes/next/scripts/filters/sticky.js\u001b[39m","time":"2015-11-25T01:34:34.349Z","v":0}
{"name":"hexo","hostname":"xiaoningning-pcdeMacBook-Pro.local","pid":1951,"level":20,"msg":"Plugin loaded: \u001b[35mhexo-server\u001b[39m","time":"2015-11-25T01:34:34.450Z","v":0}
{"name":"hexo","hostname":"xiaoningning-pcdeMacBook-Pro.local","pid":1951,"level":20,"msg":"Script loaded: \u001b[35mthemes/next/scripts/merge-configs.js\u001b[39m","time":"2015-11-25T01:34:34.450Z","v":0}
{"name":"hexo","hostname":"xiaoningning-pcdeMacBook-Pro.local","pid":1951,"level":20,"msg":"Script loaded: \u001b[35mthemes/next/scripts/tags/full-image.js\u001b[39m","time":"2015-11-25T01:34:34.451Z","v":0}
{"name":"hexo","hostname":"xiaoningning-pcdeMacBook-Pro.local","pid":1951,"level":20,"msg":"Script loaded: \u001b[35mthemes/next/scripts/tags/center-quote.js\u001b[39m","time":"2015-11-25T01:34:34.451Z","v":0}
{"name":"hexo","hostname":"xiaoningning-pcdeMacBook-Pro.local","pid":1951,"level":20,"msg":"Script loaded: \u001b[35mthemes/next/scripts/tags/group-pictures.js\u001b[39m","time":"2015-11-25T01:34:34.452Z","v":0}
{"name":"hexo","hostname":"xiaoningning-pcdeMacBook-Pro.local","pid":1951,"level":20,"msg":"Loading database.","time":"2015-11-25T01:34:34.460Z","v":0}
{"name":"hexo","hostname":"xiaoningning-pcdeMacBook-Pro.local","pid":1951,"level":20,"msg":"Added: \u001b[35msource/404.html\u001b[39m","time":"2015-11-25T01:34:34.526Z","v":0}
{"name":"hexo","hostname":"xiaoningning-pcdeMacBook-Pro.local","pid":1951,"level":20,"msg":"Added: \u001b[35msource/debug.log\u001b[39m","time":"2015-11-25T01:34:34.527Z","v":0}
{"name":"hexo","hostname":"xiaoningning-pcdeMacBook-Pro.local","pid":1951,"level":20,"msg":"Unchanged: \u001b[35msource/CNAME\u001b[39m","time":"2015-11-25T01:34:34.527Z","v":0}
{"name":"hexo","hostname":"xiaoningning-pcdeMacBook-Pro.local","pid":1951,"level":20,"msg":"Unchanged: \u001b[35msource/_posts/hello-world.md\u001b[39m","time":"2015-11-25T01:34:34.527Z","v":0}
{"name":"hexo","hostname":"xiaoningning-pcdeMacBook-Pro.local","pid":1951,"level":20,"msg":"Unchanged: \u001b[35msource/about/index-1.md\u001b[39m","time":"2015-11-25T01:34:34.527Z","v":0}
{"name":"hexo","hostname":"xiaoningning-pcdeMacBook-Pro.local","pid":1951,"level":20,"msg":"Unchanged: \u001b[35msource/about/index.md\u001b[39m","time":"2015-11-25T01:34:34.528Z","v":0}
{"name":"hexo","hostname":"xiaoningning-pcdeMacBook-Pro.local","pid":1951,"level":20,"msg":"Unchanged: \u001b[35msource/categories/index.md\u001b[39m","time":"2015-11-25T01:34:34.528Z","v":0}
{"name":"hexo","hostname":"xiaoningning-pcdeMacBook-Pro.local","pid":1951,"level":20,"msg":"Unchanged: \u001b[35msource/css/_fonts/icon-foo.styl\u001b[39m","time":"2015-11-25T01:34:34.528Z","v":0}
{"name":"hexo","hostname":"xiaoningning-pcdeMacBook-Pro.local","pid":1951,"level":20,"msg":"Unchanged: \u001b[35msource/fonts/icon-foo/icomoon.eot\u001b[39m","time":"2015-11-25T01:34:34.528Z","v":0}
{"name":"hexo","hostname":"xiaoningning-pcdeMacBook-Pro.local","pid":1951,"level":20,"msg":"Unchanged: \u001b[35msource/fonts/icon-foo/icomoon.svg\u001b[39m","time":"2015-11-25T01:34:34.528Z","v":0}
{"name":"hexo","hostname":"xiaoningning-pcdeMacBook-Pro.local","pid":1951,"level":20,"msg":"Unchanged: \u001b[35msource/fonts/icon-foo/icomoon.ttf\u001b[39m","time":"2015-11-25T01:34:34.528Z","v":0}
{"name":"hexo","hostname":"xiaoningning-pcdeMacBook-Pro.local","pid":1951,"level":20,"msg":"Unchanged: \u001b[35msource/tags/index.md\u001b[39m","time":"2015-11-25T01:34:34.528Z","v":0}
{"name":"hexo","hostname":"xiaoningning-pcdeMacBook-Pro.local","pid":1951,"level":20,"msg":"Unchanged: \u001b[35msource/fonts/icon-foo/icomoon.woff\u001b[39m","time":"2015-11-25T01:34:34.528Z","v":0}
{"name":"hexo","hostname":"xiaoningning-pcdeMacBook-Pro.local","pid":1951,"level":20,"msg":"Updated: \u001b[35msource/about/debug.log\u001b[39m","time":"2015-11-25T01:34:34.532Z","v":0}
{"name":"hexo","hostname":"xiaoningning-pcdeMacBook-Pro.local","pid":1951,"level":20,"msg":"Unchanged: \u001b[35msource/images/avator.jpg\u001b[39m","time":"2015-11-25T01:34:34.533Z","v":0}
{"name":"hexo","hostname":"xiaoningning-pcdeMacBook-Pro.local","pid":1951,"level":20,"msg":"Unchanged: \u001b[35msource/tags/debug.log\u001b[39m","time":"2015-11-25T01:34:34.534Z","v":0}
{"name":"hexo","hostname":"xiaoningning-pcdeMacBook-Pro.local","pid":1951,"level":20,"msg":"Unchanged: \u001b[35mthemes/next/source/css/_common/_page/home.styl\u001b[39m","time":"2015-11-25T01:34:34.579Z","v":0}
{"name":"hexo","hostname":"xiaoningning-pcdeMacBook-Pro.local","pid":1951,"level":20,"msg":"Unchanged: \u001b[35mthemes/next/source/css/_mixins/Mist.styl\u001b[39m","time":"2015-11-25T01:34:34.579Z","v":0}
{"name":"hexo","hostname":"xiaoningning-pcdeMacBook-Pro.local","pid":1951,"level":20,"msg":"Unchanged: \u001b[35mthemes/next/source/css/_mixins/custom.styl\u001b[39m","time":"2015-11-25T01:34:34.579Z","v":0}
{"name":"hexo","hostname":"xiaoningning-pcdeMacBook-Pro.local","pid":1951,"level":20,"msg":"Unchanged: \u001b[35mthemes/next/source/css/_mixins/default.styl\u001b[39m","time":"2015-11-25T01:34:34.579Z","v":0}
{"name":"hexo","hostname":"xiaoningning-pcdeMacBook-Pro.local","pid":1951,"level":20,"msg":"Unchanged: \u001b[35mthemes/next/source/css/_variables/custom.styl\u001b[39m","time":"2015-11-25T01:34:34.579Z","v":0}
{"name":"hexo","hostname":"xiaoningning-pcdeMacBook-Pro.local","pid":1951,"level":20,"msg":"Unchanged: \u001b[35mthemes/next/source/css/_variables/default.styl\u001b[39m","time":"2015-11-25T01:34:34.579Z","v":0}
{"name":"hexo","hostname":"xiaoningning-pcdeMacBook-Pro.local","pid":1951,"level":20,"msg":"Unchanged: \u001b[35mthemes/next/README.en.md\u001b[39m","time":"2015-11-25T01:34:34.592Z","v":0}
{"name":"hexo","hostname":"xiaoningning-pcdeMacBook-Pro.local","pid":1951,"level":20,"msg":"Unchanged: \u001b[35mthemes/next/README.md\u001b[39m","time":"2015-11-25T01:34:34.592Z","v":0}
{"name":"hexo","hostname":"xiaoningning-pcdeMacBook-Pro.local","pid":1951,"level":20,"msg":"Unchanged: \u001b[35mthemes/next/_config.yml\u001b[39m","time":"2015-11-25T01:34:34.592Z","v":0}
{"name":"hexo","hostname":"xiaoningning-pcdeMacBook-Pro.local","pid":1951,"level":20,"msg":"Unchanged: \u001b[35mthemes/next/bower.json\u001b[39m","time":"2015-11-25T01:34:34.593Z","v":0}
{"name":"hexo","hostname":"xiaoningning-pcdeMacBook-Pro.local","pid":1951,"level":20,"msg":"Unchanged: \u001b[35mthemes/next/languages/de.yml\u001b[39m","time":"2015-11-25T01:34:34.593Z","v":0}
{"name":"hexo","hostname":"xiaoningning-pcdeMacBook-Pro.local","pid":1951,"level":20,"msg":"Unchanged: \u001b[35mthemes/next/languages/default.yml\u001b[39m","time":"2015-11-25T01:34:34.593Z","v":0}
{"name":"hexo","hostname":"xiaoningning-pcdeMacBook-Pro.local","pid":1951,"level":20,"msg":"Unchanged: \u001b[35mthemes/next/languages/en.yml\u001b[39m","time":"2015-11-25T01:34:34.593Z","v":0}
{"name":"hexo","hostname":"xiaoningning-pcdeMacBook-Pro.local","pid":1951,"level":20,"msg":"Unchanged: \u001b[35mthemes/next/languages/fr-FR.yml\u001b[39m","time":"2015-11-25T01:34:34.594Z","v":0}
{"name":"hexo","hostname":"xiaoningning-pcdeMacBook-Pro.local","pid":1951,"level":20,"msg":"Unchanged: \u001b[35mthemes/next/languages/pt.yml\u001b[39m","time":"2015-11-25T01:34:34.594Z","v":0}
{"name":"hexo","hostname":"xiaoningning-pcdeMacBook-Pro.local","pid":1951,"level":20,"msg":"Unchanged: \u001b[35mthemes/next/languages/ru.yml\u001b[39m","time":"2015-11-25T01:34:34.595Z","v":0}
{"name":"hexo","hostname":"xiaoningning-pcdeMacBook-Pro.local","pid":1951,"level":20,"msg":"Unchanged: \u001b[35mthemes/next/languages/zh-Hans.yml\u001b[39m","time":"2015-11-25T01:34:34.595Z","v":0}
{"name":"hexo","hostname":"xiaoningning-pcdeMacBook-Pro.local","pid":1951,"level":20,"msg":"Unchanged: \u001b[35mthemes/next/languages/zh-hk.yml\u001b[39m","time":"2015-11-25T01:34:34.595Z","v":0}
{"name":"hexo","hostname":"xiaoningning-pcdeMacBook-Pro.local","pid":1951,"level":20,"msg":"Unchanged: \u001b[35mthemes/next/languages/zh-tw.yml\u001b[39m","time":"2015-11-25T01:34:34.596Z","v":0}
{"name":"hexo","hostname":"xiaoningning-pcdeMacBook-Pro.local","pid":1951,"level":20,"msg":"Unchanged: \u001b[35mthemes/next/layout/_layout.swig\u001b[39m","time":"2015-11-25T01:34:34.596Z","v":0}
{"name":"hexo","hostname":"xiaoningning-pcdeMacBook-Pro.local","pid":1951,"level":20,"msg":"Unchanged: \u001b[35mthemes/next/layout/_macro/post-collapse.swig\u001b[39m","time":"2015-11-25T01:34:34.596Z","v":0}
{"name":"hexo","hostname":"xiaoningning-pcdeMacBook-Pro.local","pid":1951,"level":20,"msg":"Unchanged: \u001b[35mthemes/next/layout/_macro/post.swig\u001b[39m","time":"2015-11-25T01:34:34.596Z","v":0}
{"name":"hexo","hostname":"xiaoningning-pcdeMacBook-Pro.local","pid":1951,"level":20,"msg":"Unchanged: \u001b[35mthemes/next/layout/_macro/sidebar.swig\u001b[39m","time":"2015-11-25T01:34:34.596Z","v":0}
{"name":"hexo","hostname":"xiaoningning-pcdeMacBook-Pro.local","pid":1951,"level":20,"msg":"Unchanged: \u001b[35mthemes/next/layout/_partials/comments.swig\u001b[39m","time":"2015-11-25T01:34:34.596Z","v":0}
{"name":"hexo","hostname":"xiaoningning-pcdeMacBook-Pro.local","pid":1951,"level":20,"msg":"Unchanged: \u001b[35mthemes/next/layout/_partials/duoshuo-hot-articles.swig\u001b[39m","time":"2015-11-25T01:34:34.596Z","v":0}
{"name":"hexo","hostname":"xiaoningning-pcdeMacBook-Pro.local","pid":1951,"level":20,"msg":"Unchanged: \u001b[35mthemes/next/layout/_partials/footer.swig\u001b[39m","time":"2015-11-25T01:34:34.597Z","v":0}
{"name":"hexo","hostname":"xiaoningning-pcdeMacBook-Pro.local","pid":1951,"level":20,"msg":"Unchanged: \u001b[35mthemes/next/layout/_partials/head.swig\u001b[39m","time":"2015-11-25T01:34:34.597Z","v":0}
{"name":"hexo","hostname":"xiaoningning-pcdeMacBook-Pro.local","pid":1951,"level":20,"msg":"Unchanged: \u001b[35mthemes/next/layout/_partials/header.swig\u001b[39m","time":"2015-11-25T01:34:34.597Z","v":0}
{"name":"hexo","hostname":"xiaoningning-pcdeMacBook-Pro.local","pid":1951,"level":20,"msg":"Unchanged: \u001b[35mthemes/next/layout/_partials/old-browsers.swig\u001b[39m","time":"2015-11-25T01:34:34.597Z","v":0}
{"name":"hexo","hostname":"xiaoningning-pcdeMacBook-Pro.local","pid":1951,"level":20,"msg":"Unchanged: \u001b[35mthemes/next/layout/_partials/pagination.swig\u001b[39m","time":"2015-11-25T01:34:34.597Z","v":0}
{"name":"hexo","hostname":"xiaoningning-pcdeMacBook-Pro.local","pid":1951,"level":20,"msg":"Unchanged: \u001b[35mthemes/next/layout/_partials/search/swiftype.swig\u001b[39m","time":"2015-11-25T01:34:34.597Z","v":0}
{"name":"hexo","hostname":"xiaoningning-pcdeMacBook-Pro.local","pid":1951,"level":20,"msg":"Unchanged: \u001b[35mthemes/next/layout/_partials/search/tinysou.swig\u001b[39m","time":"2015-11-25T01:34:34.597Z","v":0}
{"name":"hexo","hostname":"xiaoningning-pcdeMacBook-Pro.local","pid":1951,"level":20,"msg":"Unchanged: \u001b[35mthemes/next/layout/_partials/share/duoshuo_share.swig\u001b[39m","time":"2015-11-25T01:34:34.597Z","v":0}
{"name":"hexo","hostname":"xiaoningning-pcdeMacBook-Pro.local","pid":1951,"level":20,"msg":"Unchanged: \u001b[35mthemes/next/layout/_partials/search.swig\u001b[39m","time":"2015-11-25T01:34:34.598Z","v":0}
{"name":"hexo","hostname":"xiaoningning-pcdeMacBook-Pro.local","pid":1951,"level":20,"msg":"Unchanged: \u001b[35mthemes/next/layout/_partials/share/jiathis.swig\u001b[39m","time":"2015-11-25T01:34:34.598Z","v":0}
{"name":"hexo","hostname":"xiaoningning-pcdeMacBook-Pro.local","pid":1951,"level":20,"msg":"Unchanged: \u001b[35mthemes/next/layout/_scripts/analytics/baidu-analytics.swig\u001b[39m","time":"2015-11-25T01:34:34.598Z","v":0}
{"name":"hexo","hostname":"xiaoningning-pcdeMacBook-Pro.local","pid":1951,"level":20,"msg":"Unchanged: \u001b[35mthemes/next/layout/_scripts/analytics/facebook-sdk.swig\u001b[39m","time":"2015-11-25T01:34:34.598Z","v":0}
{"name":"hexo","hostname":"xiaoningning-pcdeMacBook-Pro.local","pid":1951,"level":20,"msg":"Unchanged: \u001b[35mthemes/next/layout/_scripts/analytics.swig\u001b[39m","time":"2015-11-25T01:34:34.598Z","v":0}
{"name":"hexo","hostname":"xiaoningning-pcdeMacBook-Pro.local","pid":1951,"level":20,"msg":"Unchanged: \u001b[35mthemes/next/layout/_scripts/analytics/google-analytics.swig\u001b[39m","time":"2015-11-25T01:34:34.598Z","v":0}
{"name":"hexo","hostname":"xiaoningning-pcdeMacBook-Pro.local","pid":1951,"level":20,"msg":"Unchanged: \u001b[35mthemes/next/layout/_scripts/baidushare.swig\u001b[39m","time":"2015-11-25T01:34:34.598Z","v":0}
{"name":"hexo","hostname":"xiaoningning-pcdeMacBook-Pro.local","pid":1951,"level":20,"msg":"Unchanged: \u001b[35mthemes/next/layout/_scripts/bootstrap.scrollspy.swig\u001b[39m","time":"2015-11-25T01:34:34.598Z","v":0}
{"name":"hexo","hostname":"xiaoningning-pcdeMacBook-Pro.local","pid":1951,"level":20,"msg":"Unchanged: \u001b[35mthemes/next/layout/_scripts/comments/disqus.swig\u001b[39m","time":"2015-11-25T01:34:34.598Z","v":0}
{"name":"hexo","hostname":"xiaoningning-pcdeMacBook-Pro.local","pid":1951,"level":20,"msg":"Unchanged: \u001b[35mthemes/next/layout/_scripts/comments/duoshuo.swig\u001b[39m","time":"2015-11-25T01:34:34.599Z","v":0}
{"name":"hexo","hostname":"xiaoningning-pcdeMacBook-Pro.local","pid":1951,"level":20,"msg":"Unchanged: \u001b[35mthemes/next/layout/_scripts/fancy-box.swig\u001b[39m","time":"2015-11-25T01:34:34.599Z","v":0}
{"name":"hexo","hostname":"xiaoningning-pcdeMacBook-Pro.local","pid":1951,"level":20,"msg":"Unchanged: \u001b[35mthemes/next/layout/_scripts/helpers.swig\u001b[39m","time":"2015-11-25T01:34:34.599Z","v":0}
{"name":"hexo","hostname":"xiaoningning-pcdeMacBook-Pro.local","pid":1951,"level":20,"msg":"Unchanged: \u001b[35mthemes/next/layout/_scripts/mathjax.swig\u001b[39m","time":"2015-11-25T01:34:34.599Z","v":0}
{"name":"hexo","hostname":"xiaoningning-pcdeMacBook-Pro.local","pid":1951,"level":20,"msg":"Unchanged: \u001b[35mthemes/next/layout/_scripts/motion.swig\u001b[39m","time":"2015-11-25T01:34:34.600Z","v":0}
{"name":"hexo","hostname":"xiaoningning-pcdeMacBook-Pro.local","pid":1951,"level":20,"msg":"Unchanged: \u001b[35mthemes/next/layout/_scripts/pages/post-details.swig\u001b[39m","time":"2015-11-25T01:34:34.600Z","v":0}
{"name":"hexo","hostname":"xiaoningning-pcdeMacBook-Pro.local","pid":1951,"level":20,"msg":"Unchanged: \u001b[35mthemes/next/layout/_scripts/tinysou.swig\u001b[39m","time":"2015-11-25T01:34:34.600Z","v":0}
{"name":"hexo","hostname":"xiaoningning-pcdeMacBook-Pro.local","pid":1951,"level":20,"msg":"Unchanged: \u001b[35mthemes/next/layout/archive.swig\u001b[39m","time":"2015-11-25T01:34:34.600Z","v":0}
{"name":"hexo","hostname":"xiaoningning-pcdeMacBook-Pro.local","pid":1951,"level":20,"msg":"Unchanged: \u001b[35mthemes/next/layout/category.swig\u001b[39m","time":"2015-11-25T01:34:34.600Z","v":0}
{"name":"hexo","hostname":"xiaoningning-pcdeMacBook-Pro.local","pid":1951,"level":20,"msg":"Unchanged: \u001b[35mthemes/next/layout/index.swig\u001b[39m","time":"2015-11-25T01:34:34.600Z","v":0}
{"name":"hexo","hostname":"xiaoningning-pcdeMacBook-Pro.local","pid":1951,"level":20,"msg":"Unchanged: \u001b[35mthemes/next/layout/page.swig\u001b[39m","time":"2015-11-25T01:34:34.600Z","v":0}
{"name":"hexo","hostname":"xiaoningning-pcdeMacBook-Pro.local","pid":1951,"level":20,"msg":"Unchanged: \u001b[35mthemes/next/layout/post.swig\u001b[39m","time":"2015-11-25T01:34:34.601Z","v":0}
{"name":"hexo","hostname":"xiaoningning-pcdeMacBook-Pro.local","pid":1951,"level":20,"msg":"Unchanged: \u001b[35mthemes/next/layout/tag.swig\u001b[39m","time":"2015-11-25T01:34:34.601Z","v":0}
{"name":"hexo","hostname":"xiaoningning-pcdeMacBook-Pro.local","pid":1951,"level":20,"msg":"Unchanged: \u001b[35mthemes/next/scripts/filters/sticky.js\u001b[39m","time":"2015-11-25T01:34:34.601Z","v":0}
{"name":"hexo","hostname":"xiaoningning-pcdeMacBook-Pro.local","pid":1951,"level":20,"msg":"Unchanged: \u001b[35mthemes/next/scripts/merge-configs.js\u001b[39m","time":"2015-11-25T01:34:34.601Z","v":0}
{"name":"hexo","hostname":"xiaoningning-pcdeMacBook-Pro.local","pid":1951,"level":20,"msg":"Unchanged: \u001b[35mthemes/next/scripts/tags/center-quote.js\u001b[39m","time":"2015-11-25T01:34:34.601Z","v":0}
{"name":"hexo","hostname":"xiaoningning-pcdeMacBook-Pro.local","pid":1951,"level":20,"msg":"Unchanged: \u001b[35mthemes/next/scripts/tags/full-image.js\u001b[39m","time":"2015-11-25T01:34:34.602Z","v":0}
{"name":"hexo","hostname":"xiaoningning-pcdeMacBook-Pro.local","pid":1951,"level":20,"msg":"Unchanged: \u001b[35mthemes/next/scripts/tags/group-pictures.js\u001b[39m","time":"2015-11-25T01:34:34.602Z","v":0}
{"name":"hexo","hostname":"xiaoningning-pcdeMacBook-Pro.local","pid":1951,"level":20,"msg":"Unchanged: \u001b[35mthemes/next/source/css/_common/_component/back-to-top.styl\u001b[39m","time":"2015-11-25T01:34:34.603Z","v":0}
{"name":"hexo","hostname":"xiaoningning-pcdeMacBook-Pro.local","pid":1951,"level":20,"msg":"Unchanged: \u001b[35mthemes/next/source/css/_common/_component/blockquote-center.styl\u001b[39m","time":"2015-11-25T01:34:34.603Z","v":0}
{"name":"hexo","hostname":"xiaoningning-pcdeMacBook-Pro.local","pid":1951,"level":20,"msg":"Unchanged: \u001b[35mthemes/next/source/css/_common/_component/buttons.styl\u001b[39m","time":"2015-11-25T01:34:34.603Z","v":0}
{"name":"hexo","hostname":"xiaoningning-pcdeMacBook-Pro.local","pid":1951,"level":20,"msg":"Unchanged: \u001b[35mthemes/next/source/css/_common/_component/comments.styl\u001b[39m","time":"2015-11-25T01:34:34.604Z","v":0}
{"name":"hexo","hostname":"xiaoningning-pcdeMacBook-Pro.local","pid":1951,"level":20,"msg":"Unchanged: \u001b[35mthemes/next/source/css/_common/_component/duoshuo.styl\u001b[39m","time":"2015-11-25T01:34:34.604Z","v":0}
{"name":"hexo","hostname":"xiaoningning-pcdeMacBook-Pro.local","pid":1951,"level":20,"msg":"Unchanged: \u001b[35mthemes/next/source/css/_common/_component/gallery.styl\u001b[39m","time":"2015-11-25T01:34:34.604Z","v":0}
{"name":"hexo","hostname":"xiaoningning-pcdeMacBook-Pro.local","pid":1951,"level":20,"msg":"Unchanged: \u001b[35mthemes/next/source/css/_common/_component/group-pictures.styl\u001b[39m","time":"2015-11-25T01:34:34.604Z","v":0}
{"name":"hexo","hostname":"xiaoningning-pcdeMacBook-Pro.local","pid":1951,"level":20,"msg":"Unchanged: \u001b[35mthemes/next/source/css/_common/_component/jiathis.styl\u001b[39m","time":"2015-11-25T01:34:34.604Z","v":0}
{"name":"hexo","hostname":"xiaoningning-pcdeMacBook-Pro.local","pid":1951,"level":20,"msg":"Unchanged: \u001b[35mthemes/next/source/css/_common/_component/pagination.styl\u001b[39m","time":"2015-11-25T01:34:34.604Z","v":0}
{"name":"hexo","hostname":"xiaoningning-pcdeMacBook-Pro.local","pid":1951,"level":20,"msg":"Unchanged: \u001b[35mthemes/next/source/css/_common/_component/posts-collapse.styl\u001b[39m","time":"2015-11-25T01:34:34.604Z","v":0}
{"name":"hexo","hostname":"xiaoningning-pcdeMacBook-Pro.local","pid":1951,"level":20,"msg":"Unchanged: \u001b[35mthemes/next/source/css/_common/_component/posts-expand.styl\u001b[39m","time":"2015-11-25T01:34:34.604Z","v":0}
{"name":"hexo","hostname":"xiaoningning-pcdeMacBook-Pro.local","pid":1951,"level":20,"msg":"Unchanged: \u001b[35mthemes/next/source/css/_common/_component/posts-type.styl\u001b[39m","time":"2015-11-25T01:34:34.605Z","v":0}
{"name":"hexo","hostname":"xiaoningning-pcdeMacBook-Pro.local","pid":1951,"level":20,"msg":"Unchanged: \u001b[35mthemes/next/source/css/_common/_component/posts.styl\u001b[39m","time":"2015-11-25T01:34:34.605Z","v":0}
{"name":"hexo","hostname":"xiaoningning-pcdeMacBook-Pro.local","pid":1951,"level":20,"msg":"Unchanged: \u001b[35mthemes/next/source/css/_common/_component/tag-cloud.styl\u001b[39m","time":"2015-11-25T01:34:34.605Z","v":0}
{"name":"hexo","hostname":"xiaoningning-pcdeMacBook-Pro.local","pid":1951,"level":20,"msg":"Unchanged: \u001b[35mthemes/next/source/css/_common/_core/base.styl\u001b[39m","time":"2015-11-25T01:34:34.605Z","v":0}
{"name":"hexo","hostname":"xiaoningning-pcdeMacBook-Pro.local","pid":1951,"level":20,"msg":"Unchanged: \u001b[35mthemes/next/source/css/_common/_core/helpers.styl\u001b[39m","time":"2015-11-25T01:34:34.605Z","v":0}
{"name":"hexo","hostname":"xiaoningning-pcdeMacBook-Pro.local","pid":1951,"level":20,"msg":"Unchanged: \u001b[35mthemes/next/source/css/_common/_core/normalize.styl\u001b[39m","time":"2015-11-25T01:34:34.605Z","v":0}
{"name":"hexo","hostname":"xiaoningning-pcdeMacBook-Pro.local","pid":1951,"level":20,"msg":"Unchanged: \u001b[35mthemes/next/source/css/_common/_core/scaffolding.styl\u001b[39m","time":"2015-11-25T01:34:34.605Z","v":0}
{"name":"hexo","hostname":"xiaoningning-pcdeMacBook-Pro.local","pid":1951,"level":20,"msg":"Unchanged: \u001b[35mthemes/next/source/css/_common/_core/tables.styl\u001b[39m","time":"2015-11-25T01:34:34.605Z","v":0}
{"name":"hexo","hostname":"xiaoningning-pcdeMacBook-Pro.local","pid":1951,"level":20,"msg":"Unchanged: \u001b[35mthemes/next/source/css/_common/_fonts/icon-default.styl\u001b[39m","time":"2015-11-25T01:34:34.605Z","v":0}
{"name":"hexo","hostname":"xiaoningning-pcdeMacBook-Pro.local","pid":1951,"level":20,"msg":"Unchanged: \u001b[35mthemes/next/source/css/_common/_fonts/icon-feather.styl\u001b[39m","time":"2015-11-25T01:34:34.606Z","v":0}
{"name":"hexo","hostname":"xiaoningning-pcdeMacBook-Pro.local","pid":1951,"level":20,"msg":"Unchanged: \u001b[35mthemes/next/source/css/_common/_fonts/icon-fifty-shades.styl\u001b[39m","time":"2015-11-25T01:34:34.606Z","v":0}
{"name":"hexo","hostname":"xiaoningning-pcdeMacBook-Pro.local","pid":1951,"level":20,"msg":"Unchanged: \u001b[35mthemes/next/source/css/_common/_fonts/icon-font.styl\u001b[39m","time":"2015-11-25T01:34:34.606Z","v":0}
{"name":"hexo","hostname":"xiaoningning-pcdeMacBook-Pro.local","pid":1951,"level":20,"msg":"Unchanged: \u001b[35mthemes/next/source/css/_common/_fonts/icon-linecons.styl\u001b[39m","time":"2015-11-25T01:34:34.606Z","v":0}
{"name":"hexo","hostname":"xiaoningning-pcdeMacBook-Pro.local","pid":1951,"level":20,"msg":"Unchanged: \u001b[35mthemes/next/source/css/_common/_page/archive.styl\u001b[39m","time":"2015-11-25T01:34:34.606Z","v":0}
{"name":"hexo","hostname":"xiaoningning-pcdeMacBook-Pro.local","pid":1951,"level":20,"msg":"Unchanged: \u001b[35mthemes/next/source/css/_common/_page/categories.styl\u001b[39m","time":"2015-11-25T01:34:34.608Z","v":0}
{"name":"hexo","hostname":"xiaoningning-pcdeMacBook-Pro.local","pid":1951,"level":20,"msg":"Unchanged: \u001b[35mthemes/next/source/css/_common/_section/body.styl\u001b[39m","time":"2015-11-25T01:34:34.608Z","v":0}
{"name":"hexo","hostname":"xiaoningning-pcdeMacBook-Pro.local","pid":1951,"level":20,"msg":"Unchanged: \u001b[35mthemes/next/source/css/_common/_section/footer.styl\u001b[39m","time":"2015-11-25T01:34:34.609Z","v":0}
{"name":"hexo","hostname":"xiaoningning-pcdeMacBook-Pro.local","pid":1951,"level":20,"msg":"Unchanged: \u001b[35mthemes/next/source/css/_common/_page/post-detail.styl\u001b[39m","time":"2015-11-25T01:34:34.609Z","v":0}
{"name":"hexo","hostname":"xiaoningning-pcdeMacBook-Pro.local","pid":1951,"level":20,"msg":"Unchanged: \u001b[35mthemes/next/source/css/_common/_section/header.styl\u001b[39m","time":"2015-11-25T01:34:34.609Z","v":0}
{"name":"hexo","hostname":"xiaoningning-pcdeMacBook-Pro.local","pid":1951,"level":20,"msg":"Unchanged: \u001b[35mthemes/next/source/css/_common/_section/layout.styl\u001b[39m","time":"2015-11-25T01:34:34.609Z","v":0}
{"name":"hexo","hostname":"xiaoningning-pcdeMacBook-Pro.local","pid":1951,"level":20,"msg":"Unchanged: \u001b[35mthemes/next/source/css/_common/_section/media.styl\u001b[39m","time":"2015-11-25T01:34:34.609Z","v":0}
{"name":"hexo","hostname":"xiaoningning-pcdeMacBook-Pro.local","pid":1951,"level":20,"msg":"Unchanged: \u001b[35mthemes/next/source/css/_common/_section/sidebar.styl\u001b[39m","time":"2015-11-25T01:34:34.610Z","v":0}
{"name":"hexo","hostname":"xiaoningning-pcdeMacBook-Pro.local","pid":1951,"level":20,"msg":"Unchanged: \u001b[35mthemes/next/source/css/_common/_vendor/highlight/highlight.styl\u001b[39m","time":"2015-11-25T01:34:34.610Z","v":0}
{"name":"hexo","hostname":"xiaoningning-pcdeMacBook-Pro.local","pid":1951,"level":20,"msg":"Unchanged: \u001b[35mthemes/next/source/css/_common/_vendor/highlight/theme.styl\u001b[39m","time":"2015-11-25T01:34:34.610Z","v":0}
{"name":"hexo","hostname":"xiaoningning-pcdeMacBook-Pro.local","pid":1951,"level":20,"msg":"Unchanged: \u001b[35mthemes/next/source/css/_custom/custom.styl\u001b[39m","time":"2015-11-25T01:34:34.610Z","v":0}
{"name":"hexo","hostname":"xiaoningning-pcdeMacBook-Pro.local","pid":1951,"level":20,"msg":"Unchanged: \u001b[35mthemes/next/source/css/_mixins/base.styl\u001b[39m","time":"2015-11-25T01:34:34.611Z","v":0}
{"name":"hexo","hostname":"xiaoningning-pcdeMacBook-Pro.local","pid":1951,"level":20,"msg":"Unchanged: \u001b[35mthemes/next/source/css/_schemes/Mist/_base.styl\u001b[39m","time":"2015-11-25T01:34:34.620Z","v":0}
{"name":"hexo","hostname":"xiaoningning-pcdeMacBook-Pro.local","pid":1951,"level":20,"msg":"Unchanged: \u001b[35mthemes/next/source/css/_schemes/Mist/_logo.styl\u001b[39m","time":"2015-11-25T01:34:34.620Z","v":0}
{"name":"hexo","hostname":"xiaoningning-pcdeMacBook-Pro.local","pid":1951,"level":20,"msg":"Unchanged: \u001b[35mthemes/next/source/css/_schemes/Mist/_header.styl\u001b[39m","time":"2015-11-25T01:34:34.620Z","v":0}
{"name":"hexo","hostname":"xiaoningning-pcdeMacBook-Pro.local","pid":1951,"level":20,"msg":"Unchanged: \u001b[35mthemes/next/source/css/_schemes/Mist/_menu.styl\u001b[39m","time":"2015-11-25T01:34:34.620Z","v":0}
{"name":"hexo","hostname":"xiaoningning-pcdeMacBook-Pro.local","pid":1951,"level":20,"msg":"Unchanged: \u001b[35mthemes/next/source/css/_schemes/Mist/_posts-expanded.styl\u001b[39m","time":"2015-11-25T01:34:34.620Z","v":0}
{"name":"hexo","hostname":"xiaoningning-pcdeMacBook-Pro.local","pid":1951,"level":20,"msg":"Unchanged: \u001b[35mthemes/next/source/css/_schemes/Mist/index.styl\u001b[39m","time":"2015-11-25T01:34:34.620Z","v":0}
{"name":"hexo","hostname":"xiaoningning-pcdeMacBook-Pro.local","pid":1951,"level":20,"msg":"Unchanged: \u001b[35mthemes/next/source/css/_schemes/default/_logo.styl\u001b[39m","time":"2015-11-25T01:34:34.620Z","v":0}
{"name":"hexo","hostname":"xiaoningning-pcdeMacBook-Pro.local","pid":1951,"level":20,"msg":"Unchanged: \u001b[35mthemes/next/source/css/_schemes/default/_menu.styl\u001b[39m","time":"2015-11-25T01:34:34.620Z","v":0}
{"name":"hexo","hostname":"xiaoningning-pcdeMacBook-Pro.local","pid":1951,"level":20,"msg":"Unchanged: \u001b[35mthemes/next/source/css/_schemes/default/_search.styl\u001b[39m","time":"2015-11-25T01:34:34.621Z","v":0}
{"name":"hexo","hostname":"xiaoningning-pcdeMacBook-Pro.local","pid":1951,"level":20,"msg":"Unchanged: \u001b[35mthemes/next/source/css/_schemes/default/index.styl\u001b[39m","time":"2015-11-25T01:34:34.621Z","v":0}
{"name":"hexo","hostname":"xiaoningning-pcdeMacBook-Pro.local","pid":1951,"level":20,"msg":"Unchanged: \u001b[35mthemes/next/source/css/_variables/Mist.styl\u001b[39m","time":"2015-11-25T01:34:34.621Z","v":0}
{"name":"hexo","hostname":"xiaoningning-pcdeMacBook-Pro.local","pid":1951,"level":20,"msg":"Unchanged: \u001b[35mthemes/next/source/css/_variables/base.styl\u001b[39m","time":"2015-11-25T01:34:34.626Z","v":0}
{"name":"hexo","hostname":"xiaoningning-pcdeMacBook-Pro.local","pid":1951,"level":20,"msg":"Unchanged: \u001b[35mthemes/next/source/css/main.styl\u001b[39m","time":"2015-11-25T01:34:34.626Z","v":0}
{"name":"hexo","hostname":"xiaoningning-pcdeMacBook-Pro.local","pid":1951,"level":20,"msg":"Unchanged: \u001b[35mthemes/next/source/images/cc-by-nc-nd.svg\u001b[39m","time":"2015-11-25T01:34:34.626Z","v":0}
{"name":"hexo","hostname":"xiaoningning-pcdeMacBook-Pro.local","pid":1951,"level":20,"msg":"Unchanged: \u001b[35mthemes/next/source/images/cc-by-nc-sa.svg\u001b[39m","time":"2015-11-25T01:34:34.626Z","v":0}
{"name":"hexo","hostname":"xiaoningning-pcdeMacBook-Pro.local","pid":1951,"level":20,"msg":"Unchanged: \u001b[35mthemes/next/source/images/cc-by-nc.svg\u001b[39m","time":"2015-11-25T01:34:34.626Z","v":0}
{"name":"hexo","hostname":"xiaoningning-pcdeMacBook-Pro.local","pid":1951,"level":20,"msg":"Unchanged: \u001b[35mthemes/next/source/images/cc-by-nd.svg\u001b[39m","time":"2015-11-25T01:34:34.626Z","v":0}
{"name":"hexo","hostname":"xiaoningning-pcdeMacBook-Pro.local","pid":1951,"level":20,"msg":"Unchanged: \u001b[35mthemes/next/source/images/cc-by-sa.svg\u001b[39m","time":"2015-11-25T01:34:34.627Z","v":0}
{"name":"hexo","hostname":"xiaoningning-pcdeMacBook-Pro.local","pid":1951,"level":20,"msg":"Unchanged: \u001b[35mthemes/next/source/images/cc-by.svg\u001b[39m","time":"2015-11-25T01:34:34.627Z","v":0}
{"name":"hexo","hostname":"xiaoningning-pcdeMacBook-Pro.local","pid":1951,"level":20,"msg":"Unchanged: \u001b[35mthemes/next/source/images/cc-zero.svg\u001b[39m","time":"2015-11-25T01:34:34.627Z","v":0}
{"name":"hexo","hostname":"xiaoningning-pcdeMacBook-Pro.local","pid":1951,"level":20,"msg":"Unchanged: \u001b[35mthemes/next/source/images/loading.gif\u001b[39m","time":"2015-11-25T01:34:34.627Z","v":0}
{"name":"hexo","hostname":"xiaoningning-pcdeMacBook-Pro.local","pid":1951,"level":20,"msg":"Unchanged: \u001b[35mthemes/next/source/images/placeholder.gif\u001b[39m","time":"2015-11-25T01:34:34.627Z","v":0}
{"name":"hexo","hostname":"xiaoningning-pcdeMacBook-Pro.local","pid":1951,"level":20,"msg":"Unchanged: \u001b[35mthemes/next/source/images/quote-l.svg\u001b[39m","time":"2015-11-25T01:34:34.627Z","v":0}
{"name":"hexo","hostname":"xiaoningning-pcdeMacBook-Pro.local","pid":1951,"level":20,"msg":"Unchanged: \u001b[35mthemes/next/source/images/quote-r.svg\u001b[39m","time":"2015-11-25T01:34:34.627Z","v":0}
{"name":"hexo","hostname":"xiaoningning-pcdeMacBook-Pro.local","pid":1951,"level":20,"msg":"Unchanged: \u001b[35mthemes/next/source/images/searchicon.png\u001b[39m","time":"2015-11-25T01:34:34.627Z","v":0}
{"name":"hexo","hostname":"xiaoningning-pcdeMacBook-Pro.local","pid":1951,"level":20,"msg":"Unchanged: \u001b[35mthemes/next/source/js/bootstrap.js\u001b[39m","time":"2015-11-25T01:34:34.628Z","v":0}
{"name":"hexo","hostname":"xiaoningning-pcdeMacBook-Pro.local","pid":1951,"level":20,"msg":"Unchanged: \u001b[35mthemes/next/source/js/bootstrap.scrollspy.js\u001b[39m","time":"2015-11-25T01:34:34.628Z","v":0}
{"name":"hexo","hostname":"xiaoningning-pcdeMacBook-Pro.local","pid":1951,"level":20,"msg":"Unchanged: \u001b[35mthemes/next/source/js/fancy-box.js\u001b[39m","time":"2015-11-25T01:34:34.628Z","v":0}
{"name":"hexo","hostname":"xiaoningning-pcdeMacBook-Pro.local","pid":1951,"level":20,"msg":"Unchanged: \u001b[35mthemes/next/source/js/helpers.js\u001b[39m","time":"2015-11-25T01:34:34.628Z","v":0}
{"name":"hexo","hostname":"xiaoningning-pcdeMacBook-Pro.local","pid":1951,"level":20,"msg":"Unchanged: \u001b[35mthemes/next/source/js/hook-duoshuo.js\u001b[39m","time":"2015-11-25T01:34:34.628Z","v":0}
{"name":"hexo","hostname":"xiaoningning-pcdeMacBook-Pro.local","pid":1951,"level":20,"msg":"Unchanged: \u001b[35mthemes/next/source/js/motion.js\u001b[39m","time":"2015-11-25T01:34:34.628Z","v":0}
{"name":"hexo","hostname":"xiaoningning-pcdeMacBook-Pro.local","pid":1951,"level":20,"msg":"Unchanged: \u001b[35mthemes/next/source/js/ua-parser.min.js\u001b[39m","time":"2015-11-25T01:34:34.628Z","v":0}
{"name":"hexo","hostname":"xiaoningning-pcdeMacBook-Pro.local","pid":1951,"level":20,"msg":"Unchanged: \u001b[35mthemes/next/source/vendors/fancybox/source/blank.gif\u001b[39m","time":"2015-11-25T01:34:34.628Z","v":0}
{"name":"hexo","hostname":"xiaoningning-pcdeMacBook-Pro.local","pid":1951,"level":20,"msg":"Unchanged: \u001b[35mthemes/next/source/vendors/fancybox/source/fancybox_loading.gif\u001b[39m","time":"2015-11-25T01:34:34.628Z","v":0}
{"name":"hexo","hostname":"xiaoningning-pcdeMacBook-Pro.local","pid":1951,"level":20,"msg":"Unchanged: \u001b[35mthemes/next/source/vendors/fancybox/source/fancybox_loading@2x.gif\u001b[39m","time":"2015-11-25T01:34:34.629Z","v":0}
{"name":"hexo","hostname":"xiaoningning-pcdeMacBook-Pro.local","pid":1951,"level":20,"msg":"Unchanged: \u001b[35mthemes/next/source/vendors/fancybox/source/fancybox_overlay.png\u001b[39m","time":"2015-11-25T01:34:34.629Z","v":0}
{"name":"hexo","hostname":"xiaoningning-pcdeMacBook-Pro.local","pid":1951,"level":20,"msg":"Unchanged: \u001b[35mthemes/next/source/vendors/fancybox/source/fancybox_sprite.png\u001b[39m","time":"2015-11-25T01:34:34.629Z","v":0}
{"name":"hexo","hostname":"xiaoningning-pcdeMacBook-Pro.local","pid":1951,"level":20,"msg":"Unchanged: \u001b[35mthemes/next/source/vendors/fancybox/source/fancybox_sprite@2x.png\u001b[39m","time":"2015-11-25T01:34:34.629Z","v":0}
{"name":"hexo","hostname":"xiaoningning-pcdeMacBook-Pro.local","pid":1951,"level":20,"msg":"Unchanged: \u001b[35mthemes/next/source/vendors/fancybox/source/helpers/fancybox_buttons.png\u001b[39m","time":"2015-11-25T01:34:34.629Z","v":0}
{"name":"hexo","hostname":"xiaoningning-pcdeMacBook-Pro.local","pid":1951,"level":20,"msg":"Unchanged: \u001b[35mthemes/next/source/vendors/fancybox/source/helpers/jquery.fancybox-buttons.css\u001b[39m","time":"2015-11-25T01:34:34.629Z","v":0}
{"name":"hexo","hostname":"xiaoningning-pcdeMacBook-Pro.local","pid":1951,"level":20,"msg":"Unchanged: \u001b[35mthemes/next/source/vendors/fancybox/source/helpers/jquery.fancybox-buttons.js\u001b[39m","time":"2015-11-25T01:34:34.629Z","v":0}
{"name":"hexo","hostname":"xiaoningning-pcdeMacBook-Pro.local","pid":1951,"level":20,"msg":"Unchanged: \u001b[35mthemes/next/source/vendors/fancybox/source/helpers/jquery.fancybox-media.js\u001b[39m","time":"2015-11-25T01:34:34.630Z","v":0}
{"name":"hexo","hostname":"xiaoningning-pcdeMacBook-Pro.local","pid":1951,"level":20,"msg":"Unchanged: \u001b[35mthemes/next/source/vendors/fancybox/source/helpers/jquery.fancybox-thumbs.css\u001b[39m","time":"2015-11-25T01:34:34.630Z","v":0}
{"name":"hexo","hostname":"xiaoningning-pcdeMacBook-Pro.local","pid":1951,"level":20,"msg":"Unchanged: \u001b[35mthemes/next/source/vendors/fancybox/source/helpers/jquery.fancybox-thumbs.js\u001b[39m","time":"2015-11-25T01:34:34.630Z","v":0}
{"name":"hexo","hostname":"xiaoningning-pcdeMacBook-Pro.local","pid":1951,"level":20,"msg":"Unchanged: \u001b[35mthemes/next/source/vendors/fancybox/source/jquery.fancybox.css\u001b[39m","time":"2015-11-25T01:34:34.630Z","v":0}
{"name":"hexo","hostname":"xiaoningning-pcdeMacBook-Pro.local","pid":1951,"level":20,"msg":"Unchanged: \u001b[35mthemes/next/source/vendors/fastclick/README.md\u001b[39m","time":"2015-11-25T01:34:34.630Z","v":0}
{"name":"hexo","hostname":"xiaoningning-pcdeMacBook-Pro.local","pid":1951,"level":20,"msg":"Unchanged: \u001b[35mthemes/next/source/vendors/fancybox/source/jquery.fancybox.pack.js\u001b[39m","time":"2015-11-25T01:34:34.630Z","v":0}
{"name":"hexo","hostname":"xiaoningning-pcdeMacBook-Pro.local","pid":1951,"level":20,"msg":"Unchanged: \u001b[35mthemes/next/source/vendors/fancybox/source/jquery.fancybox.js\u001b[39m","time":"2015-11-25T01:34:34.630Z","v":0}
{"name":"hexo","hostname":"xiaoningning-pcdeMacBook-Pro.local","pid":1951,"level":20,"msg":"Unchanged: \u001b[35mthemes/next/source/vendors/fastclick/LICENSE\u001b[39m","time":"2015-11-25T01:34:34.630Z","v":0}
{"name":"hexo","hostname":"xiaoningning-pcdeMacBook-Pro.local","pid":1951,"level":20,"msg":"Unchanged: \u001b[35mthemes/next/source/vendors/fastclick/bower.json\u001b[39m","time":"2015-11-25T01:34:34.630Z","v":0}
{"name":"hexo","hostname":"xiaoningning-pcdeMacBook-Pro.local","pid":1951,"level":20,"msg":"Unchanged: \u001b[35mthemes/next/source/vendors/fastclick/lib/fastclick.js\u001b[39m","time":"2015-11-25T01:34:34.631Z","v":0}
{"name":"hexo","hostname":"xiaoningning-pcdeMacBook-Pro.local","pid":1951,"level":20,"msg":"Unchanged: \u001b[35mthemes/next/source/vendors/font-awesome/HELP-US-OUT.txt\u001b[39m","time":"2015-11-25T01:34:34.631Z","v":0}
{"name":"hexo","hostname":"xiaoningning-pcdeMacBook-Pro.local","pid":1951,"level":20,"msg":"Unchanged: \u001b[35mthemes/next/source/vendors/fastclick/lib/fastclick.min.js\u001b[39m","time":"2015-11-25T01:34:34.631Z","v":0}
{"name":"hexo","hostname":"xiaoningning-pcdeMacBook-Pro.local","pid":1951,"level":20,"msg":"Unchanged: \u001b[35mthemes/next/source/vendors/font-awesome/bower.json\u001b[39m","time":"2015-11-25T01:34:34.631Z","v":0}
{"name":"hexo","hostname":"xiaoningning-pcdeMacBook-Pro.local","pid":1951,"level":20,"msg":"Unchanged: \u001b[35mthemes/next/source/vendors/font-awesome/css/font-awesome.css\u001b[39m","time":"2015-11-25T01:34:34.631Z","v":0}
{"name":"hexo","hostname":"xiaoningning-pcdeMacBook-Pro.local","pid":1951,"level":20,"msg":"Unchanged: \u001b[35mthemes/next/source/vendors/font-awesome/css/font-awesome.css.map\u001b[39m","time":"2015-11-25T01:34:34.631Z","v":0}
{"name":"hexo","hostname":"xiaoningning-pcdeMacBook-Pro.local","pid":1951,"level":20,"msg":"Unchanged: \u001b[35mthemes/next/source/vendors/font-awesome/css/font-awesome.min.css\u001b[39m","time":"2015-11-25T01:34:34.631Z","v":0}
{"name":"hexo","hostname":"xiaoningning-pcdeMacBook-Pro.local","pid":1951,"level":20,"msg":"Unchanged: \u001b[35mthemes/next/source/vendors/jquery_lazyload/CONTRIBUTING.md\u001b[39m","time":"2015-11-25T01:34:34.631Z","v":0}
{"name":"hexo","hostname":"xiaoningning-pcdeMacBook-Pro.local","pid":1951,"level":20,"msg":"Unchanged: \u001b[35mthemes/next/source/vendors/jquery_lazyload/README.md\u001b[39m","time":"2015-11-25T01:34:34.631Z","v":0}
{"name":"hexo","hostname":"xiaoningning-pcdeMacBook-Pro.local","pid":1951,"level":20,"msg":"Unchanged: \u001b[35mthemes/next/source/vendors/font-awesome/fonts/fontawesome-webfont.woff2\u001b[39m","time":"2015-11-25T01:34:34.632Z","v":0}
{"name":"hexo","hostname":"xiaoningning-pcdeMacBook-Pro.local","pid":1951,"level":20,"msg":"Unchanged: \u001b[35mthemes/next/source/vendors/jquery_lazyload/bower.json\u001b[39m","time":"2015-11-25T01:34:34.632Z","v":0}
{"name":"hexo","hostname":"xiaoningning-pcdeMacBook-Pro.local","pid":1951,"level":20,"msg":"Unchanged: \u001b[35mthemes/next/source/vendors/jquery_lazyload/jquery.lazyload.js\u001b[39m","time":"2015-11-25T01:34:34.632Z","v":0}
{"name":"hexo","hostname":"xiaoningning-pcdeMacBook-Pro.local","pid":1951,"level":20,"msg":"Unchanged: \u001b[35mthemes/next/source/vendors/jquery_lazyload/jquery.scrollstop.js\u001b[39m","time":"2015-11-25T01:34:34.632Z","v":0}
{"name":"hexo","hostname":"xiaoningning-pcdeMacBook-Pro.local","pid":1951,"level":20,"msg":"Unchanged: \u001b[35mthemes/next/source/vendors/velocity/bower.json\u001b[39m","time":"2015-11-25T01:34:34.632Z","v":0}
{"name":"hexo","hostname":"xiaoningning-pcdeMacBook-Pro.local","pid":1951,"level":20,"msg":"Unchanged: \u001b[35mthemes/next/source/vendors/velocity/velocity.min.js\u001b[39m","time":"2015-11-25T01:34:34.632Z","v":0}
{"name":"hexo","hostname":"xiaoningning-pcdeMacBook-Pro.local","pid":1951,"level":20,"msg":"Unchanged: \u001b[35mthemes/next/source/vendors/velocity/velocity.ui.js\u001b[39m","time":"2015-11-25T01:34:34.633Z","v":0}
{"name":"hexo","hostname":"xiaoningning-pcdeMacBook-Pro.local","pid":1951,"level":20,"msg":"Unchanged: \u001b[35mthemes/next/source/vendors/velocity/velocity.ui.min.js\u001b[39m","time":"2015-11-25T01:34:34.633Z","v":0}
{"name":"hexo","hostname":"xiaoningning-pcdeMacBook-Pro.local","pid":1951,"level":20,"msg":"Unchanged: \u001b[35mthemes/next/test/helpers.js\u001b[39m","time":"2015-11-25T01:34:34.633Z","v":0}
{"name":"hexo","hostname":"xiaoningning-pcdeMacBook-Pro.local","pid":1951,"level":20,"msg":"Unchanged: \u001b[35mthemes/next/test/intern.js\u001b[39m","time":"2015-11-25T01:34:34.633Z","v":0}
{"name":"hexo","hostname":"xiaoningning-pcdeMacBook-Pro.local","pid":1951,"level":20,"msg":"Processed: \u001b[35m404.html\u001b[39m","time":"2015-11-25T01:34:34.635Z","v":0}
{"name":"hexo","hostname":"xiaoningning-pcdeMacBook-Pro.local","pid":1951,"level":20,"msg":"Processed: \u001b[35mtags/debug.log\u001b[39m","time":"2015-11-25T01:34:34.636Z","v":0}
{"name":"hexo","hostname":"xiaoningning-pcdeMacBook-Pro.local","pid":1951,"level":20,"msg":"Processed: \u001b[35mimages/avator.jpg\u001b[39m","time":"2015-11-25T01:34:34.637Z","v":0}
{"name":"hexo","hostname":"xiaoningning-pcdeMacBook-Pro.local","pid":1951,"level":20,"msg":"Processed: \u001b[35mtags/index.md\u001b[39m","time":"2015-11-25T01:34:34.638Z","v":0}
{"name":"hexo","hostname":"xiaoningning-pcdeMacBook-Pro.local","pid":1951,"level":20,"msg":"Processed: \u001b[35mfonts/icon-foo/icomoon.woff\u001b[39m","time":"2015-11-25T01:34:34.638Z","v":0}
{"name":"hexo","hostname":"xiaoningning-pcdeMacBook-Pro.local","pid":1951,"level":20,"msg":"Processed: \u001b[35mfonts/icon-foo/icomoon.ttf\u001b[39m","time":"2015-11-25T01:34:34.638Z","v":0}
{"name":"hexo","hostname":"xiaoningning-pcdeMacBook-Pro.local","pid":1951,"level":20,"msg":"Processed: \u001b[35mfonts/icon-foo/icomoon.svg\u001b[39m","time":"2015-11-25T01:34:34.639Z","v":0}
{"name":"hexo","hostname":"xiaoningning-pcdeMacBook-Pro.local","pid":1951,"level":20,"msg":"Processed: \u001b[35mfonts/icon-foo/icomoon.eot\u001b[39m","time":"2015-11-25T01:34:34.639Z","v":0}
{"name":"hexo","hostname":"xiaoningning-pcdeMacBook-Pro.local","pid":1951,"level":20,"msg":"Processed: \u001b[35mcategories/index.md\u001b[39m","time":"2015-11-25T01:34:34.640Z","v":0}
{"name":"hexo","hostname":"xiaoningning-pcdeMacBook-Pro.local","pid":1951,"level":20,"msg":"Processed: \u001b[35mabout/index.md\u001b[39m","time":"2015-11-25T01:34:34.640Z","v":0}
{"name":"hexo","hostname":"xiaoningning-pcdeMacBook-Pro.local","pid":1951,"level":20,"msg":"Processed: \u001b[35mabout/index-1.md\u001b[39m","time":"2015-11-25T01:34:34.640Z","v":0}
{"name":"hexo","hostname":"xiaoningning-pcdeMacBook-Pro.local","pid":1951,"level":20,"msg":"Processed: \u001b[35mabout/debug.log\u001b[39m","time":"2015-11-25T01:34:34.641Z","v":0}
{"name":"hexo","hostname":"xiaoningning-pcdeMacBook-Pro.local","pid":1951,"level":20,"msg":"Processed: \u001b[35m_posts/hello-world.md\u001b[39m","time":"2015-11-25T01:34:34.642Z","v":0}
{"name":"hexo","hostname":"xiaoningning-pcdeMacBook-Pro.local","pid":1951,"level":20,"msg":"Processed: \u001b[35mCNAME\u001b[39m","time":"2015-11-25T01:34:34.642Z","v":0}
{"name":"hexo","hostname":"xiaoningning-pcdeMacBook-Pro.local","pid":1951,"level":20,"msg":"Processed: \u001b[35mdebug.log\u001b[39m","time":"2015-11-25T01:34:34.642Z","v":0}
{"name":"hexo","hostname":"xiaoningning-pcdeMacBook-Pro.local","pid":1951,"level":20,"msg":"Unchanged: \u001b[35mthemes/next/source/vendors/font-awesome/fonts/FontAwesome.otf\u001b[39m","time":"2015-11-25T01:34:34.646Z","v":0}
{"name":"hexo","hostname":"xiaoningning-pcdeMacBook-Pro.local","pid":1951,"level":20,"msg":"Unchanged: \u001b[35mthemes/next/source/vendors/font-awesome/fonts/fontawesome-webfont.woff\u001b[39m","time":"2015-11-25T01:34:34.646Z","v":0}
{"name":"hexo","hostname":"xiaoningning-pcdeMacBook-Pro.local","pid":1951,"level":20,"msg":"Unchanged: \u001b[35mthemes/next/source/vendors/font-awesome/fonts/fontawesome-webfont.eot\u001b[39m","time":"2015-11-25T01:34:34.646Z","v":0}
{"name":"hexo","hostname":"xiaoningning-pcdeMacBook-Pro.local","pid":1951,"level":20,"msg":"Unchanged: \u001b[35mthemes/next/source/vendors/jquery/index.js\u001b[39m","time":"2015-11-25T01:34:34.646Z","v":0}
{"name":"hexo","hostname":"xiaoningning-pcdeMacBook-Pro.local","pid":1951,"level":20,"msg":"Unchanged: \u001b[35mthemes/next/source/vendors/font-awesome/fonts/fontawesome-webfont.ttf\u001b[39m","time":"2015-11-25T01:34:34.660Z","v":0}
{"name":"hexo","hostname":"xiaoningning-pcdeMacBook-Pro.local","pid":1951,"level":20,"msg":"Unchanged: \u001b[35mthemes/next/source/vendors/velocity/velocity.js\u001b[39m","time":"2015-11-25T01:34:34.661Z","v":0}
{"name":"hexo","hostname":"xiaoningning-pcdeMacBook-Pro.local","pid":1951,"level":20,"msg":"Unchanged: \u001b[35mthemes/next/source/vendors/font-awesome/fonts/fontawesome-webfont.svg\u001b[39m","time":"2015-11-25T01:34:34.661Z","v":0}
{"name":"hexo","hostname":"xiaoningning-pcdeMacBook-Pro.local","pid":1951,"level":20,"msg":"Processed: \u001b[35msource/vendors/font-awesome/fonts/fontawesome-webfont.svg\u001b[39m","time":"2015-11-25T01:34:34.664Z","v":0}
{"name":"hexo","hostname":"xiaoningning-pcdeMacBook-Pro.local","pid":1951,"level":20,"msg":"Processed: \u001b[35msource/vendors/velocity/velocity.js\u001b[39m","time":"2015-11-25T01:34:34.664Z","v":0}
{"name":"hexo","hostname":"xiaoningning-pcdeMacBook-Pro.local","pid":1951,"level":20,"msg":"Processed: \u001b[35msource/vendors/font-awesome/fonts/fontawesome-webfont.ttf\u001b[39m","time":"2015-11-25T01:34:34.664Z","v":0}
{"name":"hexo","hostname":"xiaoningning-pcdeMacBook-Pro.local","pid":1951,"level":20,"msg":"Processed: \u001b[35msource/vendors/jquery/index.js\u001b[39m","time":"2015-11-25T01:34:34.664Z","v":0}
{"name":"hexo","hostname":"xiaoningning-pcdeMacBook-Pro.local","pid":1951,"level":20,"msg":"Processed: \u001b[35msource/vendors/font-awesome/fonts/fontawesome-webfont.woff\u001b[39m","time":"2015-11-25T01:34:34.665Z","v":0}
{"name":"hexo","hostname":"xiaoningning-pcdeMacBook-Pro.local","pid":1951,"level":20,"msg":"Processed: \u001b[35msource/vendors/font-awesome/fonts/fontawesome-webfont.eot\u001b[39m","time":"2015-11-25T01:34:34.665Z","v":0}
{"name":"hexo","hostname":"xiaoningning-pcdeMacBook-Pro.local","pid":1951,"level":20,"msg":"Processed: \u001b[35msource/vendors/font-awesome/fonts/FontAwesome.otf\u001b[39m","time":"2015-11-25T01:34:34.665Z","v":0}
{"name":"hexo","hostname":"xiaoningning-pcdeMacBook-Pro.local","pid":1951,"level":20,"msg":"Processed: \u001b[35msource/vendors/velocity/velocity.ui.min.js\u001b[39m","time":"2015-11-25T01:34:34.666Z","v":0}
{"name":"hexo","hostname":"xiaoningning-pcdeMacBook-Pro.local","pid":1951,"level":20,"msg":"Processed: \u001b[35msource/vendors/velocity/velocity.ui.js\u001b[39m","time":"2015-11-25T01:34:34.677Z","v":0}
{"name":"hexo","hostname":"xiaoningning-pcdeMacBook-Pro.local","pid":1951,"level":20,"msg":"Processed: \u001b[35msource/vendors/velocity/velocity.min.js\u001b[39m","time":"2015-11-25T01:34:34.677Z","v":0}
{"name":"hexo","hostname":"xiaoningning-pcdeMacBook-Pro.local","pid":1951,"level":20,"msg":"Processed: \u001b[35msource/vendors/velocity/bower.json\u001b[39m","time":"2015-11-25T01:34:34.678Z","v":0}
{"name":"hexo","hostname":"xiaoningning-pcdeMacBook-Pro.local","pid":1951,"level":20,"msg":"Processed: \u001b[35msource/vendors/jquery_lazyload/jquery.scrollstop.js\u001b[39m","time":"2015-11-25T01:34:34.678Z","v":0}
{"name":"hexo","hostname":"xiaoningning-pcdeMacBook-Pro.local","pid":1951,"level":20,"msg":"Processed: \u001b[35msource/vendors/jquery_lazyload/jquery.lazyload.js\u001b[39m","time":"2015-11-25T01:34:34.678Z","v":0}
{"name":"hexo","hostname":"xiaoningning-pcdeMacBook-Pro.local","pid":1951,"level":20,"msg":"Processed: \u001b[35msource/vendors/jquery_lazyload/bower.json\u001b[39m","time":"2015-11-25T01:34:34.678Z","v":0}
{"name":"hexo","hostname":"xiaoningning-pcdeMacBook-Pro.local","pid":1951,"level":20,"msg":"Processed: \u001b[35msource/vendors/font-awesome/fonts/fontawesome-webfont.woff2\u001b[39m","time":"2015-11-25T01:34:34.679Z","v":0}
{"name":"hexo","hostname":"xiaoningning-pcdeMacBook-Pro.local","pid":1951,"level":20,"msg":"Processed: \u001b[35msource/vendors/jquery_lazyload/README.md\u001b[39m","time":"2015-11-25T01:34:34.679Z","v":0}
{"name":"hexo","hostname":"xiaoningning-pcdeMacBook-Pro.local","pid":1951,"level":20,"msg":"Processed: \u001b[35msource/vendors/jquery_lazyload/CONTRIBUTING.md\u001b[39m","time":"2015-11-25T01:34:34.680Z","v":0}
{"name":"hexo","hostname":"xiaoningning-pcdeMacBook-Pro.local","pid":1951,"level":20,"msg":"Processed: \u001b[35msource/vendors/font-awesome/css/font-awesome.min.css\u001b[39m","time":"2015-11-25T01:34:34.682Z","v":0}
{"name":"hexo","hostname":"xiaoningning-pcdeMacBook-Pro.local","pid":1951,"level":20,"msg":"Processed: \u001b[35msource/vendors/font-awesome/css/font-awesome.css.map\u001b[39m","time":"2015-11-25T01:34:34.685Z","v":0}
{"name":"hexo","hostname":"xiaoningning-pcdeMacBook-Pro.local","pid":1951,"level":20,"msg":"Processed: \u001b[35msource/vendors/font-awesome/css/font-awesome.css\u001b[39m","time":"2015-11-25T01:34:34.686Z","v":0}
{"name":"hexo","hostname":"xiaoningning-pcdeMacBook-Pro.local","pid":1951,"level":20,"msg":"Processed: \u001b[35msource/vendors/font-awesome/bower.json\u001b[39m","time":"2015-11-25T01:34:34.687Z","v":0}
{"name":"hexo","hostname":"xiaoningning-pcdeMacBook-Pro.local","pid":1951,"level":20,"msg":"Processed: \u001b[35msource/vendors/fastclick/lib/fastclick.min.js\u001b[39m","time":"2015-11-25T01:34:34.688Z","v":0}
{"name":"hexo","hostname":"xiaoningning-pcdeMacBook-Pro.local","pid":1951,"level":20,"msg":"Processed: \u001b[35msource/vendors/font-awesome/HELP-US-OUT.txt\u001b[39m","time":"2015-11-25T01:34:34.688Z","v":0}
{"name":"hexo","hostname":"xiaoningning-pcdeMacBook-Pro.local","pid":1951,"level":20,"msg":"Processed: \u001b[35msource/vendors/fastclick/lib/fastclick.js\u001b[39m","time":"2015-11-25T01:34:34.689Z","v":0}
{"name":"hexo","hostname":"xiaoningning-pcdeMacBook-Pro.local","pid":1951,"level":20,"msg":"Processed: \u001b[35msource/vendors/fastclick/bower.json\u001b[39m","time":"2015-11-25T01:34:34.689Z","v":0}
{"name":"hexo","hostname":"xiaoningning-pcdeMacBook-Pro.local","pid":1951,"level":20,"msg":"Processed: \u001b[35msource/vendors/fastclick/README.md\u001b[39m","time":"2015-11-25T01:34:34.690Z","v":0}
{"name":"hexo","hostname":"xiaoningning-pcdeMacBook-Pro.local","pid":1951,"level":20,"msg":"Processed: \u001b[35msource/vendors/fastclick/LICENSE\u001b[39m","time":"2015-11-25T01:34:34.690Z","v":0}
{"name":"hexo","hostname":"xiaoningning-pcdeMacBook-Pro.local","pid":1951,"level":20,"msg":"Processed: \u001b[35msource/vendors/fancybox/source/jquery.fancybox.pack.js\u001b[39m","time":"2015-11-25T01:34:34.691Z","v":0}
{"name":"hexo","hostname":"xiaoningning-pcdeMacBook-Pro.local","pid":1951,"level":20,"msg":"Processed: \u001b[35msource/vendors/fancybox/source/jquery.fancybox.js\u001b[39m","time":"2015-11-25T01:34:34.692Z","v":0}
{"name":"hexo","hostname":"xiaoningning-pcdeMacBook-Pro.local","pid":1951,"level":20,"msg":"Processed: \u001b[35msource/vendors/fancybox/source/jquery.fancybox.css\u001b[39m","time":"2015-11-25T01:34:34.693Z","v":0}
{"name":"hexo","hostname":"xiaoningning-pcdeMacBook-Pro.local","pid":1951,"level":20,"msg":"Processed: \u001b[35msource/vendors/fancybox/source/helpers/jquery.fancybox-thumbs.js\u001b[39m","time":"2015-11-25T01:34:34.693Z","v":0}
{"name":"hexo","hostname":"xiaoningning-pcdeMacBook-Pro.local","pid":1951,"level":20,"msg":"Processed: \u001b[35msource/vendors/fancybox/source/helpers/jquery.fancybox-thumbs.css\u001b[39m","time":"2015-11-25T01:34:34.694Z","v":0}
{"name":"hexo","hostname":"xiaoningning-pcdeMacBook-Pro.local","pid":1951,"level":20,"msg":"Processed: \u001b[35msource/vendors/fancybox/source/helpers/jquery.fancybox-media.js\u001b[39m","time":"2015-11-25T01:34:34.694Z","v":0}
{"name":"hexo","hostname":"xiaoningning-pcdeMacBook-Pro.local","pid":1951,"level":20,"msg":"Processed: \u001b[35msource/vendors/fancybox/source/helpers/jquery.fancybox-buttons.js\u001b[39m","time":"2015-11-25T01:34:34.695Z","v":0}
{"name":"hexo","hostname":"xiaoningning-pcdeMacBook-Pro.local","pid":1951,"level":20,"msg":"Processed: \u001b[35msource/vendors/fancybox/source/helpers/jquery.fancybox-buttons.css\u001b[39m","time":"2015-11-25T01:34:34.695Z","v":0}
{"name":"hexo","hostname":"xiaoningning-pcdeMacBook-Pro.local","pid":1951,"level":20,"msg":"Processed: \u001b[35msource/vendors/fancybox/source/helpers/fancybox_buttons.png\u001b[39m","time":"2015-11-25T01:34:34.696Z","v":0}
{"name":"hexo","hostname":"xiaoningning-pcdeMacBook-Pro.local","pid":1951,"level":20,"msg":"Processed: \u001b[35msource/vendors/fancybox/source/fancybox_sprite@2x.png\u001b[39m","time":"2015-11-25T01:34:34.696Z","v":0}
{"name":"hexo","hostname":"xiaoningning-pcdeMacBook-Pro.local","pid":1951,"level":20,"msg":"Processed: \u001b[35msource/vendors/fancybox/source/fancybox_sprite.png\u001b[39m","time":"2015-11-25T01:34:34.697Z","v":0}
{"name":"hexo","hostname":"xiaoningning-pcdeMacBook-Pro.local","pid":1951,"level":20,"msg":"Processed: \u001b[35msource/vendors/fancybox/source/fancybox_overlay.png\u001b[39m","time":"2015-11-25T01:34:34.697Z","v":0}
{"name":"hexo","hostname":"xiaoningning-pcdeMacBook-Pro.local","pid":1951,"level":20,"msg":"Processed: \u001b[35msource/vendors/fancybox/source/fancybox_loading@2x.gif\u001b[39m","time":"2015-11-25T01:34:34.698Z","v":0}
{"name":"hexo","hostname":"xiaoningning-pcdeMacBook-Pro.local","pid":1951,"level":20,"msg":"Processed: \u001b[35msource/vendors/fancybox/source/fancybox_loading.gif\u001b[39m","time":"2015-11-25T01:34:34.699Z","v":0}
{"name":"hexo","hostname":"xiaoningning-pcdeMacBook-Pro.local","pid":1951,"level":20,"msg":"Processed: \u001b[35msource/vendors/fancybox/source/blank.gif\u001b[39m","time":"2015-11-25T01:34:34.699Z","v":0}
{"name":"hexo","hostname":"xiaoningning-pcdeMacBook-Pro.local","pid":1951,"level":20,"msg":"Processed: \u001b[35msource/js/ua-parser.min.js\u001b[39m","time":"2015-11-25T01:34:34.700Z","v":0}
{"name":"hexo","hostname":"xiaoningning-pcdeMacBook-Pro.local","pid":1951,"level":20,"msg":"Processed: \u001b[35msource/js/motion.js\u001b[39m","time":"2015-11-25T01:34:34.700Z","v":0}
{"name":"hexo","hostname":"xiaoningning-pcdeMacBook-Pro.local","pid":1951,"level":20,"msg":"Processed: \u001b[35msource/js/hook-duoshuo.js\u001b[39m","time":"2015-11-25T01:34:34.700Z","v":0}
{"name":"hexo","hostname":"xiaoningning-pcdeMacBook-Pro.local","pid":1951,"level":20,"msg":"Processed: \u001b[35msource/js/helpers.js\u001b[39m","time":"2015-11-25T01:34:34.701Z","v":0}
{"name":"hexo","hostname":"xiaoningning-pcdeMacBook-Pro.local","pid":1951,"level":20,"msg":"Processed: \u001b[35msource/js/fancy-box.js\u001b[39m","time":"2015-11-25T01:34:34.701Z","v":0}
{"name":"hexo","hostname":"xiaoningning-pcdeMacBook-Pro.local","pid":1951,"level":20,"msg":"Processed: \u001b[35msource/js/bootstrap.scrollspy.js\u001b[39m","time":"2015-11-25T01:34:34.701Z","v":0}
{"name":"hexo","hostname":"xiaoningning-pcdeMacBook-Pro.local","pid":1951,"level":20,"msg":"Processed: \u001b[35msource/js/bootstrap.js\u001b[39m","time":"2015-11-25T01:34:34.702Z","v":0}
{"name":"hexo","hostname":"xiaoningning-pcdeMacBook-Pro.local","pid":1951,"level":20,"msg":"Processed: \u001b[35msource/images/searchicon.png\u001b[39m","time":"2015-11-25T01:34:34.703Z","v":0}
{"name":"hexo","hostname":"xiaoningning-pcdeMacBook-Pro.local","pid":1951,"level":20,"msg":"Processed: \u001b[35msource/images/quote-r.svg\u001b[39m","time":"2015-11-25T01:34:34.704Z","v":0}
{"name":"hexo","hostname":"xiaoningning-pcdeMacBook-Pro.local","pid":1951,"level":20,"msg":"Processed: \u001b[35msource/images/quote-l.svg\u001b[39m","time":"2015-11-25T01:34:34.704Z","v":0}
{"name":"hexo","hostname":"xiaoningning-pcdeMacBook-Pro.local","pid":1951,"level":20,"msg":"Processed: \u001b[35msource/images/placeholder.gif\u001b[39m","time":"2015-11-25T01:34:34.706Z","v":0}
{"name":"hexo","hostname":"xiaoningning-pcdeMacBook-Pro.local","pid":1951,"level":20,"msg":"Processed: \u001b[35msource/images/loading.gif\u001b[39m","time":"2015-11-25T01:34:34.706Z","v":0}
{"name":"hexo","hostname":"xiaoningning-pcdeMacBook-Pro.local","pid":1951,"level":20,"msg":"Processed: \u001b[35msource/images/cc-zero.svg\u001b[39m","time":"2015-11-25T01:34:34.707Z","v":0}
{"name":"hexo","hostname":"xiaoningning-pcdeMacBook-Pro.local","pid":1951,"level":20,"msg":"Processed: \u001b[35msource/images/cc-by.svg\u001b[39m","time":"2015-11-25T01:34:34.707Z","v":0}
{"name":"hexo","hostname":"xiaoningning-pcdeMacBook-Pro.local","pid":1951,"level":20,"msg":"Processed: \u001b[35msource/images/cc-by-sa.svg\u001b[39m","time":"2015-11-25T01:34:34.708Z","v":0}
{"name":"hexo","hostname":"xiaoningning-pcdeMacBook-Pro.local","pid":1951,"level":20,"msg":"Processed: \u001b[35msource/images/cc-by-nd.svg\u001b[39m","time":"2015-11-25T01:34:34.708Z","v":0}
{"name":"hexo","hostname":"xiaoningning-pcdeMacBook-Pro.local","pid":1951,"level":20,"msg":"Processed: \u001b[35msource/images/cc-by-nc.svg\u001b[39m","time":"2015-11-25T01:34:34.709Z","v":0}
{"name":"hexo","hostname":"xiaoningning-pcdeMacBook-Pro.local","pid":1951,"level":20,"msg":"Processed: \u001b[35msource/images/cc-by-nc-sa.svg\u001b[39m","time":"2015-11-25T01:34:34.709Z","v":0}
{"name":"hexo","hostname":"xiaoningning-pcdeMacBook-Pro.local","pid":1951,"level":20,"msg":"Processed: \u001b[35msource/images/cc-by-nc-nd.svg\u001b[39m","time":"2015-11-25T01:34:34.710Z","v":0}
{"name":"hexo","hostname":"xiaoningning-pcdeMacBook-Pro.local","pid":1951,"level":20,"msg":"Processed: \u001b[35msource/css/main.styl\u001b[39m","time":"2015-11-25T01:34:34.710Z","v":0}
{"name":"hexo","hostname":"xiaoningning-pcdeMacBook-Pro.local","pid":1951,"level":20,"msg":"Processed: \u001b[35mlayout/tag.swig\u001b[39m","time":"2015-11-25T01:34:34.715Z","v":0}
{"name":"hexo","hostname":"xiaoningning-pcdeMacBook-Pro.local","pid":1951,"level":20,"msg":"Processed: \u001b[35mlayout/post.swig\u001b[39m","time":"2015-11-25T01:34:34.718Z","v":0}
{"name":"hexo","hostname":"xiaoningning-pcdeMacBook-Pro.local","pid":1951,"level":20,"msg":"Processed: \u001b[35mlayout/page.swig\u001b[39m","time":"2015-11-25T01:34:34.719Z","v":0}
{"name":"hexo","hostname":"xiaoningning-pcdeMacBook-Pro.local","pid":1951,"level":20,"msg":"Processed: \u001b[35mlayout/index.swig\u001b[39m","time":"2015-11-25T01:34:34.721Z","v":0}
{"name":"hexo","hostname":"xiaoningning-pcdeMacBook-Pro.local","pid":1951,"level":20,"msg":"Processed: \u001b[35mlayout/category.swig\u001b[39m","time":"2015-11-25T01:34:34.722Z","v":0}
{"name":"hexo","hostname":"xiaoningning-pcdeMacBook-Pro.local","pid":1951,"level":20,"msg":"Processed: \u001b[35mlayout/archive.swig\u001b[39m","time":"2015-11-25T01:34:34.726Z","v":0}
{"name":"hexo","hostname":"xiaoningning-pcdeMacBook-Pro.local","pid":1951,"level":20,"msg":"Processed: \u001b[35mlayout/_scripts/tinysou.swig\u001b[39m","time":"2015-11-25T01:34:34.726Z","v":0}
{"name":"hexo","hostname":"xiaoningning-pcdeMacBook-Pro.local","pid":1951,"level":20,"msg":"Processed: \u001b[35mlayout/_scripts/pages/post-details.swig\u001b[39m","time":"2015-11-25T01:34:34.727Z","v":0}
{"name":"hexo","hostname":"xiaoningning-pcdeMacBook-Pro.local","pid":1951,"level":20,"msg":"Processed: \u001b[35mlayout/_scripts/motion.swig\u001b[39m","time":"2015-11-25T01:34:34.727Z","v":0}
{"name":"hexo","hostname":"xiaoningning-pcdeMacBook-Pro.local","pid":1951,"level":20,"msg":"Processed: \u001b[35mlayout/_scripts/mathjax.swig\u001b[39m","time":"2015-11-25T01:34:34.728Z","v":0}
{"name":"hexo","hostname":"xiaoningning-pcdeMacBook-Pro.local","pid":1951,"level":20,"msg":"Processed: \u001b[35mlayout/_scripts/helpers.swig\u001b[39m","time":"2015-11-25T01:34:34.728Z","v":0}
{"name":"hexo","hostname":"xiaoningning-pcdeMacBook-Pro.local","pid":1951,"level":20,"msg":"Processed: \u001b[35mlayout/_scripts/fancy-box.swig\u001b[39m","time":"2015-11-25T01:34:34.729Z","v":0}
{"name":"hexo","hostname":"xiaoningning-pcdeMacBook-Pro.local","pid":1951,"level":20,"msg":"Processed: \u001b[35mlayout/_scripts/comments/duoshuo.swig\u001b[39m","time":"2015-11-25T01:34:34.730Z","v":0}
{"name":"hexo","hostname":"xiaoningning-pcdeMacBook-Pro.local","pid":1951,"level":20,"msg":"Processed: \u001b[35mlayout/_scripts/comments/disqus.swig\u001b[39m","time":"2015-11-25T01:34:34.730Z","v":0}
{"name":"hexo","hostname":"xiaoningning-pcdeMacBook-Pro.local","pid":1951,"level":20,"msg":"Processed: \u001b[35mlayout/_scripts/bootstrap.scrollspy.swig\u001b[39m","time":"2015-11-25T01:34:34.731Z","v":0}
{"name":"hexo","hostname":"xiaoningning-pcdeMacBook-Pro.local","pid":1951,"level":20,"msg":"Processed: \u001b[35mlayout/_scripts/baidushare.swig\u001b[39m","time":"2015-11-25T01:34:34.731Z","v":0}
{"name":"hexo","hostname":"xiaoningning-pcdeMacBook-Pro.local","pid":1951,"level":20,"msg":"Processed: \u001b[35mlayout/_scripts/analytics/google-analytics.swig\u001b[39m","time":"2015-11-25T01:34:34.732Z","v":0}
{"name":"hexo","hostname":"xiaoningning-pcdeMacBook-Pro.local","pid":1951,"level":20,"msg":"Processed: \u001b[35mlayout/_scripts/analytics.swig\u001b[39m","time":"2015-11-25T01:34:34.732Z","v":0}
{"name":"hexo","hostname":"xiaoningning-pcdeMacBook-Pro.local","pid":1951,"level":20,"msg":"Processed: \u001b[35mlayout/_scripts/analytics/facebook-sdk.swig\u001b[39m","time":"2015-11-25T01:34:34.733Z","v":0}
{"name":"hexo","hostname":"xiaoningning-pcdeMacBook-Pro.local","pid":1951,"level":20,"msg":"Processed: \u001b[35mlayout/_scripts/analytics/baidu-analytics.swig\u001b[39m","time":"2015-11-25T01:34:34.734Z","v":0}
{"name":"hexo","hostname":"xiaoningning-pcdeMacBook-Pro.local","pid":1951,"level":20,"msg":"Processed: \u001b[35mlayout/_partials/share/jiathis.swig\u001b[39m","time":"2015-11-25T01:34:34.734Z","v":0}
{"name":"hexo","hostname":"xiaoningning-pcdeMacBook-Pro.local","pid":1951,"level":20,"msg":"Processed: \u001b[35mlayout/_partials/search.swig\u001b[39m","time":"2015-11-25T01:34:34.734Z","v":0}
{"name":"hexo","hostname":"xiaoningning-pcdeMacBook-Pro.local","pid":1951,"level":20,"msg":"Processed: \u001b[35mlayout/_partials/share/duoshuo_share.swig\u001b[39m","time":"2015-11-25T01:34:34.735Z","v":0}
{"name":"hexo","hostname":"xiaoningning-pcdeMacBook-Pro.local","pid":1951,"level":20,"msg":"Processed: \u001b[35mlayout/_partials/search/tinysou.swig\u001b[39m","time":"2015-11-25T01:34:34.736Z","v":0}
{"name":"hexo","hostname":"xiaoningning-pcdeMacBook-Pro.local","pid":1951,"level":20,"msg":"Processed: \u001b[35mlayout/_partials/search/swiftype.swig\u001b[39m","time":"2015-11-25T01:34:34.736Z","v":0}
{"name":"hexo","hostname":"xiaoningning-pcdeMacBook-Pro.local","pid":1951,"level":20,"msg":"Processed: \u001b[35mlayout/_partials/pagination.swig\u001b[39m","time":"2015-11-25T01:34:34.737Z","v":0}
{"name":"hexo","hostname":"xiaoningning-pcdeMacBook-Pro.local","pid":1951,"level":20,"msg":"Processed: \u001b[35mlayout/_partials/old-browsers.swig\u001b[39m","time":"2015-11-25T01:34:34.737Z","v":0}
{"name":"hexo","hostname":"xiaoningning-pcdeMacBook-Pro.local","pid":1951,"level":20,"msg":"Processed: \u001b[35mlayout/_partials/header.swig\u001b[39m","time":"2015-11-25T01:34:34.738Z","v":0}
{"name":"hexo","hostname":"xiaoningning-pcdeMacBook-Pro.local","pid":1951,"level":20,"msg":"Processed: \u001b[35mlayout/_partials/head.swig\u001b[39m","time":"2015-11-25T01:34:34.738Z","v":0}
{"name":"hexo","hostname":"xiaoningning-pcdeMacBook-Pro.local","pid":1951,"level":20,"msg":"Processed: \u001b[35mlayout/_partials/footer.swig\u001b[39m","time":"2015-11-25T01:34:34.739Z","v":0}
{"name":"hexo","hostname":"xiaoningning-pcdeMacBook-Pro.local","pid":1951,"level":20,"msg":"Processed: \u001b[35mlayout/_partials/duoshuo-hot-articles.swig\u001b[39m","time":"2015-11-25T01:34:34.739Z","v":0}
{"name":"hexo","hostname":"xiaoningning-pcdeMacBook-Pro.local","pid":1951,"level":20,"msg":"Processed: \u001b[35mlayout/_partials/comments.swig\u001b[39m","time":"2015-11-25T01:34:34.740Z","v":0}
{"name":"hexo","hostname":"xiaoningning-pcdeMacBook-Pro.local","pid":1951,"level":20,"msg":"Processed: \u001b[35mlayout/_macro/sidebar.swig\u001b[39m","time":"2015-11-25T01:34:34.740Z","v":0}
{"name":"hexo","hostname":"xiaoningning-pcdeMacBook-Pro.local","pid":1951,"level":20,"msg":"Processed: \u001b[35mlayout/_macro/post.swig\u001b[39m","time":"2015-11-25T01:34:34.741Z","v":0}
{"name":"hexo","hostname":"xiaoningning-pcdeMacBook-Pro.local","pid":1951,"level":20,"msg":"Processed: \u001b[35mlayout/_macro/post-collapse.swig\u001b[39m","time":"2015-11-25T01:34:34.741Z","v":0}
{"name":"hexo","hostname":"xiaoningning-pcdeMacBook-Pro.local","pid":1951,"level":20,"msg":"Processed: \u001b[35mlayout/_layout.swig\u001b[39m","time":"2015-11-25T01:34:34.741Z","v":0}
{"name":"hexo","hostname":"xiaoningning-pcdeMacBook-Pro.local","pid":1951,"level":20,"msg":"Processed: \u001b[35mlanguages/zh-tw.yml\u001b[39m","time":"2015-11-25T01:34:34.745Z","v":0}
{"name":"hexo","hostname":"xiaoningning-pcdeMacBook-Pro.local","pid":1951,"level":20,"msg":"Processed: \u001b[35mlanguages/zh-hk.yml\u001b[39m","time":"2015-11-25T01:34:34.746Z","v":0}
{"name":"hexo","hostname":"xiaoningning-pcdeMacBook-Pro.local","pid":1951,"level":20,"msg":"Processed: \u001b[35mlanguages/zh-Hans.yml\u001b[39m","time":"2015-11-25T01:34:34.747Z","v":0}
{"name":"hexo","hostname":"xiaoningning-pcdeMacBook-Pro.local","pid":1951,"level":20,"msg":"Processed: \u001b[35mlanguages/ru.yml\u001b[39m","time":"2015-11-25T01:34:34.749Z","v":0}
{"name":"hexo","hostname":"xiaoningning-pcdeMacBook-Pro.local","pid":1951,"level":20,"msg":"Processed: \u001b[35mlanguages/pt.yml\u001b[39m","time":"2015-11-25T01:34:34.750Z","v":0}
{"name":"hexo","hostname":"xiaoningning-pcdeMacBook-Pro.local","pid":1951,"level":20,"msg":"Processed: \u001b[35mlanguages/fr-FR.yml\u001b[39m","time":"2015-11-25T01:34:34.751Z","v":0}
{"name":"hexo","hostname":"xiaoningning-pcdeMacBook-Pro.local","pid":1951,"level":20,"msg":"Processed: \u001b[35mlanguages/en.yml\u001b[39m","time":"2015-11-25T01:34:34.752Z","v":0}
{"name":"hexo","hostname":"xiaoningning-pcdeMacBook-Pro.local","pid":1951,"level":20,"msg":"Processed: \u001b[35mlanguages/default.yml\u001b[39m","time":"2015-11-25T01:34:34.753Z","v":0}
{"name":"hexo","hostname":"xiaoningning-pcdeMacBook-Pro.local","pid":1951,"level":20,"msg":"Processed: \u001b[35mlanguages/de.yml\u001b[39m","time":"2015-11-25T01:34:34.754Z","v":0}
{"name":"hexo","hostname":"xiaoningning-pcdeMacBook-Pro.local","pid":1951,"level":20,"msg":"Theme config loaded.","time":"2015-11-25T01:34:34.755Z","v":0}
{"name":"hexo","hostname":"xiaoningning-pcdeMacBook-Pro.local","pid":1951,"level":20,"msg":"Processed: \u001b[35m_config.yml\u001b[39m","time":"2015-11-25T01:34:34.755Z","v":0}
{"name":"hexo","hostname":"xiaoningning-pcdeMacBook-Pro.local","pid":1951,"level":20,"msg":"Generator: \u001b[35mpage\u001b[39m","time":"2015-11-25T01:34:34.985Z","v":0}
{"name":"hexo","hostname":"xiaoningning-pcdeMacBook-Pro.local","pid":1951,"level":20,"msg":"Generator: \u001b[35mpost\u001b[39m","time":"2015-11-25T01:34:34.985Z","v":0}
{"name":"hexo","hostname":"xiaoningning-pcdeMacBook-Pro.local","pid":1951,"level":20,"msg":"Generator: \u001b[35marchive\u001b[39m","time":"2015-11-25T01:34:34.985Z","v":0}
{"name":"hexo","hostname":"xiaoningning-pcdeMacBook-Pro.local","pid":1951,"level":20,"msg":"Generator: \u001b[35mfeed\u001b[39m","time":"2015-11-25T01:34:34.985Z","v":0}
{"name":"hexo","hostname":"xiaoningning-pcdeMacBook-Pro.local","pid":1951,"level":20,"msg":"Generator: \u001b[35mcategory\u001b[39m","time":"2015-11-25T01:34:34.985Z","v":0}
{"name":"hexo","hostname":"xiaoningning-pcdeMacBook-Pro.local","pid":1951,"level":20,"msg":"Generator: \u001b[35mindex\u001b[39m","time":"2015-11-25T01:34:34.985Z","v":0}
{"name":"hexo","hostname":"xiaoningning-pcdeMacBook-Pro.local","pid":1951,"level":20,"msg":"Generator: \u001b[35mtag\u001b[39m","time":"2015-11-25T01:34:34.985Z","v":0}
{"name":"hexo","hostname":"xiaoningning-pcdeMacBook-Pro.local","pid":1951,"level":20,"msg":"Generator: \u001b[35masset\u001b[39m","time":"2015-11-25T01:34:34.987Z","v":0}
{"name":"hexo","hostname":"xiaoningning-pcdeMacBook-Pro.local","pid":1951,"level":30,"msg":"Hexo is running at \u001b[4mhttp://0.0.0.0:4000/\u001b[24m. Press Ctrl+C to stop.","time":"2015-11-25T01:34:34.993Z","v":0}
{"name":"hexo","hostname":"xiaoningning-pcdeMacBook-Pro.local","pid":1951,"level":20,"msg":"Database saved","time":"2015-11-25T01:34:35.004Z","v":0}
{"name":"hexo","hostname":"xiaoningning-pcdeMacBook-Pro.local","pid":1951,"level":20,"msg":"Rendering index: \u001b[35mindex.html\u001b[39m","time":"2015-11-25T01:35:00.883Z","v":0}
{"name":"hexo","hostname":"xiaoningning-pcdeMacBook-Pro.local","pid":1951,"level":20,"msg":"Rendering post: \u001b[35m2015/11/24/hello-world/index.html\u001b[39m","time":"2015-11-25T01:35:09.094Z","v":0}
{"name":"hexo","hostname":"xiaoningning-pcdeMacBook-Pro.local","pid":1951,"level":30,"msg":"Have a nice day","time":"2015-11-25T01:36:03.774Z","v":0}
{"name":"hexo","hostname":"xiaoningning-pcdeMacBook-Pro.local","pid":1951,"level":20,"msg":"Database saved","time":"2015-11-25T01:36:03.784Z","v":0}
