{"name":"hexo","hostname":"xiaoningning-pcdeMacBook-Pro.local","pid":1872,"level":20,"msg":"Hexo version: \u001b[35m3.1.1\u001b[39m","time":"2015-11-25T01:32:20.142Z","v":0}
{"name":"hexo","hostname":"xiaoningning-pcdeMacBook-Pro.local","pid":1872,"level":20,"msg":"Working directory: \u001b[35m~/git/hexo/\u001b[39m","time":"2015-11-25T01:32:20.147Z","v":0}
{"name":"hexo","hostname":"xiaoningning-pcdeMacBook-Pro.local","pid":1872,"level":20,"msg":"Config loaded: \u001b[35m~/git/hexo/_config.yml\u001b[39m","time":"2015-11-25T01:32:20.281Z","v":0}
{"name":"hexo","hostname":"xiaoningning-pcdeMacBook-Pro.local","pid":1872,"level":20,"msg":"Plugin loaded: \u001b[35mhexo-generator-archive\u001b[39m","time":"2015-11-25T01:32:20.297Z","v":0}
{"name":"hexo","hostname":"xiaoningning-pcdeMacBook-Pro.local","pid":1872,"level":20,"msg":"Plugin loaded: \u001b[35mhexo-deployer-git\u001b[39m","time":"2015-11-25T01:32:20.458Z","v":0}
{"name":"hexo","hostname":"xiaoningning-pcdeMacBook-Pro.local","pid":1872,"level":20,"msg":"Plugin loaded: \u001b[35mhexo-generator-category\u001b[39m","time":"2015-11-25T01:32:20.461Z","v":0}
{"name":"hexo","hostname":"xiaoningning-pcdeMacBook-Pro.local","pid":1872,"level":20,"msg":"Plugin loaded: \u001b[35mhexo-generator-feed\u001b[39m","time":"2015-11-25T01:32:20.466Z","v":0}
{"name":"hexo","hostname":"xiaoningning-pcdeMacBook-Pro.local","pid":1872,"level":20,"msg":"Plugin loaded: \u001b[35mhexo-renderer-marked\u001b[39m","time":"2015-11-25T01:32:20.516Z","v":0}
{"name":"hexo","hostname":"xiaoningning-pcdeMacBook-Pro.local","pid":1872,"level":20,"msg":"Plugin loaded: \u001b[35mhexo-renderer-ejs\u001b[39m","time":"2015-11-25T01:32:20.529Z","v":0}
{"name":"hexo","hostname":"xiaoningning-pcdeMacBook-Pro.local","pid":1872,"level":20,"msg":"Plugin loaded: \u001b[35mhexo-generator-tag\u001b[39m","time":"2015-11-25T01:32:20.532Z","v":0}
{"name":"hexo","hostname":"xiaoningning-pcdeMacBook-Pro.local","pid":1872,"level":20,"msg":"Plugin loaded: \u001b[35mhexo-generator-index\u001b[39m","time":"2015-11-25T01:32:20.535Z","v":0}
{"name":"hexo","hostname":"xiaoningning-pcdeMacBook-Pro.local","pid":1872,"level":20,"msg":"Plugin loaded: \u001b[35mhexo-renderer-stylus\u001b[39m","time":"2015-11-25T01:32:20.655Z","v":0}
{"name":"hexo","hostname":"xiaoningning-pcdeMacBook-Pro.local","pid":1872,"level":20,"msg":"Plugin loaded: \u001b[35mhexo-server\u001b[39m","time":"2015-11-25T01:32:20.758Z","v":0}
{"name":"hexo","hostname":"xiaoningning-pcdeMacBook-Pro.local","pid":1872,"level":20,"msg":"Script loaded: \u001b[35mthemes/next/scripts/filters/sticky.js\u001b[39m","time":"2015-11-25T01:32:20.758Z","v":0}
{"name":"hexo","hostname":"xiaoningning-pcdeMacBook-Pro.local","pid":1872,"level":20,"msg":"Script loaded: \u001b[35mthemes/next/scripts/tags/center-quote.js\u001b[39m","time":"2015-11-25T01:32:20.759Z","v":0}
{"name":"hexo","hostname":"xiaoningning-pcdeMacBook-Pro.local","pid":1872,"level":20,"msg":"Script loaded: \u001b[35mthemes/next/scripts/merge-configs.js\u001b[39m","time":"2015-11-25T01:32:20.759Z","v":0}
{"name":"hexo","hostname":"xiaoningning-pcdeMacBook-Pro.local","pid":1872,"level":20,"msg":"Script loaded: \u001b[35mthemes/next/scripts/tags/full-image.js\u001b[39m","time":"2015-11-25T01:32:20.760Z","v":0}
{"name":"hexo","hostname":"xiaoningning-pcdeMacBook-Pro.local","pid":1872,"level":20,"msg":"Script loaded: \u001b[35mthemes/next/scripts/tags/group-pictures.js\u001b[39m","time":"2015-11-25T01:32:20.761Z","v":0}
{"name":"hexo","hostname":"xiaoningning-pcdeMacBook-Pro.local","pid":1872,"level":20,"msg":"Loading database.","time":"2015-11-25T01:32:20.768Z","v":0}
{"name":"hexo","hostname":"xiaoningning-pcdeMacBook-Pro.local","pid":1872,"level":20,"msg":"Added: \u001b[35msource/CNAME\u001b[39m","time":"2015-11-25T01:32:20.800Z","v":0}
{"name":"hexo","hostname":"xiaoningning-pcdeMacBook-Pro.local","pid":1872,"level":20,"msg":"Added: \u001b[35msource/_posts/hello-world.md\u001b[39m","time":"2015-11-25T01:32:20.802Z","v":0}
{"name":"hexo","hostname":"xiaoningning-pcdeMacBook-Pro.local","pid":1872,"level":20,"msg":"Added: \u001b[35msource/about/debug.log\u001b[39m","time":"2015-11-25T01:32:20.802Z","v":0}
{"name":"hexo","hostname":"xiaoningning-pcdeMacBook-Pro.local","pid":1872,"level":20,"msg":"Added: \u001b[35msource/about/index-1.md\u001b[39m","time":"2015-11-25T01:32:20.802Z","v":0}
{"name":"hexo","hostname":"xiaoningning-pcdeMacBook-Pro.local","pid":1872,"level":20,"msg":"Added: \u001b[35msource/about/index.md\u001b[39m","time":"2015-11-25T01:32:20.802Z","v":0}
{"name":"hexo","hostname":"xiaoningning-pcdeMacBook-Pro.local","pid":1872,"level":20,"msg":"Added: \u001b[35msource/categories/index.md\u001b[39m","time":"2015-11-25T01:32:20.802Z","v":0}
{"name":"hexo","hostname":"xiaoningning-pcdeMacBook-Pro.local","pid":1872,"level":20,"msg":"Added: \u001b[35msource/css/_fonts/icon-foo.styl\u001b[39m","time":"2015-11-25T01:32:20.802Z","v":0}
{"name":"hexo","hostname":"xiaoningning-pcdeMacBook-Pro.local","pid":1872,"level":20,"msg":"Added: \u001b[35msource/fonts/icon-foo/icomoon.eot\u001b[39m","time":"2015-11-25T01:32:20.802Z","v":0}
{"name":"hexo","hostname":"xiaoningning-pcdeMacBook-Pro.local","pid":1872,"level":20,"msg":"Added: \u001b[35msource/fonts/icon-foo/icomoon.svg\u001b[39m","time":"2015-11-25T01:32:20.802Z","v":0}
{"name":"hexo","hostname":"xiaoningning-pcdeMacBook-Pro.local","pid":1872,"level":20,"msg":"Added: \u001b[35msource/fonts/icon-foo/icomoon.ttf\u001b[39m","time":"2015-11-25T01:32:20.803Z","v":0}
{"name":"hexo","hostname":"xiaoningning-pcdeMacBook-Pro.local","pid":1872,"level":20,"msg":"Added: \u001b[35msource/fonts/icon-foo/icomoon.woff\u001b[39m","time":"2015-11-25T01:32:20.803Z","v":0}
{"name":"hexo","hostname":"xiaoningning-pcdeMacBook-Pro.local","pid":1872,"level":20,"msg":"Added: \u001b[35msource/tags/index.md\u001b[39m","time":"2015-11-25T01:32:20.803Z","v":0}
{"name":"hexo","hostname":"xiaoningning-pcdeMacBook-Pro.local","pid":1872,"level":20,"msg":"Added: \u001b[35msource/images/avator.jpg\u001b[39m","time":"2015-11-25T01:32:20.809Z","v":0}
{"name":"hexo","hostname":"xiaoningning-pcdeMacBook-Pro.local","pid":1872,"level":20,"msg":"Added: \u001b[35msource/tags/debug.log\u001b[39m","time":"2015-11-25T01:32:20.810Z","v":0}
{"name":"hexo","hostname":"xiaoningning-pcdeMacBook-Pro.local","pid":1872,"level":20,"msg":"Processed: \u001b[35mCNAME\u001b[39m","time":"2015-11-25T01:32:20.817Z","v":0}
{"name":"hexo","hostname":"xiaoningning-pcdeMacBook-Pro.local","pid":1872,"level":20,"msg":"Added: \u001b[35mthemes/next/source/css/_common/_page/home.styl\u001b[39m","time":"2015-11-25T01:32:20.855Z","v":0}
{"name":"hexo","hostname":"xiaoningning-pcdeMacBook-Pro.local","pid":1872,"level":20,"msg":"Added: \u001b[35mthemes/next/source/css/_mixins/Mist.styl\u001b[39m","time":"2015-11-25T01:32:20.855Z","v":0}
{"name":"hexo","hostname":"xiaoningning-pcdeMacBook-Pro.local","pid":1872,"level":20,"msg":"Added: \u001b[35mthemes/next/source/css/_mixins/custom.styl\u001b[39m","time":"2015-11-25T01:32:20.855Z","v":0}
{"name":"hexo","hostname":"xiaoningning-pcdeMacBook-Pro.local","pid":1872,"level":20,"msg":"Added: \u001b[35mthemes/next/source/css/_mixins/default.styl\u001b[39m","time":"2015-11-25T01:32:20.855Z","v":0}
{"name":"hexo","hostname":"xiaoningning-pcdeMacBook-Pro.local","pid":1872,"level":20,"msg":"Added: \u001b[35mthemes/next/source/css/_variables/custom.styl\u001b[39m","time":"2015-11-25T01:32:20.855Z","v":0}
{"name":"hexo","hostname":"xiaoningning-pcdeMacBook-Pro.local","pid":1872,"level":20,"msg":"Added: \u001b[35mthemes/next/source/css/_variables/default.styl\u001b[39m","time":"2015-11-25T01:32:20.855Z","v":0}
{"name":"hexo","hostname":"xiaoningning-pcdeMacBook-Pro.local","pid":1872,"level":20,"msg":"Added: \u001b[35mthemes/next/README.en.md\u001b[39m","time":"2015-11-25T01:32:20.869Z","v":0}
{"name":"hexo","hostname":"xiaoningning-pcdeMacBook-Pro.local","pid":1872,"level":20,"msg":"Added: \u001b[35mthemes/next/README.md\u001b[39m","time":"2015-11-25T01:32:20.869Z","v":0}
{"name":"hexo","hostname":"xiaoningning-pcdeMacBook-Pro.local","pid":1872,"level":20,"msg":"Added: \u001b[35mthemes/next/_config.yml\u001b[39m","time":"2015-11-25T01:32:20.869Z","v":0}
{"name":"hexo","hostname":"xiaoningning-pcdeMacBook-Pro.local","pid":1872,"level":20,"msg":"Added: \u001b[35mthemes/next/bower.json\u001b[39m","time":"2015-11-25T01:32:20.869Z","v":0}
{"name":"hexo","hostname":"xiaoningning-pcdeMacBook-Pro.local","pid":1872,"level":20,"msg":"Added: \u001b[35mthemes/next/languages/de.yml\u001b[39m","time":"2015-11-25T01:32:20.870Z","v":0}
{"name":"hexo","hostname":"xiaoningning-pcdeMacBook-Pro.local","pid":1872,"level":20,"msg":"Added: \u001b[35mthemes/next/languages/default.yml\u001b[39m","time":"2015-11-25T01:32:20.870Z","v":0}
{"name":"hexo","hostname":"xiaoningning-pcdeMacBook-Pro.local","pid":1872,"level":20,"msg":"Added: \u001b[35mthemes/next/languages/en.yml\u001b[39m","time":"2015-11-25T01:32:20.870Z","v":0}
{"name":"hexo","hostname":"xiaoningning-pcdeMacBook-Pro.local","pid":1872,"level":20,"msg":"Added: \u001b[35mthemes/next/languages/fr-FR.yml\u001b[39m","time":"2015-11-25T01:32:20.870Z","v":0}
{"name":"hexo","hostname":"xiaoningning-pcdeMacBook-Pro.local","pid":1872,"level":20,"msg":"Added: \u001b[35mthemes/next/languages/pt.yml\u001b[39m","time":"2015-11-25T01:32:20.870Z","v":0}
{"name":"hexo","hostname":"xiaoningning-pcdeMacBook-Pro.local","pid":1872,"level":20,"msg":"Added: \u001b[35mthemes/next/languages/ru.yml\u001b[39m","time":"2015-11-25T01:32:20.870Z","v":0}
{"name":"hexo","hostname":"xiaoningning-pcdeMacBook-Pro.local","pid":1872,"level":20,"msg":"Added: \u001b[35mthemes/next/languages/zh-Hans.yml\u001b[39m","time":"2015-11-25T01:32:20.871Z","v":0}
{"name":"hexo","hostname":"xiaoningning-pcdeMacBook-Pro.local","pid":1872,"level":20,"msg":"Added: \u001b[35mthemes/next/languages/zh-hk.yml\u001b[39m","time":"2015-11-25T01:32:20.871Z","v":0}
{"name":"hexo","hostname":"xiaoningning-pcdeMacBook-Pro.local","pid":1872,"level":20,"msg":"Added: \u001b[35mthemes/next/languages/zh-tw.yml\u001b[39m","time":"2015-11-25T01:32:20.872Z","v":0}
{"name":"hexo","hostname":"xiaoningning-pcdeMacBook-Pro.local","pid":1872,"level":20,"msg":"Added: \u001b[35mthemes/next/layout/_layout.swig\u001b[39m","time":"2015-11-25T01:32:20.872Z","v":0}
{"name":"hexo","hostname":"xiaoningning-pcdeMacBook-Pro.local","pid":1872,"level":20,"msg":"Added: \u001b[35mthemes/next/layout/_macro/post-collapse.swig\u001b[39m","time":"2015-11-25T01:32:20.872Z","v":0}
{"name":"hexo","hostname":"xiaoningning-pcdeMacBook-Pro.local","pid":1872,"level":20,"msg":"Added: \u001b[35mthemes/next/layout/_macro/post.swig\u001b[39m","time":"2015-11-25T01:32:20.872Z","v":0}
{"name":"hexo","hostname":"xiaoningning-pcdeMacBook-Pro.local","pid":1872,"level":20,"msg":"Added: \u001b[35mthemes/next/layout/_macro/sidebar.swig\u001b[39m","time":"2015-11-25T01:32:20.873Z","v":0}
{"name":"hexo","hostname":"xiaoningning-pcdeMacBook-Pro.local","pid":1872,"level":20,"msg":"Added: \u001b[35mthemes/next/layout/_partials/comments.swig\u001b[39m","time":"2015-11-25T01:32:20.873Z","v":0}
{"name":"hexo","hostname":"xiaoningning-pcdeMacBook-Pro.local","pid":1872,"level":20,"msg":"Added: \u001b[35mthemes/next/layout/_partials/duoshuo-hot-articles.swig\u001b[39m","time":"2015-11-25T01:32:20.873Z","v":0}
{"name":"hexo","hostname":"xiaoningning-pcdeMacBook-Pro.local","pid":1872,"level":20,"msg":"Added: \u001b[35mthemes/next/layout/_partials/footer.swig\u001b[39m","time":"2015-11-25T01:32:20.873Z","v":0}
{"name":"hexo","hostname":"xiaoningning-pcdeMacBook-Pro.local","pid":1872,"level":20,"msg":"Added: \u001b[35mthemes/next/layout/_partials/head.swig\u001b[39m","time":"2015-11-25T01:32:20.873Z","v":0}
{"name":"hexo","hostname":"xiaoningning-pcdeMacBook-Pro.local","pid":1872,"level":20,"msg":"Added: \u001b[35mthemes/next/layout/_partials/header.swig\u001b[39m","time":"2015-11-25T01:32:20.873Z","v":0}
{"name":"hexo","hostname":"xiaoningning-pcdeMacBook-Pro.local","pid":1872,"level":20,"msg":"Added: \u001b[35mthemes/next/layout/_partials/old-browsers.swig\u001b[39m","time":"2015-11-25T01:32:20.873Z","v":0}
{"name":"hexo","hostname":"xiaoningning-pcdeMacBook-Pro.local","pid":1872,"level":20,"msg":"Added: \u001b[35mthemes/next/layout/_partials/pagination.swig\u001b[39m","time":"2015-11-25T01:32:20.873Z","v":0}
{"name":"hexo","hostname":"xiaoningning-pcdeMacBook-Pro.local","pid":1872,"level":20,"msg":"Added: \u001b[35mthemes/next/layout/_partials/search/swiftype.swig\u001b[39m","time":"2015-11-25T01:32:20.873Z","v":0}
{"name":"hexo","hostname":"xiaoningning-pcdeMacBook-Pro.local","pid":1872,"level":20,"msg":"Added: \u001b[35mthemes/next/layout/_partials/search/tinysou.swig\u001b[39m","time":"2015-11-25T01:32:20.874Z","v":0}
{"name":"hexo","hostname":"xiaoningning-pcdeMacBook-Pro.local","pid":1872,"level":20,"msg":"Added: \u001b[35mthemes/next/layout/_partials/share/duoshuo_share.swig\u001b[39m","time":"2015-11-25T01:32:20.874Z","v":0}
{"name":"hexo","hostname":"xiaoningning-pcdeMacBook-Pro.local","pid":1872,"level":20,"msg":"Added: \u001b[35mthemes/next/layout/_partials/search.swig\u001b[39m","time":"2015-11-25T01:32:20.874Z","v":0}
{"name":"hexo","hostname":"xiaoningning-pcdeMacBook-Pro.local","pid":1872,"level":20,"msg":"Added: \u001b[35mthemes/next/layout/_partials/share/jiathis.swig\u001b[39m","time":"2015-11-25T01:32:20.874Z","v":0}
{"name":"hexo","hostname":"xiaoningning-pcdeMacBook-Pro.local","pid":1872,"level":20,"msg":"Added: \u001b[35mthemes/next/layout/_scripts/analytics/baidu-analytics.swig\u001b[39m","time":"2015-11-25T01:32:20.874Z","v":0}
{"name":"hexo","hostname":"xiaoningning-pcdeMacBook-Pro.local","pid":1872,"level":20,"msg":"Added: \u001b[35mthemes/next/layout/_scripts/analytics/facebook-sdk.swig\u001b[39m","time":"2015-11-25T01:32:20.874Z","v":0}
{"name":"hexo","hostname":"xiaoningning-pcdeMacBook-Pro.local","pid":1872,"level":20,"msg":"Added: \u001b[35mthemes/next/layout/_scripts/analytics.swig\u001b[39m","time":"2015-11-25T01:32:20.874Z","v":0}
{"name":"hexo","hostname":"xiaoningning-pcdeMacBook-Pro.local","pid":1872,"level":20,"msg":"Added: \u001b[35mthemes/next/layout/_scripts/analytics/google-analytics.swig\u001b[39m","time":"2015-11-25T01:32:20.874Z","v":0}
{"name":"hexo","hostname":"xiaoningning-pcdeMacBook-Pro.local","pid":1872,"level":20,"msg":"Added: \u001b[35mthemes/next/layout/_scripts/baidushare.swig\u001b[39m","time":"2015-11-25T01:32:20.874Z","v":0}
{"name":"hexo","hostname":"xiaoningning-pcdeMacBook-Pro.local","pid":1872,"level":20,"msg":"Added: \u001b[35mthemes/next/layout/_scripts/bootstrap.scrollspy.swig\u001b[39m","time":"2015-11-25T01:32:20.875Z","v":0}
{"name":"hexo","hostname":"xiaoningning-pcdeMacBook-Pro.local","pid":1872,"level":20,"msg":"Added: \u001b[35mthemes/next/layout/_scripts/comments/disqus.swig\u001b[39m","time":"2015-11-25T01:32:20.875Z","v":0}
{"name":"hexo","hostname":"xiaoningning-pcdeMacBook-Pro.local","pid":1872,"level":20,"msg":"Added: \u001b[35mthemes/next/layout/_scripts/comments/duoshuo.swig\u001b[39m","time":"2015-11-25T01:32:20.875Z","v":0}
{"name":"hexo","hostname":"xiaoningning-pcdeMacBook-Pro.local","pid":1872,"level":20,"msg":"Added: \u001b[35mthemes/next/layout/_scripts/fancy-box.swig\u001b[39m","time":"2015-11-25T01:32:20.875Z","v":0}
{"name":"hexo","hostname":"xiaoningning-pcdeMacBook-Pro.local","pid":1872,"level":20,"msg":"Added: \u001b[35mthemes/next/layout/_scripts/helpers.swig\u001b[39m","time":"2015-11-25T01:32:20.875Z","v":0}
{"name":"hexo","hostname":"xiaoningning-pcdeMacBook-Pro.local","pid":1872,"level":20,"msg":"Added: \u001b[35mthemes/next/layout/_scripts/mathjax.swig\u001b[39m","time":"2015-11-25T01:32:20.875Z","v":0}
{"name":"hexo","hostname":"xiaoningning-pcdeMacBook-Pro.local","pid":1872,"level":20,"msg":"Added: \u001b[35mthemes/next/layout/_scripts/motion.swig\u001b[39m","time":"2015-11-25T01:32:20.876Z","v":0}
{"name":"hexo","hostname":"xiaoningning-pcdeMacBook-Pro.local","pid":1872,"level":20,"msg":"Added: \u001b[35mthemes/next/layout/_scripts/pages/post-details.swig\u001b[39m","time":"2015-11-25T01:32:20.876Z","v":0}
{"name":"hexo","hostname":"xiaoningning-pcdeMacBook-Pro.local","pid":1872,"level":20,"msg":"Added: \u001b[35mthemes/next/layout/_scripts/tinysou.swig\u001b[39m","time":"2015-11-25T01:32:20.876Z","v":0}
{"name":"hexo","hostname":"xiaoningning-pcdeMacBook-Pro.local","pid":1872,"level":20,"msg":"Added: \u001b[35mthemes/next/layout/archive.swig\u001b[39m","time":"2015-11-25T01:32:20.876Z","v":0}
{"name":"hexo","hostname":"xiaoningning-pcdeMacBook-Pro.local","pid":1872,"level":20,"msg":"Added: \u001b[35mthemes/next/layout/category.swig\u001b[39m","time":"2015-11-25T01:32:20.876Z","v":0}
{"name":"hexo","hostname":"xiaoningning-pcdeMacBook-Pro.local","pid":1872,"level":20,"msg":"Added: \u001b[35mthemes/next/layout/index.swig\u001b[39m","time":"2015-11-25T01:32:20.876Z","v":0}
{"name":"hexo","hostname":"xiaoningning-pcdeMacBook-Pro.local","pid":1872,"level":20,"msg":"Added: \u001b[35mthemes/next/layout/page.swig\u001b[39m","time":"2015-11-25T01:32:20.876Z","v":0}
{"name":"hexo","hostname":"xiaoningning-pcdeMacBook-Pro.local","pid":1872,"level":20,"msg":"Added: \u001b[35mthemes/next/layout/post.swig\u001b[39m","time":"2015-11-25T01:32:20.876Z","v":0}
{"name":"hexo","hostname":"xiaoningning-pcdeMacBook-Pro.local","pid":1872,"level":20,"msg":"Added: \u001b[35mthemes/next/layout/tag.swig\u001b[39m","time":"2015-11-25T01:32:20.876Z","v":0}
{"name":"hexo","hostname":"xiaoningning-pcdeMacBook-Pro.local","pid":1872,"level":20,"msg":"Added: \u001b[35mthemes/next/scripts/filters/sticky.js\u001b[39m","time":"2015-11-25T01:32:20.876Z","v":0}
{"name":"hexo","hostname":"xiaoningning-pcdeMacBook-Pro.local","pid":1872,"level":20,"msg":"Added: \u001b[35mthemes/next/scripts/merge-configs.js\u001b[39m","time":"2015-11-25T01:32:20.877Z","v":0}
{"name":"hexo","hostname":"xiaoningning-pcdeMacBook-Pro.local","pid":1872,"level":20,"msg":"Added: \u001b[35mthemes/next/scripts/tags/center-quote.js\u001b[39m","time":"2015-11-25T01:32:20.877Z","v":0}
{"name":"hexo","hostname":"xiaoningning-pcdeMacBook-Pro.local","pid":1872,"level":20,"msg":"Added: \u001b[35mthemes/next/scripts/tags/full-image.js\u001b[39m","time":"2015-11-25T01:32:20.877Z","v":0}
{"name":"hexo","hostname":"xiaoningning-pcdeMacBook-Pro.local","pid":1872,"level":20,"msg":"Added: \u001b[35mthemes/next/scripts/tags/group-pictures.js\u001b[39m","time":"2015-11-25T01:32:20.877Z","v":0}
{"name":"hexo","hostname":"xiaoningning-pcdeMacBook-Pro.local","pid":1872,"level":20,"msg":"Added: \u001b[35mthemes/next/source/css/_common/_component/back-to-top.styl\u001b[39m","time":"2015-11-25T01:32:20.877Z","v":0}
{"name":"hexo","hostname":"xiaoningning-pcdeMacBook-Pro.local","pid":1872,"level":20,"msg":"Added: \u001b[35mthemes/next/source/css/_common/_component/blockquote-center.styl\u001b[39m","time":"2015-11-25T01:32:20.877Z","v":0}
{"name":"hexo","hostname":"xiaoningning-pcdeMacBook-Pro.local","pid":1872,"level":20,"msg":"Added: \u001b[35mthemes/next/source/css/_common/_component/buttons.styl\u001b[39m","time":"2015-11-25T01:32:20.877Z","v":0}
{"name":"hexo","hostname":"xiaoningning-pcdeMacBook-Pro.local","pid":1872,"level":20,"msg":"Added: \u001b[35mthemes/next/source/css/_common/_component/comments.styl\u001b[39m","time":"2015-11-25T01:32:20.878Z","v":0}
{"name":"hexo","hostname":"xiaoningning-pcdeMacBook-Pro.local","pid":1872,"level":20,"msg":"Added: \u001b[35mthemes/next/source/css/_common/_component/duoshuo.styl\u001b[39m","time":"2015-11-25T01:32:20.878Z","v":0}
{"name":"hexo","hostname":"xiaoningning-pcdeMacBook-Pro.local","pid":1872,"level":20,"msg":"Added: \u001b[35mthemes/next/source/css/_common/_component/gallery.styl\u001b[39m","time":"2015-11-25T01:32:20.878Z","v":0}
{"name":"hexo","hostname":"xiaoningning-pcdeMacBook-Pro.local","pid":1872,"level":20,"msg":"Added: \u001b[35mthemes/next/source/css/_common/_component/group-pictures.styl\u001b[39m","time":"2015-11-25T01:32:20.878Z","v":0}
{"name":"hexo","hostname":"xiaoningning-pcdeMacBook-Pro.local","pid":1872,"level":20,"msg":"Added: \u001b[35mthemes/next/source/css/_common/_component/jiathis.styl\u001b[39m","time":"2015-11-25T01:32:20.879Z","v":0}
{"name":"hexo","hostname":"xiaoningning-pcdeMacBook-Pro.local","pid":1872,"level":20,"msg":"Added: \u001b[35mthemes/next/source/css/_common/_component/pagination.styl\u001b[39m","time":"2015-11-25T01:32:20.879Z","v":0}
{"name":"hexo","hostname":"xiaoningning-pcdeMacBook-Pro.local","pid":1872,"level":20,"msg":"Added: \u001b[35mthemes/next/source/css/_common/_component/posts-collapse.styl\u001b[39m","time":"2015-11-25T01:32:20.879Z","v":0}
{"name":"hexo","hostname":"xiaoningning-pcdeMacBook-Pro.local","pid":1872,"level":20,"msg":"Added: \u001b[35mthemes/next/source/css/_common/_component/posts-expand.styl\u001b[39m","time":"2015-11-25T01:32:20.879Z","v":0}
{"name":"hexo","hostname":"xiaoningning-pcdeMacBook-Pro.local","pid":1872,"level":20,"msg":"Added: \u001b[35mthemes/next/source/css/_common/_component/posts-type.styl\u001b[39m","time":"2015-11-25T01:32:20.879Z","v":0}
{"name":"hexo","hostname":"xiaoningning-pcdeMacBook-Pro.local","pid":1872,"level":20,"msg":"Added: \u001b[35mthemes/next/source/css/_common/_component/posts.styl\u001b[39m","time":"2015-11-25T01:32:20.879Z","v":0}
{"name":"hexo","hostname":"xiaoningning-pcdeMacBook-Pro.local","pid":1872,"level":20,"msg":"Added: \u001b[35mthemes/next/source/css/_common/_component/tag-cloud.styl\u001b[39m","time":"2015-11-25T01:32:20.879Z","v":0}
{"name":"hexo","hostname":"xiaoningning-pcdeMacBook-Pro.local","pid":1872,"level":20,"msg":"Added: \u001b[35mthemes/next/source/css/_common/_core/base.styl\u001b[39m","time":"2015-11-25T01:32:20.879Z","v":0}
{"name":"hexo","hostname":"xiaoningning-pcdeMacBook-Pro.local","pid":1872,"level":20,"msg":"Added: \u001b[35mthemes/next/source/css/_common/_core/helpers.styl\u001b[39m","time":"2015-11-25T01:32:20.879Z","v":0}
{"name":"hexo","hostname":"xiaoningning-pcdeMacBook-Pro.local","pid":1872,"level":20,"msg":"Added: \u001b[35mthemes/next/source/css/_common/_core/normalize.styl\u001b[39m","time":"2015-11-25T01:32:20.880Z","v":0}
{"name":"hexo","hostname":"xiaoningning-pcdeMacBook-Pro.local","pid":1872,"level":20,"msg":"Added: \u001b[35mthemes/next/source/css/_common/_core/scaffolding.styl\u001b[39m","time":"2015-11-25T01:32:20.880Z","v":0}
{"name":"hexo","hostname":"xiaoningning-pcdeMacBook-Pro.local","pid":1872,"level":20,"msg":"Added: \u001b[35mthemes/next/source/css/_common/_core/tables.styl\u001b[39m","time":"2015-11-25T01:32:20.880Z","v":0}
{"name":"hexo","hostname":"xiaoningning-pcdeMacBook-Pro.local","pid":1872,"level":20,"msg":"Added: \u001b[35mthemes/next/source/css/_common/_fonts/icon-default.styl\u001b[39m","time":"2015-11-25T01:32:20.880Z","v":0}
{"name":"hexo","hostname":"xiaoningning-pcdeMacBook-Pro.local","pid":1872,"level":20,"msg":"Added: \u001b[35mthemes/next/source/css/_common/_fonts/icon-feather.styl\u001b[39m","time":"2015-11-25T01:32:20.880Z","v":0}
{"name":"hexo","hostname":"xiaoningning-pcdeMacBook-Pro.local","pid":1872,"level":20,"msg":"Added: \u001b[35mthemes/next/source/css/_common/_fonts/icon-fifty-shades.styl\u001b[39m","time":"2015-11-25T01:32:20.880Z","v":0}
{"name":"hexo","hostname":"xiaoningning-pcdeMacBook-Pro.local","pid":1872,"level":20,"msg":"Added: \u001b[35mthemes/next/source/css/_common/_fonts/icon-font.styl\u001b[39m","time":"2015-11-25T01:32:20.881Z","v":0}
{"name":"hexo","hostname":"xiaoningning-pcdeMacBook-Pro.local","pid":1872,"level":20,"msg":"Added: \u001b[35mthemes/next/source/css/_common/_fonts/icon-linecons.styl\u001b[39m","time":"2015-11-25T01:32:20.881Z","v":0}
{"name":"hexo","hostname":"xiaoningning-pcdeMacBook-Pro.local","pid":1872,"level":20,"msg":"Added: \u001b[35mthemes/next/source/css/_common/_page/archive.styl\u001b[39m","time":"2015-11-25T01:32:20.881Z","v":0}
{"name":"hexo","hostname":"xiaoningning-pcdeMacBook-Pro.local","pid":1872,"level":20,"msg":"Added: \u001b[35mthemes/next/source/css/_common/_page/categories.styl\u001b[39m","time":"2015-11-25T01:32:20.881Z","v":0}
{"name":"hexo","hostname":"xiaoningning-pcdeMacBook-Pro.local","pid":1872,"level":20,"msg":"Added: \u001b[35mthemes/next/source/css/_common/_page/post-detail.styl\u001b[39m","time":"2015-11-25T01:32:20.881Z","v":0}
{"name":"hexo","hostname":"xiaoningning-pcdeMacBook-Pro.local","pid":1872,"level":20,"msg":"Added: \u001b[35mthemes/next/source/css/_common/_section/body.styl\u001b[39m","time":"2015-11-25T01:32:20.881Z","v":0}
{"name":"hexo","hostname":"xiaoningning-pcdeMacBook-Pro.local","pid":1872,"level":20,"msg":"Added: \u001b[35mthemes/next/source/css/_common/_section/footer.styl\u001b[39m","time":"2015-11-25T01:32:20.881Z","v":0}
{"name":"hexo","hostname":"xiaoningning-pcdeMacBook-Pro.local","pid":1872,"level":20,"msg":"Added: \u001b[35mthemes/next/source/css/_common/_section/header.styl\u001b[39m","time":"2015-11-25T01:32:20.881Z","v":0}
{"name":"hexo","hostname":"xiaoningning-pcdeMacBook-Pro.local","pid":1872,"level":20,"msg":"Added: \u001b[35mthemes/next/source/css/_common/_section/layout.styl\u001b[39m","time":"2015-11-25T01:32:20.882Z","v":0}
{"name":"hexo","hostname":"xiaoningning-pcdeMacBook-Pro.local","pid":1872,"level":20,"msg":"Added: \u001b[35mthemes/next/source/css/_common/_section/media.styl\u001b[39m","time":"2015-11-25T01:32:20.882Z","v":0}
{"name":"hexo","hostname":"xiaoningning-pcdeMacBook-Pro.local","pid":1872,"level":20,"msg":"Added: \u001b[35mthemes/next/source/css/_common/_section/sidebar.styl\u001b[39m","time":"2015-11-25T01:32:20.882Z","v":0}
{"name":"hexo","hostname":"xiaoningning-pcdeMacBook-Pro.local","pid":1872,"level":20,"msg":"Added: \u001b[35mthemes/next/source/css/_common/_vendor/highlight/highlight.styl\u001b[39m","time":"2015-11-25T01:32:20.882Z","v":0}
{"name":"hexo","hostname":"xiaoningning-pcdeMacBook-Pro.local","pid":1872,"level":20,"msg":"Added: \u001b[35mthemes/next/source/css/_common/_vendor/highlight/theme.styl\u001b[39m","time":"2015-11-25T01:32:20.882Z","v":0}
{"name":"hexo","hostname":"xiaoningning-pcdeMacBook-Pro.local","pid":1872,"level":20,"msg":"Added: \u001b[35mthemes/next/source/css/_custom/custom.styl\u001b[39m","time":"2015-11-25T01:32:20.883Z","v":0}
{"name":"hexo","hostname":"xiaoningning-pcdeMacBook-Pro.local","pid":1872,"level":20,"msg":"Added: \u001b[35mthemes/next/source/css/_mixins/base.styl\u001b[39m","time":"2015-11-25T01:32:20.884Z","v":0}
{"name":"hexo","hostname":"xiaoningning-pcdeMacBook-Pro.local","pid":1872,"level":20,"msg":"Added: \u001b[35mthemes/next/source/css/_schemes/Mist/_base.styl\u001b[39m","time":"2015-11-25T01:32:20.884Z","v":0}
{"name":"hexo","hostname":"xiaoningning-pcdeMacBook-Pro.local","pid":1872,"level":20,"msg":"Added: \u001b[35mthemes/next/source/css/_schemes/Mist/_header.styl\u001b[39m","time":"2015-11-25T01:32:20.886Z","v":0}
{"name":"hexo","hostname":"xiaoningning-pcdeMacBook-Pro.local","pid":1872,"level":20,"msg":"Added: \u001b[35mthemes/next/source/css/_schemes/Mist/_logo.styl\u001b[39m","time":"2015-11-25T01:32:20.886Z","v":0}
{"name":"hexo","hostname":"xiaoningning-pcdeMacBook-Pro.local","pid":1872,"level":20,"msg":"Added: \u001b[35mthemes/next/source/css/_schemes/Mist/_menu.styl\u001b[39m","time":"2015-11-25T01:32:20.886Z","v":0}
{"name":"hexo","hostname":"xiaoningning-pcdeMacBook-Pro.local","pid":1872,"level":20,"msg":"Added: \u001b[35mthemes/next/source/css/_schemes/Mist/_posts-expanded.styl\u001b[39m","time":"2015-11-25T01:32:20.886Z","v":0}
{"name":"hexo","hostname":"xiaoningning-pcdeMacBook-Pro.local","pid":1872,"level":20,"msg":"Added: \u001b[35mthemes/next/source/css/_schemes/Mist/index.styl\u001b[39m","time":"2015-11-25T01:32:20.886Z","v":0}
{"name":"hexo","hostname":"xiaoningning-pcdeMacBook-Pro.local","pid":1872,"level":20,"msg":"Added: \u001b[35mthemes/next/source/css/_schemes/default/_logo.styl\u001b[39m","time":"2015-11-25T01:32:20.887Z","v":0}
{"name":"hexo","hostname":"xiaoningning-pcdeMacBook-Pro.local","pid":1872,"level":20,"msg":"Added: \u001b[35mthemes/next/source/css/_schemes/default/_menu.styl\u001b[39m","time":"2015-11-25T01:32:20.887Z","v":0}
{"name":"hexo","hostname":"xiaoningning-pcdeMacBook-Pro.local","pid":1872,"level":20,"msg":"Added: \u001b[35mthemes/next/source/css/_schemes/default/_search.styl\u001b[39m","time":"2015-11-25T01:32:20.887Z","v":0}
{"name":"hexo","hostname":"xiaoningning-pcdeMacBook-Pro.local","pid":1872,"level":20,"msg":"Added: \u001b[35mthemes/next/source/css/_schemes/default/index.styl\u001b[39m","time":"2015-11-25T01:32:20.887Z","v":0}
{"name":"hexo","hostname":"xiaoningning-pcdeMacBook-Pro.local","pid":1872,"level":20,"msg":"Added: \u001b[35mthemes/next/source/css/_variables/Mist.styl\u001b[39m","time":"2015-11-25T01:32:20.887Z","v":0}
{"name":"hexo","hostname":"xiaoningning-pcdeMacBook-Pro.local","pid":1872,"level":20,"msg":"Added: \u001b[35mthemes/next/source/css/_variables/base.styl\u001b[39m","time":"2015-11-25T01:32:20.887Z","v":0}
{"name":"hexo","hostname":"xiaoningning-pcdeMacBook-Pro.local","pid":1872,"level":20,"msg":"Added: \u001b[35mthemes/next/source/css/main.styl\u001b[39m","time":"2015-11-25T01:32:20.887Z","v":0}
{"name":"hexo","hostname":"xiaoningning-pcdeMacBook-Pro.local","pid":1872,"level":20,"msg":"Added: \u001b[35mthemes/next/source/images/cc-by-nc-nd.svg\u001b[39m","time":"2015-11-25T01:32:20.887Z","v":0}
{"name":"hexo","hostname":"xiaoningning-pcdeMacBook-Pro.local","pid":1872,"level":20,"msg":"Added: \u001b[35mthemes/next/source/images/cc-by-nc-sa.svg\u001b[39m","time":"2015-11-25T01:32:20.887Z","v":0}
{"name":"hexo","hostname":"xiaoningning-pcdeMacBook-Pro.local","pid":1872,"level":20,"msg":"Added: \u001b[35mthemes/next/source/images/cc-by-nc.svg\u001b[39m","time":"2015-11-25T01:32:20.888Z","v":0}
{"name":"hexo","hostname":"xiaoningning-pcdeMacBook-Pro.local","pid":1872,"level":20,"msg":"Added: \u001b[35mthemes/next/source/images/cc-by-nd.svg\u001b[39m","time":"2015-11-25T01:32:20.888Z","v":0}
{"name":"hexo","hostname":"xiaoningning-pcdeMacBook-Pro.local","pid":1872,"level":20,"msg":"Added: \u001b[35mthemes/next/source/images/cc-by-sa.svg\u001b[39m","time":"2015-11-25T01:32:20.888Z","v":0}
{"name":"hexo","hostname":"xiaoningning-pcdeMacBook-Pro.local","pid":1872,"level":20,"msg":"Added: \u001b[35mthemes/next/source/images/cc-by.svg\u001b[39m","time":"2015-11-25T01:32:20.888Z","v":0}
{"name":"hexo","hostname":"xiaoningning-pcdeMacBook-Pro.local","pid":1872,"level":20,"msg":"Added: \u001b[35mthemes/next/source/images/cc-zero.svg\u001b[39m","time":"2015-11-25T01:32:20.889Z","v":0}
{"name":"hexo","hostname":"xiaoningning-pcdeMacBook-Pro.local","pid":1872,"level":20,"msg":"Added: \u001b[35mthemes/next/source/images/loading.gif\u001b[39m","time":"2015-11-25T01:32:20.889Z","v":0}
{"name":"hexo","hostname":"xiaoningning-pcdeMacBook-Pro.local","pid":1872,"level":20,"msg":"Added: \u001b[35mthemes/next/source/images/placeholder.gif\u001b[39m","time":"2015-11-25T01:32:20.890Z","v":0}
{"name":"hexo","hostname":"xiaoningning-pcdeMacBook-Pro.local","pid":1872,"level":20,"msg":"Added: \u001b[35mthemes/next/source/images/quote-l.svg\u001b[39m","time":"2015-11-25T01:32:20.890Z","v":0}
{"name":"hexo","hostname":"xiaoningning-pcdeMacBook-Pro.local","pid":1872,"level":20,"msg":"Added: \u001b[35mthemes/next/source/images/quote-r.svg\u001b[39m","time":"2015-11-25T01:32:20.890Z","v":0}
{"name":"hexo","hostname":"xiaoningning-pcdeMacBook-Pro.local","pid":1872,"level":20,"msg":"Added: \u001b[35mthemes/next/source/images/searchicon.png\u001b[39m","time":"2015-11-25T01:32:20.890Z","v":0}
{"name":"hexo","hostname":"xiaoningning-pcdeMacBook-Pro.local","pid":1872,"level":20,"msg":"Added: \u001b[35mthemes/next/source/js/bootstrap.js\u001b[39m","time":"2015-11-25T01:32:20.890Z","v":0}
{"name":"hexo","hostname":"xiaoningning-pcdeMacBook-Pro.local","pid":1872,"level":20,"msg":"Added: \u001b[35mthemes/next/source/js/bootstrap.scrollspy.js\u001b[39m","time":"2015-11-25T01:32:20.890Z","v":0}
{"name":"hexo","hostname":"xiaoningning-pcdeMacBook-Pro.local","pid":1872,"level":20,"msg":"Added: \u001b[35mthemes/next/source/js/fancy-box.js\u001b[39m","time":"2015-11-25T01:32:20.890Z","v":0}
{"name":"hexo","hostname":"xiaoningning-pcdeMacBook-Pro.local","pid":1872,"level":20,"msg":"Added: \u001b[35mthemes/next/source/js/helpers.js\u001b[39m","time":"2015-11-25T01:32:20.890Z","v":0}
{"name":"hexo","hostname":"xiaoningning-pcdeMacBook-Pro.local","pid":1872,"level":20,"msg":"Added: \u001b[35mthemes/next/source/js/hook-duoshuo.js\u001b[39m","time":"2015-11-25T01:32:20.890Z","v":0}
{"name":"hexo","hostname":"xiaoningning-pcdeMacBook-Pro.local","pid":1872,"level":20,"msg":"Added: \u001b[35mthemes/next/source/js/motion.js\u001b[39m","time":"2015-11-25T01:32:20.891Z","v":0}
{"name":"hexo","hostname":"xiaoningning-pcdeMacBook-Pro.local","pid":1872,"level":20,"msg":"Added: \u001b[35mthemes/next/source/js/ua-parser.min.js\u001b[39m","time":"2015-11-25T01:32:20.891Z","v":0}
{"name":"hexo","hostname":"xiaoningning-pcdeMacBook-Pro.local","pid":1872,"level":20,"msg":"Added: \u001b[35mthemes/next/source/vendors/fancybox/source/blank.gif\u001b[39m","time":"2015-11-25T01:32:20.891Z","v":0}
{"name":"hexo","hostname":"xiaoningning-pcdeMacBook-Pro.local","pid":1872,"level":20,"msg":"Added: \u001b[35mthemes/next/source/vendors/fancybox/source/fancybox_loading.gif\u001b[39m","time":"2015-11-25T01:32:20.891Z","v":0}
{"name":"hexo","hostname":"xiaoningning-pcdeMacBook-Pro.local","pid":1872,"level":20,"msg":"Added: \u001b[35mthemes/next/source/vendors/fancybox/source/fancybox_loading@2x.gif\u001b[39m","time":"2015-11-25T01:32:20.891Z","v":0}
{"name":"hexo","hostname":"xiaoningning-pcdeMacBook-Pro.local","pid":1872,"level":20,"msg":"Added: \u001b[35mthemes/next/source/vendors/fancybox/source/fancybox_overlay.png\u001b[39m","time":"2015-11-25T01:32:20.891Z","v":0}
{"name":"hexo","hostname":"xiaoningning-pcdeMacBook-Pro.local","pid":1872,"level":20,"msg":"Added: \u001b[35mthemes/next/source/vendors/fancybox/source/fancybox_sprite.png\u001b[39m","time":"2015-11-25T01:32:20.891Z","v":0}
{"name":"hexo","hostname":"xiaoningning-pcdeMacBook-Pro.local","pid":1872,"level":20,"msg":"Added: \u001b[35mthemes/next/source/vendors/fancybox/source/fancybox_sprite@2x.png\u001b[39m","time":"2015-11-25T01:32:20.891Z","v":0}
{"name":"hexo","hostname":"xiaoningning-pcdeMacBook-Pro.local","pid":1872,"level":20,"msg":"Added: \u001b[35mthemes/next/source/vendors/fancybox/source/helpers/fancybox_buttons.png\u001b[39m","time":"2015-11-25T01:32:20.891Z","v":0}
{"name":"hexo","hostname":"xiaoningning-pcdeMacBook-Pro.local","pid":1872,"level":20,"msg":"Added: \u001b[35mthemes/next/source/vendors/fancybox/source/helpers/jquery.fancybox-buttons.css\u001b[39m","time":"2015-11-25T01:32:20.891Z","v":0}
{"name":"hexo","hostname":"xiaoningning-pcdeMacBook-Pro.local","pid":1872,"level":20,"msg":"Added: \u001b[35mthemes/next/source/vendors/fancybox/source/helpers/jquery.fancybox-buttons.js\u001b[39m","time":"2015-11-25T01:32:20.892Z","v":0}
{"name":"hexo","hostname":"xiaoningning-pcdeMacBook-Pro.local","pid":1872,"level":20,"msg":"Added: \u001b[35mthemes/next/source/vendors/fancybox/source/helpers/jquery.fancybox-media.js\u001b[39m","time":"2015-11-25T01:32:20.892Z","v":0}
{"name":"hexo","hostname":"xiaoningning-pcdeMacBook-Pro.local","pid":1872,"level":20,"msg":"Added: \u001b[35mthemes/next/source/vendors/fancybox/source/helpers/jquery.fancybox-thumbs.css\u001b[39m","time":"2015-11-25T01:32:20.892Z","v":0}
{"name":"hexo","hostname":"xiaoningning-pcdeMacBook-Pro.local","pid":1872,"level":20,"msg":"Added: \u001b[35mthemes/next/source/vendors/fancybox/source/helpers/jquery.fancybox-thumbs.js\u001b[39m","time":"2015-11-25T01:32:20.892Z","v":0}
{"name":"hexo","hostname":"xiaoningning-pcdeMacBook-Pro.local","pid":1872,"level":20,"msg":"Added: \u001b[35mthemes/next/source/vendors/fancybox/source/jquery.fancybox.css\u001b[39m","time":"2015-11-25T01:32:20.892Z","v":0}
{"name":"hexo","hostname":"xiaoningning-pcdeMacBook-Pro.local","pid":1872,"level":20,"msg":"Added: \u001b[35mthemes/next/source/vendors/fancybox/source/jquery.fancybox.js\u001b[39m","time":"2015-11-25T01:32:20.892Z","v":0}
{"name":"hexo","hostname":"xiaoningning-pcdeMacBook-Pro.local","pid":1872,"level":20,"msg":"Added: \u001b[35mthemes/next/source/vendors/fancybox/source/jquery.fancybox.pack.js\u001b[39m","time":"2015-11-25T01:32:20.892Z","v":0}
{"name":"hexo","hostname":"xiaoningning-pcdeMacBook-Pro.local","pid":1872,"level":20,"msg":"Added: \u001b[35mthemes/next/source/vendors/fastclick/LICENSE\u001b[39m","time":"2015-11-25T01:32:20.893Z","v":0}
{"name":"hexo","hostname":"xiaoningning-pcdeMacBook-Pro.local","pid":1872,"level":20,"msg":"Added: \u001b[35mthemes/next/source/vendors/fastclick/README.md\u001b[39m","time":"2015-11-25T01:32:20.893Z","v":0}
{"name":"hexo","hostname":"xiaoningning-pcdeMacBook-Pro.local","pid":1872,"level":20,"msg":"Added: \u001b[35mthemes/next/source/vendors/fastclick/bower.json\u001b[39m","time":"2015-11-25T01:32:20.893Z","v":0}
{"name":"hexo","hostname":"xiaoningning-pcdeMacBook-Pro.local","pid":1872,"level":20,"msg":"Added: \u001b[35mthemes/next/source/vendors/fastclick/lib/fastclick.js\u001b[39m","time":"2015-11-25T01:32:20.893Z","v":0}
{"name":"hexo","hostname":"xiaoningning-pcdeMacBook-Pro.local","pid":1872,"level":20,"msg":"Added: \u001b[35mthemes/next/source/vendors/font-awesome/HELP-US-OUT.txt\u001b[39m","time":"2015-11-25T01:32:20.894Z","v":0}
{"name":"hexo","hostname":"xiaoningning-pcdeMacBook-Pro.local","pid":1872,"level":20,"msg":"Added: \u001b[35mthemes/next/source/vendors/fastclick/lib/fastclick.min.js\u001b[39m","time":"2015-11-25T01:32:20.894Z","v":0}
{"name":"hexo","hostname":"xiaoningning-pcdeMacBook-Pro.local","pid":1872,"level":20,"msg":"Added: \u001b[35mthemes/next/source/vendors/font-awesome/bower.json\u001b[39m","time":"2015-11-25T01:32:20.894Z","v":0}
{"name":"hexo","hostname":"xiaoningning-pcdeMacBook-Pro.local","pid":1872,"level":20,"msg":"Added: \u001b[35mthemes/next/source/vendors/font-awesome/css/font-awesome.css\u001b[39m","time":"2015-11-25T01:32:20.894Z","v":0}
{"name":"hexo","hostname":"xiaoningning-pcdeMacBook-Pro.local","pid":1872,"level":20,"msg":"Added: \u001b[35mthemes/next/source/vendors/font-awesome/css/font-awesome.css.map\u001b[39m","time":"2015-11-25T01:32:20.894Z","v":0}
{"name":"hexo","hostname":"xiaoningning-pcdeMacBook-Pro.local","pid":1872,"level":20,"msg":"Added: \u001b[35mthemes/next/source/vendors/font-awesome/css/font-awesome.min.css\u001b[39m","time":"2015-11-25T01:32:20.895Z","v":0}
{"name":"hexo","hostname":"xiaoningning-pcdeMacBook-Pro.local","pid":1872,"level":20,"msg":"Added: \u001b[35mthemes/next/source/vendors/jquery_lazyload/CONTRIBUTING.md\u001b[39m","time":"2015-11-25T01:32:20.895Z","v":0}
{"name":"hexo","hostname":"xiaoningning-pcdeMacBook-Pro.local","pid":1872,"level":20,"msg":"Added: \u001b[35mthemes/next/source/vendors/jquery_lazyload/README.md\u001b[39m","time":"2015-11-25T01:32:20.895Z","v":0}
{"name":"hexo","hostname":"xiaoningning-pcdeMacBook-Pro.local","pid":1872,"level":20,"msg":"Added: \u001b[35mthemes/next/source/vendors/font-awesome/fonts/fontawesome-webfont.woff2\u001b[39m","time":"2015-11-25T01:32:20.895Z","v":0}
{"name":"hexo","hostname":"xiaoningning-pcdeMacBook-Pro.local","pid":1872,"level":20,"msg":"Added: \u001b[35mthemes/next/source/vendors/jquery_lazyload/bower.json\u001b[39m","time":"2015-11-25T01:32:20.895Z","v":0}
{"name":"hexo","hostname":"xiaoningning-pcdeMacBook-Pro.local","pid":1872,"level":20,"msg":"Added: \u001b[35mthemes/next/source/vendors/jquery_lazyload/jquery.lazyload.js\u001b[39m","time":"2015-11-25T01:32:20.895Z","v":0}
{"name":"hexo","hostname":"xiaoningning-pcdeMacBook-Pro.local","pid":1872,"level":20,"msg":"Added: \u001b[35mthemes/next/source/vendors/jquery_lazyload/jquery.scrollstop.js\u001b[39m","time":"2015-11-25T01:32:20.895Z","v":0}
{"name":"hexo","hostname":"xiaoningning-pcdeMacBook-Pro.local","pid":1872,"level":20,"msg":"Added: \u001b[35mthemes/next/source/vendors/velocity/bower.json\u001b[39m","time":"2015-11-25T01:32:20.895Z","v":0}
{"name":"hexo","hostname":"xiaoningning-pcdeMacBook-Pro.local","pid":1872,"level":20,"msg":"Added: \u001b[35mthemes/next/source/vendors/velocity/velocity.min.js\u001b[39m","time":"2015-11-25T01:32:20.895Z","v":0}
{"name":"hexo","hostname":"xiaoningning-pcdeMacBook-Pro.local","pid":1872,"level":20,"msg":"Added: \u001b[35mthemes/next/source/vendors/velocity/velocity.ui.js\u001b[39m","time":"2015-11-25T01:32:20.895Z","v":0}
{"name":"hexo","hostname":"xiaoningning-pcdeMacBook-Pro.local","pid":1872,"level":20,"msg":"Added: \u001b[35mthemes/next/source/vendors/velocity/velocity.ui.min.js\u001b[39m","time":"2015-11-25T01:32:20.896Z","v":0}
{"name":"hexo","hostname":"xiaoningning-pcdeMacBook-Pro.local","pid":1872,"level":20,"msg":"Added: \u001b[35mthemes/next/test/helpers.js\u001b[39m","time":"2015-11-25T01:32:20.896Z","v":0}
{"name":"hexo","hostname":"xiaoningning-pcdeMacBook-Pro.local","pid":1872,"level":20,"msg":"Added: \u001b[35mthemes/next/test/intern.js\u001b[39m","time":"2015-11-25T01:32:20.896Z","v":0}
{"name":"hexo","hostname":"xiaoningning-pcdeMacBook-Pro.local","pid":1872,"level":20,"msg":"Processed: \u001b[35mtags/index.md\u001b[39m","time":"2015-11-25T01:32:20.897Z","v":0}
{"name":"hexo","hostname":"xiaoningning-pcdeMacBook-Pro.local","pid":1872,"level":20,"msg":"Processed: \u001b[35mtags/debug.log\u001b[39m","time":"2015-11-25T01:32:20.898Z","v":0}
{"name":"hexo","hostname":"xiaoningning-pcdeMacBook-Pro.local","pid":1872,"level":20,"msg":"Processed: \u001b[35mimages/avator.jpg\u001b[39m","time":"2015-11-25T01:32:20.898Z","v":0}
{"name":"hexo","hostname":"xiaoningning-pcdeMacBook-Pro.local","pid":1872,"level":20,"msg":"Processed: \u001b[35mfonts/icon-foo/icomoon.woff\u001b[39m","time":"2015-11-25T01:32:20.899Z","v":0}
{"name":"hexo","hostname":"xiaoningning-pcdeMacBook-Pro.local","pid":1872,"level":20,"msg":"Processed: \u001b[35mfonts/icon-foo/icomoon.ttf\u001b[39m","time":"2015-11-25T01:32:20.899Z","v":0}
{"name":"hexo","hostname":"xiaoningning-pcdeMacBook-Pro.local","pid":1872,"level":20,"msg":"Processed: \u001b[35mfonts/icon-foo/icomoon.svg\u001b[39m","time":"2015-11-25T01:32:20.900Z","v":0}
{"name":"hexo","hostname":"xiaoningning-pcdeMacBook-Pro.local","pid":1872,"level":20,"msg":"Processed: \u001b[35mfonts/icon-foo/icomoon.eot\u001b[39m","time":"2015-11-25T01:32:20.901Z","v":0}
{"name":"hexo","hostname":"xiaoningning-pcdeMacBook-Pro.local","pid":1872,"level":20,"msg":"Added: \u001b[35mthemes/next/source/vendors/font-awesome/fonts/FontAwesome.otf\u001b[39m","time":"2015-11-25T01:32:20.913Z","v":0}
{"name":"hexo","hostname":"xiaoningning-pcdeMacBook-Pro.local","pid":1872,"level":20,"msg":"Added: \u001b[35mthemes/next/source/vendors/font-awesome/fonts/fontawesome-webfont.eot\u001b[39m","time":"2015-11-25T01:32:20.914Z","v":0}
{"name":"hexo","hostname":"xiaoningning-pcdeMacBook-Pro.local","pid":1872,"level":20,"msg":"Added: \u001b[35mthemes/next/source/vendors/font-awesome/fonts/fontawesome-webfont.woff\u001b[39m","time":"2015-11-25T01:32:20.914Z","v":0}
{"name":"hexo","hostname":"xiaoningning-pcdeMacBook-Pro.local","pid":1872,"level":20,"msg":"Added: \u001b[35mthemes/next/source/vendors/jquery/index.js\u001b[39m","time":"2015-11-25T01:32:20.914Z","v":0}
{"name":"hexo","hostname":"xiaoningning-pcdeMacBook-Pro.local","pid":1872,"level":20,"msg":"Added: \u001b[35mthemes/next/source/vendors/font-awesome/fonts/fontawesome-webfont.ttf\u001b[39m","time":"2015-11-25T01:32:20.914Z","v":0}
{"name":"hexo","hostname":"xiaoningning-pcdeMacBook-Pro.local","pid":1872,"level":20,"msg":"Added: \u001b[35mthemes/next/source/vendors/velocity/velocity.js\u001b[39m","time":"2015-11-25T01:32:20.915Z","v":0}
{"name":"hexo","hostname":"xiaoningning-pcdeMacBook-Pro.local","pid":1872,"level":20,"msg":"Processed: \u001b[35mcategories/index.md\u001b[39m","time":"2015-11-25T01:32:20.916Z","v":0}
{"name":"hexo","hostname":"xiaoningning-pcdeMacBook-Pro.local","pid":1872,"level":20,"msg":"Added: \u001b[35mthemes/next/source/vendors/font-awesome/fonts/fontawesome-webfont.svg\u001b[39m","time":"2015-11-25T01:32:20.917Z","v":0}
{"name":"hexo","hostname":"xiaoningning-pcdeMacBook-Pro.local","pid":1872,"level":20,"msg":"Processed: \u001b[35msource/vendors/velocity/velocity.ui.min.js\u001b[39m","time":"2015-11-25T01:32:20.918Z","v":0}
{"name":"hexo","hostname":"xiaoningning-pcdeMacBook-Pro.local","pid":1872,"level":20,"msg":"Processed: \u001b[35msource/vendors/velocity/velocity.ui.js\u001b[39m","time":"2015-11-25T01:32:20.925Z","v":0}
{"name":"hexo","hostname":"xiaoningning-pcdeMacBook-Pro.local","pid":1872,"level":20,"msg":"Processed: \u001b[35msource/vendors/velocity/velocity.min.js\u001b[39m","time":"2015-11-25T01:32:20.925Z","v":0}
{"name":"hexo","hostname":"xiaoningning-pcdeMacBook-Pro.local","pid":1872,"level":20,"msg":"Processed: \u001b[35msource/vendors/velocity/velocity.js\u001b[39m","time":"2015-11-25T01:32:20.926Z","v":0}
{"name":"hexo","hostname":"xiaoningning-pcdeMacBook-Pro.local","pid":1872,"level":20,"msg":"Processed: \u001b[35msource/vendors/velocity/bower.json\u001b[39m","time":"2015-11-25T01:32:20.926Z","v":0}
{"name":"hexo","hostname":"xiaoningning-pcdeMacBook-Pro.local","pid":1872,"level":20,"msg":"Processed: \u001b[35msource/vendors/jquery_lazyload/jquery.scrollstop.js\u001b[39m","time":"2015-11-25T01:32:20.926Z","v":0}
{"name":"hexo","hostname":"xiaoningning-pcdeMacBook-Pro.local","pid":1872,"level":20,"msg":"Processed: \u001b[35msource/vendors/jquery_lazyload/jquery.lazyload.js\u001b[39m","time":"2015-11-25T01:32:20.927Z","v":0}
{"name":"hexo","hostname":"xiaoningning-pcdeMacBook-Pro.local","pid":1872,"level":20,"msg":"Processed: \u001b[35msource/vendors/jquery_lazyload/bower.json\u001b[39m","time":"2015-11-25T01:32:20.927Z","v":0}
{"name":"hexo","hostname":"xiaoningning-pcdeMacBook-Pro.local","pid":1872,"level":20,"msg":"Processed: \u001b[35msource/vendors/jquery_lazyload/README.md\u001b[39m","time":"2015-11-25T01:32:20.927Z","v":0}
{"name":"hexo","hostname":"xiaoningning-pcdeMacBook-Pro.local","pid":1872,"level":20,"msg":"Processed: \u001b[35msource/vendors/jquery_lazyload/CONTRIBUTING.md\u001b[39m","time":"2015-11-25T01:32:20.928Z","v":0}
{"name":"hexo","hostname":"xiaoningning-pcdeMacBook-Pro.local","pid":1872,"level":20,"msg":"Processed: \u001b[35msource/vendors/jquery/index.js\u001b[39m","time":"2015-11-25T01:32:20.928Z","v":0}
{"name":"hexo","hostname":"xiaoningning-pcdeMacBook-Pro.local","pid":1872,"level":20,"msg":"Processed: \u001b[35msource/vendors/font-awesome/fonts/fontawesome-webfont.woff2\u001b[39m","time":"2015-11-25T01:32:20.928Z","v":0}
{"name":"hexo","hostname":"xiaoningning-pcdeMacBook-Pro.local","pid":1872,"level":20,"msg":"Processed: \u001b[35msource/vendors/font-awesome/fonts/fontawesome-webfont.woff\u001b[39m","time":"2015-11-25T01:32:20.929Z","v":0}
{"name":"hexo","hostname":"xiaoningning-pcdeMacBook-Pro.local","pid":1872,"level":20,"msg":"Processed: \u001b[35msource/vendors/font-awesome/fonts/fontawesome-webfont.ttf\u001b[39m","time":"2015-11-25T01:32:20.929Z","v":0}
{"name":"hexo","hostname":"xiaoningning-pcdeMacBook-Pro.local","pid":1872,"level":20,"msg":"Processed: \u001b[35msource/vendors/font-awesome/fonts/fontawesome-webfont.svg\u001b[39m","time":"2015-11-25T01:32:20.929Z","v":0}
{"name":"hexo","hostname":"xiaoningning-pcdeMacBook-Pro.local","pid":1872,"level":20,"msg":"Processed: \u001b[35msource/vendors/font-awesome/fonts/fontawesome-webfont.eot\u001b[39m","time":"2015-11-25T01:32:20.930Z","v":0}
{"name":"hexo","hostname":"xiaoningning-pcdeMacBook-Pro.local","pid":1872,"level":20,"msg":"Processed: \u001b[35msource/vendors/font-awesome/fonts/FontAwesome.otf\u001b[39m","time":"2015-11-25T01:32:20.930Z","v":0}
{"name":"hexo","hostname":"xiaoningning-pcdeMacBook-Pro.local","pid":1872,"level":20,"msg":"Processed: \u001b[35msource/vendors/font-awesome/css/font-awesome.min.css\u001b[39m","time":"2015-11-25T01:32:20.930Z","v":0}
{"name":"hexo","hostname":"xiaoningning-pcdeMacBook-Pro.local","pid":1872,"level":20,"msg":"Processed: \u001b[35msource/vendors/font-awesome/css/font-awesome.css.map\u001b[39m","time":"2015-11-25T01:32:20.930Z","v":0}
{"name":"hexo","hostname":"xiaoningning-pcdeMacBook-Pro.local","pid":1872,"level":20,"msg":"Processed: \u001b[35msource/vendors/font-awesome/css/font-awesome.css\u001b[39m","time":"2015-11-25T01:32:20.931Z","v":0}
{"name":"hexo","hostname":"xiaoningning-pcdeMacBook-Pro.local","pid":1872,"level":20,"msg":"Processed: \u001b[35msource/vendors/font-awesome/bower.json\u001b[39m","time":"2015-11-25T01:32:20.931Z","v":0}
{"name":"hexo","hostname":"xiaoningning-pcdeMacBook-Pro.local","pid":1872,"level":20,"msg":"Processed: \u001b[35msource/vendors/font-awesome/HELP-US-OUT.txt\u001b[39m","time":"2015-11-25T01:32:20.931Z","v":0}
{"name":"hexo","hostname":"xiaoningning-pcdeMacBook-Pro.local","pid":1872,"level":20,"msg":"Processed: \u001b[35msource/vendors/fastclick/lib/fastclick.min.js\u001b[39m","time":"2015-11-25T01:32:20.931Z","v":0}
{"name":"hexo","hostname":"xiaoningning-pcdeMacBook-Pro.local","pid":1872,"level":20,"msg":"Processed: \u001b[35msource/vendors/fastclick/lib/fastclick.js\u001b[39m","time":"2015-11-25T01:32:20.932Z","v":0}
{"name":"hexo","hostname":"xiaoningning-pcdeMacBook-Pro.local","pid":1872,"level":20,"msg":"Processed: \u001b[35msource/vendors/fastclick/bower.json\u001b[39m","time":"2015-11-25T01:32:20.932Z","v":0}
{"name":"hexo","hostname":"xiaoningning-pcdeMacBook-Pro.local","pid":1872,"level":20,"msg":"Processed: \u001b[35msource/vendors/fastclick/README.md\u001b[39m","time":"2015-11-25T01:32:20.932Z","v":0}
{"name":"hexo","hostname":"xiaoningning-pcdeMacBook-Pro.local","pid":1872,"level":20,"msg":"Processed: \u001b[35msource/vendors/fastclick/LICENSE\u001b[39m","time":"2015-11-25T01:32:20.932Z","v":0}
{"name":"hexo","hostname":"xiaoningning-pcdeMacBook-Pro.local","pid":1872,"level":20,"msg":"Processed: \u001b[35msource/vendors/fancybox/source/jquery.fancybox.pack.js\u001b[39m","time":"2015-11-25T01:32:20.932Z","v":0}
{"name":"hexo","hostname":"xiaoningning-pcdeMacBook-Pro.local","pid":1872,"level":20,"msg":"Processed: \u001b[35msource/vendors/fancybox/source/jquery.fancybox.js\u001b[39m","time":"2015-11-25T01:32:20.933Z","v":0}
{"name":"hexo","hostname":"xiaoningning-pcdeMacBook-Pro.local","pid":1872,"level":20,"msg":"Processed: \u001b[35msource/vendors/fancybox/source/jquery.fancybox.css\u001b[39m","time":"2015-11-25T01:32:20.933Z","v":0}
{"name":"hexo","hostname":"xiaoningning-pcdeMacBook-Pro.local","pid":1872,"level":20,"msg":"Processed: \u001b[35msource/vendors/fancybox/source/helpers/jquery.fancybox-thumbs.js\u001b[39m","time":"2015-11-25T01:32:20.933Z","v":0}
{"name":"hexo","hostname":"xiaoningning-pcdeMacBook-Pro.local","pid":1872,"level":20,"msg":"Processed: \u001b[35msource/vendors/fancybox/source/helpers/jquery.fancybox-thumbs.css\u001b[39m","time":"2015-11-25T01:32:20.933Z","v":0}
{"name":"hexo","hostname":"xiaoningning-pcdeMacBook-Pro.local","pid":1872,"level":20,"msg":"Processed: \u001b[35msource/vendors/fancybox/source/helpers/jquery.fancybox-media.js\u001b[39m","time":"2015-11-25T01:32:20.934Z","v":0}
{"name":"hexo","hostname":"xiaoningning-pcdeMacBook-Pro.local","pid":1872,"level":20,"msg":"Processed: \u001b[35msource/vendors/fancybox/source/helpers/jquery.fancybox-buttons.js\u001b[39m","time":"2015-11-25T01:32:20.934Z","v":0}
{"name":"hexo","hostname":"xiaoningning-pcdeMacBook-Pro.local","pid":1872,"level":20,"msg":"Processed: \u001b[35msource/vendors/fancybox/source/helpers/jquery.fancybox-buttons.css\u001b[39m","time":"2015-11-25T01:32:20.934Z","v":0}
{"name":"hexo","hostname":"xiaoningning-pcdeMacBook-Pro.local","pid":1872,"level":20,"msg":"Processed: \u001b[35msource/vendors/fancybox/source/helpers/fancybox_buttons.png\u001b[39m","time":"2015-11-25T01:32:20.934Z","v":0}
{"name":"hexo","hostname":"xiaoningning-pcdeMacBook-Pro.local","pid":1872,"level":20,"msg":"Processed: \u001b[35msource/vendors/fancybox/source/fancybox_sprite@2x.png\u001b[39m","time":"2015-11-25T01:32:20.934Z","v":0}
{"name":"hexo","hostname":"xiaoningning-pcdeMacBook-Pro.local","pid":1872,"level":20,"msg":"Processed: \u001b[35msource/vendors/fancybox/source/fancybox_sprite.png\u001b[39m","time":"2015-11-25T01:32:20.935Z","v":0}
{"name":"hexo","hostname":"xiaoningning-pcdeMacBook-Pro.local","pid":1872,"level":20,"msg":"Processed: \u001b[35msource/vendors/fancybox/source/fancybox_overlay.png\u001b[39m","time":"2015-11-25T01:32:20.935Z","v":0}
{"name":"hexo","hostname":"xiaoningning-pcdeMacBook-Pro.local","pid":1872,"level":20,"msg":"Processed: \u001b[35msource/vendors/fancybox/source/fancybox_loading@2x.gif\u001b[39m","time":"2015-11-25T01:32:20.935Z","v":0}
{"name":"hexo","hostname":"xiaoningning-pcdeMacBook-Pro.local","pid":1872,"level":20,"msg":"Processed: \u001b[35msource/vendors/fancybox/source/fancybox_loading.gif\u001b[39m","time":"2015-11-25T01:32:20.935Z","v":0}
{"name":"hexo","hostname":"xiaoningning-pcdeMacBook-Pro.local","pid":1872,"level":20,"msg":"Processed: \u001b[35msource/vendors/fancybox/source/blank.gif\u001b[39m","time":"2015-11-25T01:32:20.936Z","v":0}
{"name":"hexo","hostname":"xiaoningning-pcdeMacBook-Pro.local","pid":1872,"level":20,"msg":"Processed: \u001b[35msource/js/ua-parser.min.js\u001b[39m","time":"2015-11-25T01:32:20.936Z","v":0}
{"name":"hexo","hostname":"xiaoningning-pcdeMacBook-Pro.local","pid":1872,"level":20,"msg":"Processed: \u001b[35msource/js/motion.js\u001b[39m","time":"2015-11-25T01:32:20.936Z","v":0}
{"name":"hexo","hostname":"xiaoningning-pcdeMacBook-Pro.local","pid":1872,"level":20,"msg":"Processed: \u001b[35msource/js/hook-duoshuo.js\u001b[39m","time":"2015-11-25T01:32:20.936Z","v":0}
{"name":"hexo","hostname":"xiaoningning-pcdeMacBook-Pro.local","pid":1872,"level":20,"msg":"Processed: \u001b[35msource/js/helpers.js\u001b[39m","time":"2015-11-25T01:32:20.937Z","v":0}
{"name":"hexo","hostname":"xiaoningning-pcdeMacBook-Pro.local","pid":1872,"level":20,"msg":"Processed: \u001b[35msource/js/fancy-box.js\u001b[39m","time":"2015-11-25T01:32:20.937Z","v":0}
{"name":"hexo","hostname":"xiaoningning-pcdeMacBook-Pro.local","pid":1872,"level":20,"msg":"Processed: \u001b[35msource/js/bootstrap.scrollspy.js\u001b[39m","time":"2015-11-25T01:32:20.937Z","v":0}
{"name":"hexo","hostname":"xiaoningning-pcdeMacBook-Pro.local","pid":1872,"level":20,"msg":"Processed: \u001b[35msource/js/bootstrap.js\u001b[39m","time":"2015-11-25T01:32:20.939Z","v":0}
{"name":"hexo","hostname":"xiaoningning-pcdeMacBook-Pro.local","pid":1872,"level":20,"msg":"Processed: \u001b[35msource/images/searchicon.png\u001b[39m","time":"2015-11-25T01:32:20.939Z","v":0}
{"name":"hexo","hostname":"xiaoningning-pcdeMacBook-Pro.local","pid":1872,"level":20,"msg":"Processed: \u001b[35msource/images/quote-r.svg\u001b[39m","time":"2015-11-25T01:32:20.940Z","v":0}
{"name":"hexo","hostname":"xiaoningning-pcdeMacBook-Pro.local","pid":1872,"level":20,"msg":"Processed: \u001b[35msource/images/quote-l.svg\u001b[39m","time":"2015-11-25T01:32:20.941Z","v":0}
{"name":"hexo","hostname":"xiaoningning-pcdeMacBook-Pro.local","pid":1872,"level":20,"msg":"Processed: \u001b[35msource/images/placeholder.gif\u001b[39m","time":"2015-11-25T01:32:20.941Z","v":0}
{"name":"hexo","hostname":"xiaoningning-pcdeMacBook-Pro.local","pid":1872,"level":20,"msg":"Processed: \u001b[35msource/images/loading.gif\u001b[39m","time":"2015-11-25T01:32:20.941Z","v":0}
{"name":"hexo","hostname":"xiaoningning-pcdeMacBook-Pro.local","pid":1872,"level":20,"msg":"Processed: \u001b[35msource/images/cc-zero.svg\u001b[39m","time":"2015-11-25T01:32:20.941Z","v":0}
{"name":"hexo","hostname":"xiaoningning-pcdeMacBook-Pro.local","pid":1872,"level":20,"msg":"Processed: \u001b[35msource/images/cc-by.svg\u001b[39m","time":"2015-11-25T01:32:20.942Z","v":0}
{"name":"hexo","hostname":"xiaoningning-pcdeMacBook-Pro.local","pid":1872,"level":20,"msg":"Processed: \u001b[35msource/images/cc-by-sa.svg\u001b[39m","time":"2015-11-25T01:32:20.942Z","v":0}
{"name":"hexo","hostname":"xiaoningning-pcdeMacBook-Pro.local","pid":1872,"level":20,"msg":"Processed: \u001b[35msource/images/cc-by-nd.svg\u001b[39m","time":"2015-11-25T01:32:20.942Z","v":0}
{"name":"hexo","hostname":"xiaoningning-pcdeMacBook-Pro.local","pid":1872,"level":20,"msg":"Processed: \u001b[35msource/images/cc-by-nc.svg\u001b[39m","time":"2015-11-25T01:32:20.942Z","v":0}
{"name":"hexo","hostname":"xiaoningning-pcdeMacBook-Pro.local","pid":1872,"level":20,"msg":"Processed: \u001b[35msource/images/cc-by-nc-sa.svg\u001b[39m","time":"2015-11-25T01:32:20.943Z","v":0}
{"name":"hexo","hostname":"xiaoningning-pcdeMacBook-Pro.local","pid":1872,"level":20,"msg":"Processed: \u001b[35msource/images/cc-by-nc-nd.svg\u001b[39m","time":"2015-11-25T01:32:20.943Z","v":0}
{"name":"hexo","hostname":"xiaoningning-pcdeMacBook-Pro.local","pid":1872,"level":20,"msg":"Processed: \u001b[35msource/css/main.styl\u001b[39m","time":"2015-11-25T01:32:20.943Z","v":0}
{"name":"hexo","hostname":"xiaoningning-pcdeMacBook-Pro.local","pid":1872,"level":20,"msg":"Processed: \u001b[35mabout/index.md\u001b[39m","time":"2015-11-25T01:32:20.949Z","v":0}
{"name":"hexo","hostname":"xiaoningning-pcdeMacBook-Pro.local","pid":1872,"level":20,"msg":"Processed: \u001b[35mlayout/tag.swig\u001b[39m","time":"2015-11-25T01:32:20.950Z","v":0}
{"name":"hexo","hostname":"xiaoningning-pcdeMacBook-Pro.local","pid":1872,"level":20,"msg":"Processed: \u001b[35mabout/index-1.md\u001b[39m","time":"2015-11-25T01:32:20.952Z","v":0}
{"name":"hexo","hostname":"xiaoningning-pcdeMacBook-Pro.local","pid":1872,"level":20,"msg":"Processed: \u001b[35mabout/debug.log\u001b[39m","time":"2015-11-25T01:32:20.953Z","v":0}
{"name":"hexo","hostname":"xiaoningning-pcdeMacBook-Pro.local","pid":1872,"level":20,"msg":"Processed: \u001b[35mlayout/post.swig\u001b[39m","time":"2015-11-25T01:32:20.954Z","v":0}
{"name":"hexo","hostname":"xiaoningning-pcdeMacBook-Pro.local","pid":1872,"level":20,"msg":"Processed: \u001b[35m_posts/hello-world.md\u001b[39m","time":"2015-11-25T01:32:20.958Z","v":0}
{"name":"hexo","hostname":"xiaoningning-pcdeMacBook-Pro.local","pid":1872,"level":20,"msg":"Processed: \u001b[35mlayout/page.swig\u001b[39m","time":"2015-11-25T01:32:20.975Z","v":0}
{"name":"hexo","hostname":"xiaoningning-pcdeMacBook-Pro.local","pid":1872,"level":20,"msg":"Processed: \u001b[35mlayout/index.swig\u001b[39m","time":"2015-11-25T01:32:20.976Z","v":0}
{"name":"hexo","hostname":"xiaoningning-pcdeMacBook-Pro.local","pid":1872,"level":20,"msg":"Processed: \u001b[35mlayout/category.swig\u001b[39m","time":"2015-11-25T01:32:20.977Z","v":0}
{"name":"hexo","hostname":"xiaoningning-pcdeMacBook-Pro.local","pid":1872,"level":20,"msg":"Processed: \u001b[35mlayout/archive.swig\u001b[39m","time":"2015-11-25T01:32:20.978Z","v":0}
{"name":"hexo","hostname":"xiaoningning-pcdeMacBook-Pro.local","pid":1872,"level":20,"msg":"Processed: \u001b[35mlayout/_scripts/tinysou.swig\u001b[39m","time":"2015-11-25T01:32:20.981Z","v":0}
{"name":"hexo","hostname":"xiaoningning-pcdeMacBook-Pro.local","pid":1872,"level":20,"msg":"Processed: \u001b[35mlayout/_scripts/pages/post-details.swig\u001b[39m","time":"2015-11-25T01:32:20.985Z","v":0}
{"name":"hexo","hostname":"xiaoningning-pcdeMacBook-Pro.local","pid":1872,"level":20,"msg":"Processed: \u001b[35mlayout/_scripts/motion.swig\u001b[39m","time":"2015-11-25T01:32:20.985Z","v":0}
{"name":"hexo","hostname":"xiaoningning-pcdeMacBook-Pro.local","pid":1872,"level":20,"msg":"Processed: \u001b[35mlayout/_scripts/mathjax.swig\u001b[39m","time":"2015-11-25T01:32:20.986Z","v":0}
{"name":"hexo","hostname":"xiaoningning-pcdeMacBook-Pro.local","pid":1872,"level":20,"msg":"Processed: \u001b[35mlayout/_scripts/helpers.swig\u001b[39m","time":"2015-11-25T01:32:20.987Z","v":0}
{"name":"hexo","hostname":"xiaoningning-pcdeMacBook-Pro.local","pid":1872,"level":20,"msg":"Processed: \u001b[35mlayout/_scripts/fancy-box.swig\u001b[39m","time":"2015-11-25T01:32:20.988Z","v":0}
{"name":"hexo","hostname":"xiaoningning-pcdeMacBook-Pro.local","pid":1872,"level":20,"msg":"Processed: \u001b[35mlayout/_scripts/comments/duoshuo.swig\u001b[39m","time":"2015-11-25T01:32:20.989Z","v":0}
{"name":"hexo","hostname":"xiaoningning-pcdeMacBook-Pro.local","pid":1872,"level":20,"msg":"Processed: \u001b[35mlayout/_scripts/comments/disqus.swig\u001b[39m","time":"2015-11-25T01:32:20.989Z","v":0}
{"name":"hexo","hostname":"xiaoningning-pcdeMacBook-Pro.local","pid":1872,"level":20,"msg":"Processed: \u001b[35mlayout/_scripts/bootstrap.scrollspy.swig\u001b[39m","time":"2015-11-25T01:32:20.990Z","v":0}
{"name":"hexo","hostname":"xiaoningning-pcdeMacBook-Pro.local","pid":1872,"level":20,"msg":"Processed: \u001b[35mlayout/_scripts/baidushare.swig\u001b[39m","time":"2015-11-25T01:32:20.991Z","v":0}
{"name":"hexo","hostname":"xiaoningning-pcdeMacBook-Pro.local","pid":1872,"level":20,"msg":"Processed: \u001b[35mlayout/_scripts/analytics.swig\u001b[39m","time":"2015-11-25T01:32:20.991Z","v":0}
{"name":"hexo","hostname":"xiaoningning-pcdeMacBook-Pro.local","pid":1872,"level":20,"msg":"Processed: \u001b[35mlayout/_scripts/analytics/google-analytics.swig\u001b[39m","time":"2015-11-25T01:32:20.992Z","v":0}
{"name":"hexo","hostname":"xiaoningning-pcdeMacBook-Pro.local","pid":1872,"level":20,"msg":"Processed: \u001b[35mlayout/_scripts/analytics/facebook-sdk.swig\u001b[39m","time":"2015-11-25T01:32:20.992Z","v":0}
{"name":"hexo","hostname":"xiaoningning-pcdeMacBook-Pro.local","pid":1872,"level":20,"msg":"Processed: \u001b[35mlayout/_scripts/analytics/baidu-analytics.swig\u001b[39m","time":"2015-11-25T01:32:20.994Z","v":0}
{"name":"hexo","hostname":"xiaoningning-pcdeMacBook-Pro.local","pid":1872,"level":20,"msg":"Processed: \u001b[35mlayout/_partials/share/jiathis.swig\u001b[39m","time":"2015-11-25T01:32:20.994Z","v":0}
{"name":"hexo","hostname":"xiaoningning-pcdeMacBook-Pro.local","pid":1872,"level":20,"msg":"Processed: \u001b[35mlayout/_partials/share/duoshuo_share.swig\u001b[39m","time":"2015-11-25T01:32:20.995Z","v":0}
{"name":"hexo","hostname":"xiaoningning-pcdeMacBook-Pro.local","pid":1872,"level":20,"msg":"Processed: \u001b[35mlayout/_partials/search.swig\u001b[39m","time":"2015-11-25T01:32:20.996Z","v":0}
{"name":"hexo","hostname":"xiaoningning-pcdeMacBook-Pro.local","pid":1872,"level":20,"msg":"Processed: \u001b[35mlayout/_partials/search/tinysou.swig\u001b[39m","time":"2015-11-25T01:32:20.996Z","v":0}
{"name":"hexo","hostname":"xiaoningning-pcdeMacBook-Pro.local","pid":1872,"level":20,"msg":"Processed: \u001b[35mlayout/_partials/search/swiftype.swig\u001b[39m","time":"2015-11-25T01:32:20.997Z","v":0}
{"name":"hexo","hostname":"xiaoningning-pcdeMacBook-Pro.local","pid":1872,"level":20,"msg":"Processed: \u001b[35mlayout/_partials/pagination.swig\u001b[39m","time":"2015-11-25T01:32:20.997Z","v":0}
{"name":"hexo","hostname":"xiaoningning-pcdeMacBook-Pro.local","pid":1872,"level":20,"msg":"Processed: \u001b[35mlayout/_partials/old-browsers.swig\u001b[39m","time":"2015-11-25T01:32:20.998Z","v":0}
{"name":"hexo","hostname":"xiaoningning-pcdeMacBook-Pro.local","pid":1872,"level":20,"msg":"Processed: \u001b[35mlayout/_partials/header.swig\u001b[39m","time":"2015-11-25T01:32:20.998Z","v":0}
{"name":"hexo","hostname":"xiaoningning-pcdeMacBook-Pro.local","pid":1872,"level":20,"msg":"Processed: \u001b[35mlayout/_partials/head.swig\u001b[39m","time":"2015-11-25T01:32:20.999Z","v":0}
{"name":"hexo","hostname":"xiaoningning-pcdeMacBook-Pro.local","pid":1872,"level":20,"msg":"Processed: \u001b[35mlayout/_partials/footer.swig\u001b[39m","time":"2015-11-25T01:32:20.999Z","v":0}
{"name":"hexo","hostname":"xiaoningning-pcdeMacBook-Pro.local","pid":1872,"level":20,"msg":"Processed: \u001b[35mlayout/_partials/duoshuo-hot-articles.swig\u001b[39m","time":"2015-11-25T01:32:20.999Z","v":0}
{"name":"hexo","hostname":"xiaoningning-pcdeMacBook-Pro.local","pid":1872,"level":20,"msg":"Processed: \u001b[35mlayout/_partials/comments.swig\u001b[39m","time":"2015-11-25T01:32:21.000Z","v":0}
{"name":"hexo","hostname":"xiaoningning-pcdeMacBook-Pro.local","pid":1872,"level":20,"msg":"Processed: \u001b[35mlayout/_macro/sidebar.swig\u001b[39m","time":"2015-11-25T01:32:21.000Z","v":0}
{"name":"hexo","hostname":"xiaoningning-pcdeMacBook-Pro.local","pid":1872,"level":20,"msg":"Processed: \u001b[35mlayout/_macro/post.swig\u001b[39m","time":"2015-11-25T01:32:21.001Z","v":0}
{"name":"hexo","hostname":"xiaoningning-pcdeMacBook-Pro.local","pid":1872,"level":20,"msg":"Processed: \u001b[35mlayout/_macro/post-collapse.swig\u001b[39m","time":"2015-11-25T01:32:21.001Z","v":0}
{"name":"hexo","hostname":"xiaoningning-pcdeMacBook-Pro.local","pid":1872,"level":20,"msg":"Processed: \u001b[35mlayout/_layout.swig\u001b[39m","time":"2015-11-25T01:32:21.002Z","v":0}
{"name":"hexo","hostname":"xiaoningning-pcdeMacBook-Pro.local","pid":1872,"level":20,"msg":"Processed: \u001b[35mlanguages/zh-tw.yml\u001b[39m","time":"2015-11-25T01:32:21.004Z","v":0}
{"name":"hexo","hostname":"xiaoningning-pcdeMacBook-Pro.local","pid":1872,"level":20,"msg":"Processed: \u001b[35mlanguages/zh-hk.yml\u001b[39m","time":"2015-11-25T01:32:21.005Z","v":0}
{"name":"hexo","hostname":"xiaoningning-pcdeMacBook-Pro.local","pid":1872,"level":20,"msg":"Processed: \u001b[35mlanguages/zh-Hans.yml\u001b[39m","time":"2015-11-25T01:32:21.015Z","v":0}
{"name":"hexo","hostname":"xiaoningning-pcdeMacBook-Pro.local","pid":1872,"level":20,"msg":"Processed: \u001b[35mlanguages/ru.yml\u001b[39m","time":"2015-11-25T01:32:21.017Z","v":0}
{"name":"hexo","hostname":"xiaoningning-pcdeMacBook-Pro.local","pid":1872,"level":20,"msg":"Processed: \u001b[35mlanguages/pt.yml\u001b[39m","time":"2015-11-25T01:32:21.018Z","v":0}
{"name":"hexo","hostname":"xiaoningning-pcdeMacBook-Pro.local","pid":1872,"level":20,"msg":"Processed: \u001b[35mlanguages/fr-FR.yml\u001b[39m","time":"2015-11-25T01:32:21.019Z","v":0}
{"name":"hexo","hostname":"xiaoningning-pcdeMacBook-Pro.local","pid":1872,"level":20,"msg":"Processed: \u001b[35mlanguages/en.yml\u001b[39m","time":"2015-11-25T01:32:21.020Z","v":0}
{"name":"hexo","hostname":"xiaoningning-pcdeMacBook-Pro.local","pid":1872,"level":20,"msg":"Processed: \u001b[35mlanguages/default.yml\u001b[39m","time":"2015-11-25T01:32:21.021Z","v":0}
{"name":"hexo","hostname":"xiaoningning-pcdeMacBook-Pro.local","pid":1872,"level":20,"msg":"Processed: \u001b[35mlanguages/de.yml\u001b[39m","time":"2015-11-25T01:32:21.021Z","v":0}
{"name":"hexo","hostname":"xiaoningning-pcdeMacBook-Pro.local","pid":1872,"level":20,"msg":"Theme config loaded.","time":"2015-11-25T01:32:21.022Z","v":0}
{"name":"hexo","hostname":"xiaoningning-pcdeMacBook-Pro.local","pid":1872,"level":20,"msg":"Processed: \u001b[35m_config.yml\u001b[39m","time":"2015-11-25T01:32:21.023Z","v":0}
{"name":"hexo","hostname":"xiaoningning-pcdeMacBook-Pro.local","pid":1872,"level":20,"msg":"Generator: \u001b[35mpage\u001b[39m","time":"2015-11-25T01:32:21.284Z","v":0}
{"name":"hexo","hostname":"xiaoningning-pcdeMacBook-Pro.local","pid":1872,"level":20,"msg":"Generator: \u001b[35mpost\u001b[39m","time":"2015-11-25T01:32:21.285Z","v":0}
{"name":"hexo","hostname":"xiaoningning-pcdeMacBook-Pro.local","pid":1872,"level":20,"msg":"Generator: \u001b[35marchive\u001b[39m","time":"2015-11-25T01:32:21.285Z","v":0}
{"name":"hexo","hostname":"xiaoningning-pcdeMacBook-Pro.local","pid":1872,"level":20,"msg":"Generator: \u001b[35mcategory\u001b[39m","time":"2015-11-25T01:32:21.286Z","v":0}
{"name":"hexo","hostname":"xiaoningning-pcdeMacBook-Pro.local","pid":1872,"level":20,"msg":"Generator: \u001b[35mfeed\u001b[39m","time":"2015-11-25T01:32:21.286Z","v":0}
{"name":"hexo","hostname":"xiaoningning-pcdeMacBook-Pro.local","pid":1872,"level":20,"msg":"Generator: \u001b[35mtag\u001b[39m","time":"2015-11-25T01:32:21.286Z","v":0}
{"name":"hexo","hostname":"xiaoningning-pcdeMacBook-Pro.local","pid":1872,"level":20,"msg":"Generator: \u001b[35mindex\u001b[39m","time":"2015-11-25T01:32:21.286Z","v":0}
{"name":"hexo","hostname":"xiaoningning-pcdeMacBook-Pro.local","pid":1872,"level":20,"msg":"Generator: \u001b[35masset\u001b[39m","time":"2015-11-25T01:32:21.287Z","v":0}
{"name":"hexo","hostname":"xiaoningning-pcdeMacBook-Pro.local","pid":1872,"level":30,"msg":"Hexo is running at \u001b[4mhttp://0.0.0.0:4000/\u001b[24m. Press Ctrl+C to stop.","time":"2015-11-25T01:32:21.293Z","v":0}
{"name":"hexo","hostname":"xiaoningning-pcdeMacBook-Pro.local","pid":1872,"level":20,"msg":"Database saved","time":"2015-11-25T01:32:21.303Z","v":0}
{"name":"hexo","hostname":"xiaoningning-pcdeMacBook-Pro.local","pid":1872,"level":20,"msg":"Rendering index: \u001b[35mindex.html\u001b[39m","time":"2015-11-25T01:32:23.377Z","v":0}
{"name":"hexo","hostname":"xiaoningning-pcdeMacBook-Pro.local","pid":1872,"level":30,"msg":"Catch you later","time":"2015-11-25T01:33:12.101Z","v":0}
{"name":"hexo","hostname":"xiaoningning-pcdeMacBook-Pro.local","pid":1872,"level":20,"msg":"Database saved","time":"2015-11-25T01:33:12.112Z","v":0}
