{"name":"hexo","hostname":"xiaoningning-pcdeMacBook-Pro.local","pid":1567,"level":20,"msg":"Hexo version: \u001b[35m3.1.1\u001b[39m","time":"2015-11-25T01:15:36.992Z","v":0}
{"name":"hexo","hostname":"xiaoningning-pcdeMacBook-Pro.local","pid":1567,"level":20,"msg":"Working directory: \u001b[35m~/git/hexo/\u001b[39m","time":"2015-11-25T01:15:36.998Z","v":0}
{"name":"hexo","hostname":"xiaoningning-pcdeMacBook-Pro.local","pid":1567,"level":20,"msg":"Config loaded: \u001b[35m~/git/hexo/_config.yml\u001b[39m","time":"2015-11-25T01:15:37.138Z","v":0}
{"name":"hexo","hostname":"xiaoningning-pcdeMacBook-Pro.local","pid":1567,"level":20,"msg":"Plugin loaded: \u001b[35mhexo-deployer-git\u001b[39m","time":"2015-11-25T01:15:37.337Z","v":0}
{"name":"hexo","hostname":"xiaoningning-pcdeMacBook-Pro.local","pid":1567,"level":20,"msg":"Plugin loaded: \u001b[35mhexo-generator-archive\u001b[39m","time":"2015-11-25T01:15:37.341Z","v":0}
{"name":"hexo","hostname":"xiaoningning-pcdeMacBook-Pro.local","pid":1567,"level":20,"msg":"Plugin loaded: \u001b[35mhexo-generator-category\u001b[39m","time":"2015-11-25T01:15:37.344Z","v":0}
{"name":"hexo","hostname":"xiaoningning-pcdeMacBook-Pro.local","pid":1567,"level":20,"msg":"Plugin loaded: \u001b[35mhexo-generator-feed\u001b[39m","time":"2015-11-25T01:15:37.349Z","v":0}
{"name":"hexo","hostname":"xiaoningning-pcdeMacBook-Pro.local","pid":1567,"level":20,"msg":"Plugin loaded: \u001b[35mhexo-generator-index\u001b[39m","time":"2015-11-25T01:15:37.352Z","v":0}
{"name":"hexo","hostname":"xiaoningning-pcdeMacBook-Pro.local","pid":1567,"level":20,"msg":"Plugin loaded: \u001b[35mhexo-generator-tag\u001b[39m","time":"2015-11-25T01:15:37.355Z","v":0}
{"name":"hexo","hostname":"xiaoningning-pcdeMacBook-Pro.local","pid":1567,"level":20,"msg":"Plugin loaded: \u001b[35mhexo-renderer-ejs\u001b[39m","time":"2015-11-25T01:15:37.367Z","v":0}
{"name":"hexo","hostname":"xiaoningning-pcdeMacBook-Pro.local","pid":1567,"level":20,"msg":"Plugin loaded: \u001b[35mhexo-renderer-marked\u001b[39m","time":"2015-11-25T01:15:37.417Z","v":0}
{"name":"hexo","hostname":"xiaoningning-pcdeMacBook-Pro.local","pid":1567,"level":20,"msg":"Plugin loaded: \u001b[35mhexo-renderer-stylus\u001b[39m","time":"2015-11-25T01:15:37.533Z","v":0}
{"name":"hexo","hostname":"xiaoningning-pcdeMacBook-Pro.local","pid":1567,"level":20,"msg":"Plugin loaded: \u001b[35mhexo-server\u001b[39m","time":"2015-11-25T01:15:37.630Z","v":0}
{"name":"hexo","hostname":"xiaoningning-pcdeMacBook-Pro.local","pid":1567,"level":20,"msg":"Script loaded: \u001b[35mthemes/next/scripts/filters/sticky.js\u001b[39m","time":"2015-11-25T01:15:37.630Z","v":0}
{"name":"hexo","hostname":"xiaoningning-pcdeMacBook-Pro.local","pid":1567,"level":20,"msg":"Script loaded: \u001b[35mthemes/next/scripts/merge-configs.js\u001b[39m","time":"2015-11-25T01:15:37.631Z","v":0}
{"name":"hexo","hostname":"xiaoningning-pcdeMacBook-Pro.local","pid":1567,"level":20,"msg":"Script loaded: \u001b[35mthemes/next/scripts/tags/center-quote.js\u001b[39m","time":"2015-11-25T01:15:37.631Z","v":0}
{"name":"hexo","hostname":"xiaoningning-pcdeMacBook-Pro.local","pid":1567,"level":20,"msg":"Script loaded: \u001b[35mthemes/next/scripts/tags/full-image.js\u001b[39m","time":"2015-11-25T01:15:37.632Z","v":0}
{"name":"hexo","hostname":"xiaoningning-pcdeMacBook-Pro.local","pid":1567,"level":20,"msg":"Script loaded: \u001b[35mthemes/next/scripts/tags/group-pictures.js\u001b[39m","time":"2015-11-25T01:15:37.633Z","v":0}
{"name":"hexo","hostname":"xiaoningning-pcdeMacBook-Pro.local","pid":1567,"level":20,"msg":"Loading database.","time":"2015-11-25T01:15:37.640Z","v":0}
{"name":"hexo","hostname":"xiaoningning-pcdeMacBook-Pro.local","pid":1567,"level":20,"msg":"Added: \u001b[35msource/CNAME\u001b[39m","time":"2015-11-25T01:15:37.671Z","v":0}
{"name":"hexo","hostname":"xiaoningning-pcdeMacBook-Pro.local","pid":1567,"level":20,"msg":"Added: \u001b[35msource/_posts/hello-world.md\u001b[39m","time":"2015-11-25T01:15:37.672Z","v":0}
{"name":"hexo","hostname":"xiaoningning-pcdeMacBook-Pro.local","pid":1567,"level":20,"msg":"Added: \u001b[35msource/css/_fonts/icon-foo.styl\u001b[39m","time":"2015-11-25T01:15:37.672Z","v":0}
{"name":"hexo","hostname":"xiaoningning-pcdeMacBook-Pro.local","pid":1567,"level":20,"msg":"Added: \u001b[35msource/fonts/icon-foo/icomoon.eot\u001b[39m","time":"2015-11-25T01:15:37.672Z","v":0}
{"name":"hexo","hostname":"xiaoningning-pcdeMacBook-Pro.local","pid":1567,"level":20,"msg":"Added: \u001b[35msource/fonts/icon-foo/icomoon.svg\u001b[39m","time":"2015-11-25T01:15:37.672Z","v":0}
{"name":"hexo","hostname":"xiaoningning-pcdeMacBook-Pro.local","pid":1567,"level":20,"msg":"Added: \u001b[35msource/fonts/icon-foo/icomoon.ttf\u001b[39m","time":"2015-11-25T01:15:37.672Z","v":0}
{"name":"hexo","hostname":"xiaoningning-pcdeMacBook-Pro.local","pid":1567,"level":20,"msg":"Added: \u001b[35msource/fonts/icon-foo/icomoon.woff\u001b[39m","time":"2015-11-25T01:15:37.672Z","v":0}
{"name":"hexo","hostname":"xiaoningning-pcdeMacBook-Pro.local","pid":1567,"level":20,"msg":"Added: \u001b[35msource/tags/debug.log\u001b[39m","time":"2015-11-25T01:15:37.673Z","v":0}
{"name":"hexo","hostname":"xiaoningning-pcdeMacBook-Pro.local","pid":1567,"level":20,"msg":"Added: \u001b[35msource/tags/index.md\u001b[39m","time":"2015-11-25T01:15:37.673Z","v":0}
{"name":"hexo","hostname":"xiaoningning-pcdeMacBook-Pro.local","pid":1567,"level":20,"msg":"Added: \u001b[35msource/images/avator.jpg\u001b[39m","time":"2015-11-25T01:15:37.680Z","v":0}
{"name":"hexo","hostname":"xiaoningning-pcdeMacBook-Pro.local","pid":1567,"level":20,"msg":"Processed: \u001b[35mCNAME\u001b[39m","time":"2015-11-25T01:15:37.683Z","v":0}
{"name":"hexo","hostname":"xiaoningning-pcdeMacBook-Pro.local","pid":1567,"level":20,"msg":"Added: \u001b[35mthemes/next/source/css/_common/_page/home.styl\u001b[39m","time":"2015-11-25T01:15:37.717Z","v":0}
{"name":"hexo","hostname":"xiaoningning-pcdeMacBook-Pro.local","pid":1567,"level":20,"msg":"Added: \u001b[35mthemes/next/source/css/_mixins/Mist.styl\u001b[39m","time":"2015-11-25T01:15:37.717Z","v":0}
{"name":"hexo","hostname":"xiaoningning-pcdeMacBook-Pro.local","pid":1567,"level":20,"msg":"Added: \u001b[35mthemes/next/source/css/_mixins/custom.styl\u001b[39m","time":"2015-11-25T01:15:37.717Z","v":0}
{"name":"hexo","hostname":"xiaoningning-pcdeMacBook-Pro.local","pid":1567,"level":20,"msg":"Added: \u001b[35mthemes/next/source/css/_mixins/default.styl\u001b[39m","time":"2015-11-25T01:15:37.718Z","v":0}
{"name":"hexo","hostname":"xiaoningning-pcdeMacBook-Pro.local","pid":1567,"level":20,"msg":"Added: \u001b[35mthemes/next/source/css/_variables/custom.styl\u001b[39m","time":"2015-11-25T01:15:37.719Z","v":0}
{"name":"hexo","hostname":"xiaoningning-pcdeMacBook-Pro.local","pid":1567,"level":20,"msg":"Added: \u001b[35mthemes/next/source/css/_variables/default.styl\u001b[39m","time":"2015-11-25T01:15:37.719Z","v":0}
{"name":"hexo","hostname":"xiaoningning-pcdeMacBook-Pro.local","pid":1567,"level":20,"msg":"Added: \u001b[35mthemes/next/README.en.md\u001b[39m","time":"2015-11-25T01:15:37.731Z","v":0}
{"name":"hexo","hostname":"xiaoningning-pcdeMacBook-Pro.local","pid":1567,"level":20,"msg":"Added: \u001b[35mthemes/next/README.md\u001b[39m","time":"2015-11-25T01:15:37.732Z","v":0}
{"name":"hexo","hostname":"xiaoningning-pcdeMacBook-Pro.local","pid":1567,"level":20,"msg":"Added: \u001b[35mthemes/next/_config.yml\u001b[39m","time":"2015-11-25T01:15:37.732Z","v":0}
{"name":"hexo","hostname":"xiaoningning-pcdeMacBook-Pro.local","pid":1567,"level":20,"msg":"Added: \u001b[35mthemes/next/bower.json\u001b[39m","time":"2015-11-25T01:15:37.732Z","v":0}
{"name":"hexo","hostname":"xiaoningning-pcdeMacBook-Pro.local","pid":1567,"level":20,"msg":"Added: \u001b[35mthemes/next/languages/de.yml\u001b[39m","time":"2015-11-25T01:15:37.732Z","v":0}
{"name":"hexo","hostname":"xiaoningning-pcdeMacBook-Pro.local","pid":1567,"level":20,"msg":"Added: \u001b[35mthemes/next/languages/default.yml\u001b[39m","time":"2015-11-25T01:15:37.733Z","v":0}
{"name":"hexo","hostname":"xiaoningning-pcdeMacBook-Pro.local","pid":1567,"level":20,"msg":"Added: \u001b[35mthemes/next/languages/en.yml\u001b[39m","time":"2015-11-25T01:15:37.733Z","v":0}
{"name":"hexo","hostname":"xiaoningning-pcdeMacBook-Pro.local","pid":1567,"level":20,"msg":"Added: \u001b[35mthemes/next/languages/fr-FR.yml\u001b[39m","time":"2015-11-25T01:15:37.733Z","v":0}
{"name":"hexo","hostname":"xiaoningning-pcdeMacBook-Pro.local","pid":1567,"level":20,"msg":"Added: \u001b[35mthemes/next/languages/pt.yml\u001b[39m","time":"2015-11-25T01:15:37.733Z","v":0}
{"name":"hexo","hostname":"xiaoningning-pcdeMacBook-Pro.local","pid":1567,"level":20,"msg":"Added: \u001b[35mthemes/next/languages/ru.yml\u001b[39m","time":"2015-11-25T01:15:37.734Z","v":0}
{"name":"hexo","hostname":"xiaoningning-pcdeMacBook-Pro.local","pid":1567,"level":20,"msg":"Added: \u001b[35mthemes/next/languages/zh-Hans.yml\u001b[39m","time":"2015-11-25T01:15:37.734Z","v":0}
{"name":"hexo","hostname":"xiaoningning-pcdeMacBook-Pro.local","pid":1567,"level":20,"msg":"Added: \u001b[35mthemes/next/languages/zh-hk.yml\u001b[39m","time":"2015-11-25T01:15:37.734Z","v":0}
{"name":"hexo","hostname":"xiaoningning-pcdeMacBook-Pro.local","pid":1567,"level":20,"msg":"Added: \u001b[35mthemes/next/languages/zh-tw.yml\u001b[39m","time":"2015-11-25T01:15:37.734Z","v":0}
{"name":"hexo","hostname":"xiaoningning-pcdeMacBook-Pro.local","pid":1567,"level":20,"msg":"Added: \u001b[35mthemes/next/layout/_layout.swig\u001b[39m","time":"2015-11-25T01:15:37.734Z","v":0}
{"name":"hexo","hostname":"xiaoningning-pcdeMacBook-Pro.local","pid":1567,"level":20,"msg":"Added: \u001b[35mthemes/next/layout/_macro/post-collapse.swig\u001b[39m","time":"2015-11-25T01:15:37.735Z","v":0}
{"name":"hexo","hostname":"xiaoningning-pcdeMacBook-Pro.local","pid":1567,"level":20,"msg":"Added: \u001b[35mthemes/next/layout/_macro/post.swig\u001b[39m","time":"2015-11-25T01:15:37.735Z","v":0}
{"name":"hexo","hostname":"xiaoningning-pcdeMacBook-Pro.local","pid":1567,"level":20,"msg":"Added: \u001b[35mthemes/next/layout/_macro/sidebar.swig\u001b[39m","time":"2015-11-25T01:15:37.735Z","v":0}
{"name":"hexo","hostname":"xiaoningning-pcdeMacBook-Pro.local","pid":1567,"level":20,"msg":"Added: \u001b[35mthemes/next/layout/_partials/comments.swig\u001b[39m","time":"2015-11-25T01:15:37.735Z","v":0}
{"name":"hexo","hostname":"xiaoningning-pcdeMacBook-Pro.local","pid":1567,"level":20,"msg":"Added: \u001b[35mthemes/next/layout/_partials/duoshuo-hot-articles.swig\u001b[39m","time":"2015-11-25T01:15:37.736Z","v":0}
{"name":"hexo","hostname":"xiaoningning-pcdeMacBook-Pro.local","pid":1567,"level":20,"msg":"Added: \u001b[35mthemes/next/layout/_partials/footer.swig\u001b[39m","time":"2015-11-25T01:15:37.736Z","v":0}
{"name":"hexo","hostname":"xiaoningning-pcdeMacBook-Pro.local","pid":1567,"level":20,"msg":"Added: \u001b[35mthemes/next/layout/_partials/head.swig\u001b[39m","time":"2015-11-25T01:15:37.736Z","v":0}
{"name":"hexo","hostname":"xiaoningning-pcdeMacBook-Pro.local","pid":1567,"level":20,"msg":"Added: \u001b[35mthemes/next/layout/_partials/header.swig\u001b[39m","time":"2015-11-25T01:15:37.736Z","v":0}
{"name":"hexo","hostname":"xiaoningning-pcdeMacBook-Pro.local","pid":1567,"level":20,"msg":"Added: \u001b[35mthemes/next/layout/_partials/old-browsers.swig\u001b[39m","time":"2015-11-25T01:15:37.736Z","v":0}
{"name":"hexo","hostname":"xiaoningning-pcdeMacBook-Pro.local","pid":1567,"level":20,"msg":"Added: \u001b[35mthemes/next/layout/_partials/pagination.swig\u001b[39m","time":"2015-11-25T01:15:37.736Z","v":0}
{"name":"hexo","hostname":"xiaoningning-pcdeMacBook-Pro.local","pid":1567,"level":20,"msg":"Added: \u001b[35mthemes/next/layout/_partials/search/swiftype.swig\u001b[39m","time":"2015-11-25T01:15:37.736Z","v":0}
{"name":"hexo","hostname":"xiaoningning-pcdeMacBook-Pro.local","pid":1567,"level":20,"msg":"Added: \u001b[35mthemes/next/layout/_partials/search/tinysou.swig\u001b[39m","time":"2015-11-25T01:15:37.736Z","v":0}
{"name":"hexo","hostname":"xiaoningning-pcdeMacBook-Pro.local","pid":1567,"level":20,"msg":"Added: \u001b[35mthemes/next/layout/_partials/search.swig\u001b[39m","time":"2015-11-25T01:15:37.736Z","v":0}
{"name":"hexo","hostname":"xiaoningning-pcdeMacBook-Pro.local","pid":1567,"level":20,"msg":"Added: \u001b[35mthemes/next/layout/_partials/share/duoshuo_share.swig\u001b[39m","time":"2015-11-25T01:15:37.736Z","v":0}
{"name":"hexo","hostname":"xiaoningning-pcdeMacBook-Pro.local","pid":1567,"level":20,"msg":"Added: \u001b[35mthemes/next/layout/_partials/share/jiathis.swig\u001b[39m","time":"2015-11-25T01:15:37.737Z","v":0}
{"name":"hexo","hostname":"xiaoningning-pcdeMacBook-Pro.local","pid":1567,"level":20,"msg":"Added: \u001b[35mthemes/next/layout/_scripts/analytics/baidu-analytics.swig\u001b[39m","time":"2015-11-25T01:15:37.737Z","v":0}
{"name":"hexo","hostname":"xiaoningning-pcdeMacBook-Pro.local","pid":1567,"level":20,"msg":"Added: \u001b[35mthemes/next/layout/_scripts/analytics/facebook-sdk.swig\u001b[39m","time":"2015-11-25T01:15:37.737Z","v":0}
{"name":"hexo","hostname":"xiaoningning-pcdeMacBook-Pro.local","pid":1567,"level":20,"msg":"Added: \u001b[35mthemes/next/layout/_scripts/analytics/google-analytics.swig\u001b[39m","time":"2015-11-25T01:15:37.737Z","v":0}
{"name":"hexo","hostname":"xiaoningning-pcdeMacBook-Pro.local","pid":1567,"level":20,"msg":"Added: \u001b[35mthemes/next/layout/_scripts/analytics.swig\u001b[39m","time":"2015-11-25T01:15:37.737Z","v":0}
{"name":"hexo","hostname":"xiaoningning-pcdeMacBook-Pro.local","pid":1567,"level":20,"msg":"Added: \u001b[35mthemes/next/layout/_scripts/baidushare.swig\u001b[39m","time":"2015-11-25T01:15:37.737Z","v":0}
{"name":"hexo","hostname":"xiaoningning-pcdeMacBook-Pro.local","pid":1567,"level":20,"msg":"Added: \u001b[35mthemes/next/layout/_scripts/bootstrap.scrollspy.swig\u001b[39m","time":"2015-11-25T01:15:37.737Z","v":0}
{"name":"hexo","hostname":"xiaoningning-pcdeMacBook-Pro.local","pid":1567,"level":20,"msg":"Added: \u001b[35mthemes/next/layout/_scripts/comments/disqus.swig\u001b[39m","time":"2015-11-25T01:15:37.737Z","v":0}
{"name":"hexo","hostname":"xiaoningning-pcdeMacBook-Pro.local","pid":1567,"level":20,"msg":"Added: \u001b[35mthemes/next/layout/_scripts/comments/duoshuo.swig\u001b[39m","time":"2015-11-25T01:15:37.738Z","v":0}
{"name":"hexo","hostname":"xiaoningning-pcdeMacBook-Pro.local","pid":1567,"level":20,"msg":"Added: \u001b[35mthemes/next/layout/_scripts/fancy-box.swig\u001b[39m","time":"2015-11-25T01:15:37.738Z","v":0}
{"name":"hexo","hostname":"xiaoningning-pcdeMacBook-Pro.local","pid":1567,"level":20,"msg":"Added: \u001b[35mthemes/next/layout/_scripts/helpers.swig\u001b[39m","time":"2015-11-25T01:15:37.738Z","v":0}
{"name":"hexo","hostname":"xiaoningning-pcdeMacBook-Pro.local","pid":1567,"level":20,"msg":"Added: \u001b[35mthemes/next/layout/_scripts/mathjax.swig\u001b[39m","time":"2015-11-25T01:15:37.738Z","v":0}
{"name":"hexo","hostname":"xiaoningning-pcdeMacBook-Pro.local","pid":1567,"level":20,"msg":"Added: \u001b[35mthemes/next/layout/_scripts/motion.swig\u001b[39m","time":"2015-11-25T01:15:37.738Z","v":0}
{"name":"hexo","hostname":"xiaoningning-pcdeMacBook-Pro.local","pid":1567,"level":20,"msg":"Added: \u001b[35mthemes/next/layout/_scripts/pages/post-details.swig\u001b[39m","time":"2015-11-25T01:15:37.738Z","v":0}
{"name":"hexo","hostname":"xiaoningning-pcdeMacBook-Pro.local","pid":1567,"level":20,"msg":"Added: \u001b[35mthemes/next/layout/_scripts/tinysou.swig\u001b[39m","time":"2015-11-25T01:15:37.738Z","v":0}
{"name":"hexo","hostname":"xiaoningning-pcdeMacBook-Pro.local","pid":1567,"level":20,"msg":"Added: \u001b[35mthemes/next/layout/archive.swig\u001b[39m","time":"2015-11-25T01:15:37.738Z","v":0}
{"name":"hexo","hostname":"xiaoningning-pcdeMacBook-Pro.local","pid":1567,"level":20,"msg":"Added: \u001b[35mthemes/next/layout/category.swig\u001b[39m","time":"2015-11-25T01:15:37.738Z","v":0}
{"name":"hexo","hostname":"xiaoningning-pcdeMacBook-Pro.local","pid":1567,"level":20,"msg":"Added: \u001b[35mthemes/next/layout/index.swig\u001b[39m","time":"2015-11-25T01:15:37.738Z","v":0}
{"name":"hexo","hostname":"xiaoningning-pcdeMacBook-Pro.local","pid":1567,"level":20,"msg":"Added: \u001b[35mthemes/next/layout/page.swig\u001b[39m","time":"2015-11-25T01:15:37.739Z","v":0}
{"name":"hexo","hostname":"xiaoningning-pcdeMacBook-Pro.local","pid":1567,"level":20,"msg":"Added: \u001b[35mthemes/next/layout/post.swig\u001b[39m","time":"2015-11-25T01:15:37.739Z","v":0}
{"name":"hexo","hostname":"xiaoningning-pcdeMacBook-Pro.local","pid":1567,"level":20,"msg":"Added: \u001b[35mthemes/next/layout/tag.swig\u001b[39m","time":"2015-11-25T01:15:37.739Z","v":0}
{"name":"hexo","hostname":"xiaoningning-pcdeMacBook-Pro.local","pid":1567,"level":20,"msg":"Added: \u001b[35mthemes/next/scripts/filters/sticky.js\u001b[39m","time":"2015-11-25T01:15:37.739Z","v":0}
{"name":"hexo","hostname":"xiaoningning-pcdeMacBook-Pro.local","pid":1567,"level":20,"msg":"Added: \u001b[35mthemes/next/scripts/merge-configs.js\u001b[39m","time":"2015-11-25T01:15:37.739Z","v":0}
{"name":"hexo","hostname":"xiaoningning-pcdeMacBook-Pro.local","pid":1567,"level":20,"msg":"Added: \u001b[35mthemes/next/scripts/tags/center-quote.js\u001b[39m","time":"2015-11-25T01:15:37.739Z","v":0}
{"name":"hexo","hostname":"xiaoningning-pcdeMacBook-Pro.local","pid":1567,"level":20,"msg":"Added: \u001b[35mthemes/next/scripts/tags/full-image.js\u001b[39m","time":"2015-11-25T01:15:37.739Z","v":0}
{"name":"hexo","hostname":"xiaoningning-pcdeMacBook-Pro.local","pid":1567,"level":20,"msg":"Added: \u001b[35mthemes/next/scripts/tags/group-pictures.js\u001b[39m","time":"2015-11-25T01:15:37.739Z","v":0}
{"name":"hexo","hostname":"xiaoningning-pcdeMacBook-Pro.local","pid":1567,"level":20,"msg":"Added: \u001b[35mthemes/next/source/css/_common/_component/back-to-top.styl\u001b[39m","time":"2015-11-25T01:15:37.739Z","v":0}
{"name":"hexo","hostname":"xiaoningning-pcdeMacBook-Pro.local","pid":1567,"level":20,"msg":"Added: \u001b[35mthemes/next/source/css/_common/_component/blockquote-center.styl\u001b[39m","time":"2015-11-25T01:15:37.739Z","v":0}
{"name":"hexo","hostname":"xiaoningning-pcdeMacBook-Pro.local","pid":1567,"level":20,"msg":"Added: \u001b[35mthemes/next/source/css/_common/_component/buttons.styl\u001b[39m","time":"2015-11-25T01:15:37.740Z","v":0}
{"name":"hexo","hostname":"xiaoningning-pcdeMacBook-Pro.local","pid":1567,"level":20,"msg":"Added: \u001b[35mthemes/next/source/css/_common/_component/comments.styl\u001b[39m","time":"2015-11-25T01:15:37.740Z","v":0}
{"name":"hexo","hostname":"xiaoningning-pcdeMacBook-Pro.local","pid":1567,"level":20,"msg":"Added: \u001b[35mthemes/next/source/css/_common/_component/duoshuo.styl\u001b[39m","time":"2015-11-25T01:15:37.740Z","v":0}
{"name":"hexo","hostname":"xiaoningning-pcdeMacBook-Pro.local","pid":1567,"level":20,"msg":"Added: \u001b[35mthemes/next/source/css/_common/_component/gallery.styl\u001b[39m","time":"2015-11-25T01:15:37.740Z","v":0}
{"name":"hexo","hostname":"xiaoningning-pcdeMacBook-Pro.local","pid":1567,"level":20,"msg":"Added: \u001b[35mthemes/next/source/css/_common/_component/group-pictures.styl\u001b[39m","time":"2015-11-25T01:15:37.740Z","v":0}
{"name":"hexo","hostname":"xiaoningning-pcdeMacBook-Pro.local","pid":1567,"level":20,"msg":"Added: \u001b[35mthemes/next/source/css/_common/_component/jiathis.styl\u001b[39m","time":"2015-11-25T01:15:37.740Z","v":0}
{"name":"hexo","hostname":"xiaoningning-pcdeMacBook-Pro.local","pid":1567,"level":20,"msg":"Added: \u001b[35mthemes/next/source/css/_common/_component/pagination.styl\u001b[39m","time":"2015-11-25T01:15:37.741Z","v":0}
{"name":"hexo","hostname":"xiaoningning-pcdeMacBook-Pro.local","pid":1567,"level":20,"msg":"Added: \u001b[35mthemes/next/source/css/_common/_component/posts-collapse.styl\u001b[39m","time":"2015-11-25T01:15:37.741Z","v":0}
{"name":"hexo","hostname":"xiaoningning-pcdeMacBook-Pro.local","pid":1567,"level":20,"msg":"Added: \u001b[35mthemes/next/source/css/_common/_component/posts-expand.styl\u001b[39m","time":"2015-11-25T01:15:37.741Z","v":0}
{"name":"hexo","hostname":"xiaoningning-pcdeMacBook-Pro.local","pid":1567,"level":20,"msg":"Added: \u001b[35mthemes/next/source/css/_common/_component/posts-type.styl\u001b[39m","time":"2015-11-25T01:15:37.741Z","v":0}
{"name":"hexo","hostname":"xiaoningning-pcdeMacBook-Pro.local","pid":1567,"level":20,"msg":"Added: \u001b[35mthemes/next/source/css/_common/_component/posts.styl\u001b[39m","time":"2015-11-25T01:15:37.741Z","v":0}
{"name":"hexo","hostname":"xiaoningning-pcdeMacBook-Pro.local","pid":1567,"level":20,"msg":"Added: \u001b[35mthemes/next/source/css/_common/_component/tag-cloud.styl\u001b[39m","time":"2015-11-25T01:15:37.741Z","v":0}
{"name":"hexo","hostname":"xiaoningning-pcdeMacBook-Pro.local","pid":1567,"level":20,"msg":"Added: \u001b[35mthemes/next/source/css/_common/_core/base.styl\u001b[39m","time":"2015-11-25T01:15:37.742Z","v":0}
{"name":"hexo","hostname":"xiaoningning-pcdeMacBook-Pro.local","pid":1567,"level":20,"msg":"Added: \u001b[35mthemes/next/source/css/_common/_core/helpers.styl\u001b[39m","time":"2015-11-25T01:15:37.742Z","v":0}
{"name":"hexo","hostname":"xiaoningning-pcdeMacBook-Pro.local","pid":1567,"level":20,"msg":"Added: \u001b[35mthemes/next/source/css/_common/_core/normalize.styl\u001b[39m","time":"2015-11-25T01:15:37.742Z","v":0}
{"name":"hexo","hostname":"xiaoningning-pcdeMacBook-Pro.local","pid":1567,"level":20,"msg":"Added: \u001b[35mthemes/next/source/css/_common/_core/scaffolding.styl\u001b[39m","time":"2015-11-25T01:15:37.742Z","v":0}
{"name":"hexo","hostname":"xiaoningning-pcdeMacBook-Pro.local","pid":1567,"level":20,"msg":"Added: \u001b[35mthemes/next/source/css/_common/_core/tables.styl\u001b[39m","time":"2015-11-25T01:15:37.742Z","v":0}
{"name":"hexo","hostname":"xiaoningning-pcdeMacBook-Pro.local","pid":1567,"level":20,"msg":"Added: \u001b[35mthemes/next/source/css/_common/_fonts/icon-default.styl\u001b[39m","time":"2015-11-25T01:15:37.742Z","v":0}
{"name":"hexo","hostname":"xiaoningning-pcdeMacBook-Pro.local","pid":1567,"level":20,"msg":"Added: \u001b[35mthemes/next/source/css/_common/_fonts/icon-feather.styl\u001b[39m","time":"2015-11-25T01:15:37.742Z","v":0}
{"name":"hexo","hostname":"xiaoningning-pcdeMacBook-Pro.local","pid":1567,"level":20,"msg":"Added: \u001b[35mthemes/next/source/css/_common/_fonts/icon-fifty-shades.styl\u001b[39m","time":"2015-11-25T01:15:37.742Z","v":0}
{"name":"hexo","hostname":"xiaoningning-pcdeMacBook-Pro.local","pid":1567,"level":20,"msg":"Added: \u001b[35mthemes/next/source/css/_common/_fonts/icon-font.styl\u001b[39m","time":"2015-11-25T01:15:37.742Z","v":0}
{"name":"hexo","hostname":"xiaoningning-pcdeMacBook-Pro.local","pid":1567,"level":20,"msg":"Added: \u001b[35mthemes/next/source/css/_common/_fonts/icon-linecons.styl\u001b[39m","time":"2015-11-25T01:15:37.742Z","v":0}
{"name":"hexo","hostname":"xiaoningning-pcdeMacBook-Pro.local","pid":1567,"level":20,"msg":"Added: \u001b[35mthemes/next/source/css/_common/_page/archive.styl\u001b[39m","time":"2015-11-25T01:15:37.743Z","v":0}
{"name":"hexo","hostname":"xiaoningning-pcdeMacBook-Pro.local","pid":1567,"level":20,"msg":"Added: \u001b[35mthemes/next/source/css/_common/_page/categories.styl\u001b[39m","time":"2015-11-25T01:15:37.743Z","v":0}
{"name":"hexo","hostname":"xiaoningning-pcdeMacBook-Pro.local","pid":1567,"level":20,"msg":"Added: \u001b[35mthemes/next/source/css/_common/_page/post-detail.styl\u001b[39m","time":"2015-11-25T01:15:37.743Z","v":0}
{"name":"hexo","hostname":"xiaoningning-pcdeMacBook-Pro.local","pid":1567,"level":20,"msg":"Added: \u001b[35mthemes/next/source/css/_common/_section/body.styl\u001b[39m","time":"2015-11-25T01:15:37.743Z","v":0}
{"name":"hexo","hostname":"xiaoningning-pcdeMacBook-Pro.local","pid":1567,"level":20,"msg":"Added: \u001b[35mthemes/next/source/css/_common/_section/footer.styl\u001b[39m","time":"2015-11-25T01:15:37.743Z","v":0}
{"name":"hexo","hostname":"xiaoningning-pcdeMacBook-Pro.local","pid":1567,"level":20,"msg":"Added: \u001b[35mthemes/next/source/css/_common/_section/header.styl\u001b[39m","time":"2015-11-25T01:15:37.743Z","v":0}
{"name":"hexo","hostname":"xiaoningning-pcdeMacBook-Pro.local","pid":1567,"level":20,"msg":"Added: \u001b[35mthemes/next/source/css/_common/_section/layout.styl\u001b[39m","time":"2015-11-25T01:15:37.743Z","v":0}
{"name":"hexo","hostname":"xiaoningning-pcdeMacBook-Pro.local","pid":1567,"level":20,"msg":"Added: \u001b[35mthemes/next/source/css/_common/_section/media.styl\u001b[39m","time":"2015-11-25T01:15:37.743Z","v":0}
{"name":"hexo","hostname":"xiaoningning-pcdeMacBook-Pro.local","pid":1567,"level":20,"msg":"Added: \u001b[35mthemes/next/source/css/_common/_section/sidebar.styl\u001b[39m","time":"2015-11-25T01:15:37.743Z","v":0}
{"name":"hexo","hostname":"xiaoningning-pcdeMacBook-Pro.local","pid":1567,"level":20,"msg":"Added: \u001b[35mthemes/next/source/css/_common/_vendor/highlight/highlight.styl\u001b[39m","time":"2015-11-25T01:15:37.743Z","v":0}
{"name":"hexo","hostname":"xiaoningning-pcdeMacBook-Pro.local","pid":1567,"level":20,"msg":"Added: \u001b[35mthemes/next/source/css/_common/_vendor/highlight/theme.styl\u001b[39m","time":"2015-11-25T01:15:37.744Z","v":0}
{"name":"hexo","hostname":"xiaoningning-pcdeMacBook-Pro.local","pid":1567,"level":20,"msg":"Added: \u001b[35mthemes/next/source/css/_custom/custom.styl\u001b[39m","time":"2015-11-25T01:15:37.744Z","v":0}
{"name":"hexo","hostname":"xiaoningning-pcdeMacBook-Pro.local","pid":1567,"level":20,"msg":"Added: \u001b[35mthemes/next/source/css/_mixins/base.styl\u001b[39m","time":"2015-11-25T01:15:37.744Z","v":0}
{"name":"hexo","hostname":"xiaoningning-pcdeMacBook-Pro.local","pid":1567,"level":20,"msg":"Added: \u001b[35mthemes/next/source/css/_schemes/Mist/_base.styl\u001b[39m","time":"2015-11-25T01:15:37.744Z","v":0}
{"name":"hexo","hostname":"xiaoningning-pcdeMacBook-Pro.local","pid":1567,"level":20,"msg":"Added: \u001b[35mthemes/next/source/css/_schemes/Mist/_header.styl\u001b[39m","time":"2015-11-25T01:15:37.744Z","v":0}
{"name":"hexo","hostname":"xiaoningning-pcdeMacBook-Pro.local","pid":1567,"level":20,"msg":"Added: \u001b[35mthemes/next/source/css/_schemes/Mist/_logo.styl\u001b[39m","time":"2015-11-25T01:15:37.745Z","v":0}
{"name":"hexo","hostname":"xiaoningning-pcdeMacBook-Pro.local","pid":1567,"level":20,"msg":"Added: \u001b[35mthemes/next/source/css/_schemes/Mist/_menu.styl\u001b[39m","time":"2015-11-25T01:15:37.745Z","v":0}
{"name":"hexo","hostname":"xiaoningning-pcdeMacBook-Pro.local","pid":1567,"level":20,"msg":"Added: \u001b[35mthemes/next/source/css/_schemes/Mist/_posts-expanded.styl\u001b[39m","time":"2015-11-25T01:15:37.745Z","v":0}
{"name":"hexo","hostname":"xiaoningning-pcdeMacBook-Pro.local","pid":1567,"level":20,"msg":"Added: \u001b[35mthemes/next/source/css/_schemes/Mist/index.styl\u001b[39m","time":"2015-11-25T01:15:37.748Z","v":0}
{"name":"hexo","hostname":"xiaoningning-pcdeMacBook-Pro.local","pid":1567,"level":20,"msg":"Added: \u001b[35mthemes/next/source/css/_schemes/default/_logo.styl\u001b[39m","time":"2015-11-25T01:15:37.748Z","v":0}
{"name":"hexo","hostname":"xiaoningning-pcdeMacBook-Pro.local","pid":1567,"level":20,"msg":"Added: \u001b[35mthemes/next/source/css/_schemes/default/_menu.styl\u001b[39m","time":"2015-11-25T01:15:37.749Z","v":0}
{"name":"hexo","hostname":"xiaoningning-pcdeMacBook-Pro.local","pid":1567,"level":20,"msg":"Added: \u001b[35mthemes/next/source/css/_schemes/default/_search.styl\u001b[39m","time":"2015-11-25T01:15:37.749Z","v":0}
{"name":"hexo","hostname":"xiaoningning-pcdeMacBook-Pro.local","pid":1567,"level":20,"msg":"Added: \u001b[35mthemes/next/source/css/_schemes/default/index.styl\u001b[39m","time":"2015-11-25T01:15:37.749Z","v":0}
{"name":"hexo","hostname":"xiaoningning-pcdeMacBook-Pro.local","pid":1567,"level":20,"msg":"Added: \u001b[35mthemes/next/source/css/_variables/Mist.styl\u001b[39m","time":"2015-11-25T01:15:37.750Z","v":0}
{"name":"hexo","hostname":"xiaoningning-pcdeMacBook-Pro.local","pid":1567,"level":20,"msg":"Added: \u001b[35mthemes/next/source/css/_variables/base.styl\u001b[39m","time":"2015-11-25T01:15:37.750Z","v":0}
{"name":"hexo","hostname":"xiaoningning-pcdeMacBook-Pro.local","pid":1567,"level":20,"msg":"Added: \u001b[35mthemes/next/source/css/main.styl\u001b[39m","time":"2015-11-25T01:15:37.750Z","v":0}
{"name":"hexo","hostname":"xiaoningning-pcdeMacBook-Pro.local","pid":1567,"level":20,"msg":"Added: \u001b[35mthemes/next/source/images/cc-by-nc-nd.svg\u001b[39m","time":"2015-11-25T01:15:37.750Z","v":0}
{"name":"hexo","hostname":"xiaoningning-pcdeMacBook-Pro.local","pid":1567,"level":20,"msg":"Added: \u001b[35mthemes/next/source/images/cc-by-nc-sa.svg\u001b[39m","time":"2015-11-25T01:15:37.750Z","v":0}
{"name":"hexo","hostname":"xiaoningning-pcdeMacBook-Pro.local","pid":1567,"level":20,"msg":"Added: \u001b[35mthemes/next/source/images/cc-by-nc.svg\u001b[39m","time":"2015-11-25T01:15:37.750Z","v":0}
{"name":"hexo","hostname":"xiaoningning-pcdeMacBook-Pro.local","pid":1567,"level":20,"msg":"Added: \u001b[35mthemes/next/source/images/cc-by-nd.svg\u001b[39m","time":"2015-11-25T01:15:37.750Z","v":0}
{"name":"hexo","hostname":"xiaoningning-pcdeMacBook-Pro.local","pid":1567,"level":20,"msg":"Added: \u001b[35mthemes/next/source/images/cc-by-sa.svg\u001b[39m","time":"2015-11-25T01:15:37.750Z","v":0}
{"name":"hexo","hostname":"xiaoningning-pcdeMacBook-Pro.local","pid":1567,"level":20,"msg":"Added: \u001b[35mthemes/next/source/images/cc-zero.svg\u001b[39m","time":"2015-11-25T01:15:37.750Z","v":0}
{"name":"hexo","hostname":"xiaoningning-pcdeMacBook-Pro.local","pid":1567,"level":20,"msg":"Added: \u001b[35mthemes/next/source/images/cc-by.svg\u001b[39m","time":"2015-11-25T01:15:37.750Z","v":0}
{"name":"hexo","hostname":"xiaoningning-pcdeMacBook-Pro.local","pid":1567,"level":20,"msg":"Added: \u001b[35mthemes/next/source/images/loading.gif\u001b[39m","time":"2015-11-25T01:15:37.751Z","v":0}
{"name":"hexo","hostname":"xiaoningning-pcdeMacBook-Pro.local","pid":1567,"level":20,"msg":"Added: \u001b[35mthemes/next/source/images/placeholder.gif\u001b[39m","time":"2015-11-25T01:15:37.751Z","v":0}
{"name":"hexo","hostname":"xiaoningning-pcdeMacBook-Pro.local","pid":1567,"level":20,"msg":"Added: \u001b[35mthemes/next/source/images/quote-l.svg\u001b[39m","time":"2015-11-25T01:15:37.751Z","v":0}
{"name":"hexo","hostname":"xiaoningning-pcdeMacBook-Pro.local","pid":1567,"level":20,"msg":"Added: \u001b[35mthemes/next/source/images/searchicon.png\u001b[39m","time":"2015-11-25T01:15:37.751Z","v":0}
{"name":"hexo","hostname":"xiaoningning-pcdeMacBook-Pro.local","pid":1567,"level":20,"msg":"Added: \u001b[35mthemes/next/source/images/quote-r.svg\u001b[39m","time":"2015-11-25T01:15:37.752Z","v":0}
{"name":"hexo","hostname":"xiaoningning-pcdeMacBook-Pro.local","pid":1567,"level":20,"msg":"Added: \u001b[35mthemes/next/source/js/bootstrap.js\u001b[39m","time":"2015-11-25T01:15:37.752Z","v":0}
{"name":"hexo","hostname":"xiaoningning-pcdeMacBook-Pro.local","pid":1567,"level":20,"msg":"Added: \u001b[35mthemes/next/source/js/bootstrap.scrollspy.js\u001b[39m","time":"2015-11-25T01:15:37.752Z","v":0}
{"name":"hexo","hostname":"xiaoningning-pcdeMacBook-Pro.local","pid":1567,"level":20,"msg":"Added: \u001b[35mthemes/next/source/js/fancy-box.js\u001b[39m","time":"2015-11-25T01:15:37.752Z","v":0}
{"name":"hexo","hostname":"xiaoningning-pcdeMacBook-Pro.local","pid":1567,"level":20,"msg":"Added: \u001b[35mthemes/next/source/js/helpers.js\u001b[39m","time":"2015-11-25T01:15:37.752Z","v":0}
{"name":"hexo","hostname":"xiaoningning-pcdeMacBook-Pro.local","pid":1567,"level":20,"msg":"Added: \u001b[35mthemes/next/source/js/hook-duoshuo.js\u001b[39m","time":"2015-11-25T01:15:37.753Z","v":0}
{"name":"hexo","hostname":"xiaoningning-pcdeMacBook-Pro.local","pid":1567,"level":20,"msg":"Added: \u001b[35mthemes/next/source/js/motion.js\u001b[39m","time":"2015-11-25T01:15:37.753Z","v":0}
{"name":"hexo","hostname":"xiaoningning-pcdeMacBook-Pro.local","pid":1567,"level":20,"msg":"Added: \u001b[35mthemes/next/source/js/ua-parser.min.js\u001b[39m","time":"2015-11-25T01:15:37.753Z","v":0}
{"name":"hexo","hostname":"xiaoningning-pcdeMacBook-Pro.local","pid":1567,"level":20,"msg":"Added: \u001b[35mthemes/next/source/vendors/fancybox/source/blank.gif\u001b[39m","time":"2015-11-25T01:15:37.753Z","v":0}
{"name":"hexo","hostname":"xiaoningning-pcdeMacBook-Pro.local","pid":1567,"level":20,"msg":"Added: \u001b[35mthemes/next/source/vendors/fancybox/source/fancybox_loading.gif\u001b[39m","time":"2015-11-25T01:15:37.753Z","v":0}
{"name":"hexo","hostname":"xiaoningning-pcdeMacBook-Pro.local","pid":1567,"level":20,"msg":"Added: \u001b[35mthemes/next/source/vendors/fancybox/source/fancybox_loading@2x.gif\u001b[39m","time":"2015-11-25T01:15:37.753Z","v":0}
{"name":"hexo","hostname":"xiaoningning-pcdeMacBook-Pro.local","pid":1567,"level":20,"msg":"Added: \u001b[35mthemes/next/source/vendors/fancybox/source/fancybox_overlay.png\u001b[39m","time":"2015-11-25T01:15:37.753Z","v":0}
{"name":"hexo","hostname":"xiaoningning-pcdeMacBook-Pro.local","pid":1567,"level":20,"msg":"Added: \u001b[35mthemes/next/source/vendors/fancybox/source/fancybox_sprite.png\u001b[39m","time":"2015-11-25T01:15:37.753Z","v":0}
{"name":"hexo","hostname":"xiaoningning-pcdeMacBook-Pro.local","pid":1567,"level":20,"msg":"Added: \u001b[35mthemes/next/source/vendors/fancybox/source/fancybox_sprite@2x.png\u001b[39m","time":"2015-11-25T01:15:37.753Z","v":0}
{"name":"hexo","hostname":"xiaoningning-pcdeMacBook-Pro.local","pid":1567,"level":20,"msg":"Added: \u001b[35mthemes/next/source/vendors/fancybox/source/helpers/fancybox_buttons.png\u001b[39m","time":"2015-11-25T01:15:37.753Z","v":0}
{"name":"hexo","hostname":"xiaoningning-pcdeMacBook-Pro.local","pid":1567,"level":20,"msg":"Added: \u001b[35mthemes/next/source/vendors/fancybox/source/helpers/jquery.fancybox-buttons.css\u001b[39m","time":"2015-11-25T01:15:37.753Z","v":0}
{"name":"hexo","hostname":"xiaoningning-pcdeMacBook-Pro.local","pid":1567,"level":20,"msg":"Added: \u001b[35mthemes/next/source/vendors/fancybox/source/helpers/jquery.fancybox-buttons.js\u001b[39m","time":"2015-11-25T01:15:37.754Z","v":0}
{"name":"hexo","hostname":"xiaoningning-pcdeMacBook-Pro.local","pid":1567,"level":20,"msg":"Added: \u001b[35mthemes/next/source/vendors/fancybox/source/helpers/jquery.fancybox-media.js\u001b[39m","time":"2015-11-25T01:15:37.754Z","v":0}
{"name":"hexo","hostname":"xiaoningning-pcdeMacBook-Pro.local","pid":1567,"level":20,"msg":"Added: \u001b[35mthemes/next/source/vendors/fancybox/source/helpers/jquery.fancybox-thumbs.css\u001b[39m","time":"2015-11-25T01:15:37.754Z","v":0}
{"name":"hexo","hostname":"xiaoningning-pcdeMacBook-Pro.local","pid":1567,"level":20,"msg":"Added: \u001b[35mthemes/next/source/vendors/fancybox/source/helpers/jquery.fancybox-thumbs.js\u001b[39m","time":"2015-11-25T01:15:37.754Z","v":0}
{"name":"hexo","hostname":"xiaoningning-pcdeMacBook-Pro.local","pid":1567,"level":20,"msg":"Added: \u001b[35mthemes/next/source/vendors/fancybox/source/jquery.fancybox.css\u001b[39m","time":"2015-11-25T01:15:37.754Z","v":0}
{"name":"hexo","hostname":"xiaoningning-pcdeMacBook-Pro.local","pid":1567,"level":20,"msg":"Added: \u001b[35mthemes/next/source/vendors/fastclick/LICENSE\u001b[39m","time":"2015-11-25T01:15:37.754Z","v":0}
{"name":"hexo","hostname":"xiaoningning-pcdeMacBook-Pro.local","pid":1567,"level":20,"msg":"Added: \u001b[35mthemes/next/source/vendors/fastclick/README.md\u001b[39m","time":"2015-11-25T01:15:37.754Z","v":0}
{"name":"hexo","hostname":"xiaoningning-pcdeMacBook-Pro.local","pid":1567,"level":20,"msg":"Added: \u001b[35mthemes/next/source/vendors/fancybox/source/jquery.fancybox.js\u001b[39m","time":"2015-11-25T01:15:37.754Z","v":0}
{"name":"hexo","hostname":"xiaoningning-pcdeMacBook-Pro.local","pid":1567,"level":20,"msg":"Added: \u001b[35mthemes/next/source/vendors/fancybox/source/jquery.fancybox.pack.js\u001b[39m","time":"2015-11-25T01:15:37.754Z","v":0}
{"name":"hexo","hostname":"xiaoningning-pcdeMacBook-Pro.local","pid":1567,"level":20,"msg":"Added: \u001b[35mthemes/next/source/vendors/fastclick/bower.json\u001b[39m","time":"2015-11-25T01:15:37.754Z","v":0}
{"name":"hexo","hostname":"xiaoningning-pcdeMacBook-Pro.local","pid":1567,"level":20,"msg":"Added: \u001b[35mthemes/next/source/vendors/fastclick/lib/fastclick.js\u001b[39m","time":"2015-11-25T01:15:37.754Z","v":0}
{"name":"hexo","hostname":"xiaoningning-pcdeMacBook-Pro.local","pid":1567,"level":20,"msg":"Added: \u001b[35mthemes/next/source/vendors/fastclick/lib/fastclick.min.js\u001b[39m","time":"2015-11-25T01:15:37.755Z","v":0}
{"name":"hexo","hostname":"xiaoningning-pcdeMacBook-Pro.local","pid":1567,"level":20,"msg":"Added: \u001b[35mthemes/next/source/vendors/font-awesome/HELP-US-OUT.txt\u001b[39m","time":"2015-11-25T01:15:37.755Z","v":0}
{"name":"hexo","hostname":"xiaoningning-pcdeMacBook-Pro.local","pid":1567,"level":20,"msg":"Added: \u001b[35mthemes/next/source/vendors/font-awesome/bower.json\u001b[39m","time":"2015-11-25T01:15:37.755Z","v":0}
{"name":"hexo","hostname":"xiaoningning-pcdeMacBook-Pro.local","pid":1567,"level":20,"msg":"Added: \u001b[35mthemes/next/source/vendors/font-awesome/css/font-awesome.css\u001b[39m","time":"2015-11-25T01:15:37.755Z","v":0}
{"name":"hexo","hostname":"xiaoningning-pcdeMacBook-Pro.local","pid":1567,"level":20,"msg":"Added: \u001b[35mthemes/next/source/vendors/font-awesome/css/font-awesome.css.map\u001b[39m","time":"2015-11-25T01:15:37.755Z","v":0}
{"name":"hexo","hostname":"xiaoningning-pcdeMacBook-Pro.local","pid":1567,"level":20,"msg":"Added: \u001b[35mthemes/next/source/vendors/font-awesome/css/font-awesome.min.css\u001b[39m","time":"2015-11-25T01:15:37.755Z","v":0}
{"name":"hexo","hostname":"xiaoningning-pcdeMacBook-Pro.local","pid":1567,"level":20,"msg":"Added: \u001b[35mthemes/next/source/vendors/font-awesome/fonts/fontawesome-webfont.woff2\u001b[39m","time":"2015-11-25T01:15:37.755Z","v":0}
{"name":"hexo","hostname":"xiaoningning-pcdeMacBook-Pro.local","pid":1567,"level":20,"msg":"Added: \u001b[35mthemes/next/source/vendors/jquery_lazyload/CONTRIBUTING.md\u001b[39m","time":"2015-11-25T01:15:37.755Z","v":0}
{"name":"hexo","hostname":"xiaoningning-pcdeMacBook-Pro.local","pid":1567,"level":20,"msg":"Added: \u001b[35mthemes/next/source/vendors/jquery_lazyload/README.md\u001b[39m","time":"2015-11-25T01:15:37.755Z","v":0}
{"name":"hexo","hostname":"xiaoningning-pcdeMacBook-Pro.local","pid":1567,"level":20,"msg":"Added: \u001b[35mthemes/next/source/vendors/jquery_lazyload/bower.json\u001b[39m","time":"2015-11-25T01:15:37.755Z","v":0}
{"name":"hexo","hostname":"xiaoningning-pcdeMacBook-Pro.local","pid":1567,"level":20,"msg":"Added: \u001b[35mthemes/next/source/vendors/jquery_lazyload/jquery.scrollstop.js\u001b[39m","time":"2015-11-25T01:15:37.756Z","v":0}
{"name":"hexo","hostname":"xiaoningning-pcdeMacBook-Pro.local","pid":1567,"level":20,"msg":"Added: \u001b[35mthemes/next/source/vendors/jquery_lazyload/jquery.lazyload.js\u001b[39m","time":"2015-11-25T01:15:37.756Z","v":0}
{"name":"hexo","hostname":"xiaoningning-pcdeMacBook-Pro.local","pid":1567,"level":20,"msg":"Added: \u001b[35mthemes/next/source/vendors/velocity/bower.json\u001b[39m","time":"2015-11-25T01:15:37.756Z","v":0}
{"name":"hexo","hostname":"xiaoningning-pcdeMacBook-Pro.local","pid":1567,"level":20,"msg":"Added: \u001b[35mthemes/next/source/vendors/velocity/velocity.min.js\u001b[39m","time":"2015-11-25T01:15:37.756Z","v":0}
{"name":"hexo","hostname":"xiaoningning-pcdeMacBook-Pro.local","pid":1567,"level":20,"msg":"Added: \u001b[35mthemes/next/source/vendors/velocity/velocity.ui.js\u001b[39m","time":"2015-11-25T01:15:37.756Z","v":0}
{"name":"hexo","hostname":"xiaoningning-pcdeMacBook-Pro.local","pid":1567,"level":20,"msg":"Added: \u001b[35mthemes/next/test/helpers.js\u001b[39m","time":"2015-11-25T01:15:37.756Z","v":0}
{"name":"hexo","hostname":"xiaoningning-pcdeMacBook-Pro.local","pid":1567,"level":20,"msg":"Added: \u001b[35mthemes/next/test/intern.js\u001b[39m","time":"2015-11-25T01:15:37.756Z","v":0}
{"name":"hexo","hostname":"xiaoningning-pcdeMacBook-Pro.local","pid":1567,"level":20,"msg":"Added: \u001b[35mthemes/next/source/vendors/velocity/velocity.ui.min.js\u001b[39m","time":"2015-11-25T01:15:37.756Z","v":0}
{"name":"hexo","hostname":"xiaoningning-pcdeMacBook-Pro.local","pid":1567,"level":20,"msg":"Added: \u001b[35mthemes/next/source/vendors/font-awesome/fonts/FontAwesome.otf\u001b[39m","time":"2015-11-25T01:15:37.770Z","v":0}
{"name":"hexo","hostname":"xiaoningning-pcdeMacBook-Pro.local","pid":1567,"level":20,"msg":"Added: \u001b[35mthemes/next/source/vendors/font-awesome/fonts/fontawesome-webfont.eot\u001b[39m","time":"2015-11-25T01:15:37.770Z","v":0}
{"name":"hexo","hostname":"xiaoningning-pcdeMacBook-Pro.local","pid":1567,"level":20,"msg":"Added: \u001b[35mthemes/next/source/vendors/font-awesome/fonts/fontawesome-webfont.woff\u001b[39m","time":"2015-11-25T01:15:37.770Z","v":0}
{"name":"hexo","hostname":"xiaoningning-pcdeMacBook-Pro.local","pid":1567,"level":20,"msg":"Added: \u001b[35mthemes/next/source/vendors/jquery/index.js\u001b[39m","time":"2015-11-25T01:15:37.770Z","v":0}
{"name":"hexo","hostname":"xiaoningning-pcdeMacBook-Pro.local","pid":1567,"level":20,"msg":"Processed: \u001b[35mtags/index.md\u001b[39m","time":"2015-11-25T01:15:37.771Z","v":0}
{"name":"hexo","hostname":"xiaoningning-pcdeMacBook-Pro.local","pid":1567,"level":20,"msg":"Processed: \u001b[35mtags/debug.log\u001b[39m","time":"2015-11-25T01:15:37.772Z","v":0}
{"name":"hexo","hostname":"xiaoningning-pcdeMacBook-Pro.local","pid":1567,"level":20,"msg":"Processed: \u001b[35mimages/avator.jpg\u001b[39m","time":"2015-11-25T01:15:37.772Z","v":0}
{"name":"hexo","hostname":"xiaoningning-pcdeMacBook-Pro.local","pid":1567,"level":20,"msg":"Processed: \u001b[35mfonts/icon-foo/icomoon.woff\u001b[39m","time":"2015-11-25T01:15:37.772Z","v":0}
{"name":"hexo","hostname":"xiaoningning-pcdeMacBook-Pro.local","pid":1567,"level":20,"msg":"Processed: \u001b[35mfonts/icon-foo/icomoon.ttf\u001b[39m","time":"2015-11-25T01:15:37.772Z","v":0}
{"name":"hexo","hostname":"xiaoningning-pcdeMacBook-Pro.local","pid":1567,"level":20,"msg":"Processed: \u001b[35mfonts/icon-foo/icomoon.svg\u001b[39m","time":"2015-11-25T01:15:37.772Z","v":0}
{"name":"hexo","hostname":"xiaoningning-pcdeMacBook-Pro.local","pid":1567,"level":20,"msg":"Processed: \u001b[35mfonts/icon-foo/icomoon.eot\u001b[39m","time":"2015-11-25T01:15:37.773Z","v":0}
{"name":"hexo","hostname":"xiaoningning-pcdeMacBook-Pro.local","pid":1567,"level":20,"msg":"Added: \u001b[35mthemes/next/source/vendors/font-awesome/fonts/fontawesome-webfont.ttf\u001b[39m","time":"2015-11-25T01:15:37.774Z","v":0}
{"name":"hexo","hostname":"xiaoningning-pcdeMacBook-Pro.local","pid":1567,"level":20,"msg":"Added: \u001b[35mthemes/next/source/vendors/velocity/velocity.js\u001b[39m","time":"2015-11-25T01:15:37.779Z","v":0}
{"name":"hexo","hostname":"xiaoningning-pcdeMacBook-Pro.local","pid":1567,"level":20,"msg":"Added: \u001b[35mthemes/next/source/vendors/font-awesome/fonts/fontawesome-webfont.svg\u001b[39m","time":"2015-11-25T01:15:37.780Z","v":0}
{"name":"hexo","hostname":"xiaoningning-pcdeMacBook-Pro.local","pid":1567,"level":20,"msg":"Processed: \u001b[35m_posts/hello-world.md\u001b[39m","time":"2015-11-25T01:15:37.784Z","v":0}
{"name":"hexo","hostname":"xiaoningning-pcdeMacBook-Pro.local","pid":1567,"level":20,"msg":"Processed: \u001b[35msource/vendors/velocity/velocity.ui.min.js\u001b[39m","time":"2015-11-25T01:15:37.787Z","v":0}
{"name":"hexo","hostname":"xiaoningning-pcdeMacBook-Pro.local","pid":1567,"level":20,"msg":"Processed: \u001b[35msource/vendors/velocity/velocity.ui.js\u001b[39m","time":"2015-11-25T01:15:37.787Z","v":0}
{"name":"hexo","hostname":"xiaoningning-pcdeMacBook-Pro.local","pid":1567,"level":20,"msg":"Processed: \u001b[35msource/vendors/velocity/velocity.min.js\u001b[39m","time":"2015-11-25T01:15:37.788Z","v":0}
{"name":"hexo","hostname":"xiaoningning-pcdeMacBook-Pro.local","pid":1567,"level":20,"msg":"Processed: \u001b[35msource/vendors/velocity/velocity.js\u001b[39m","time":"2015-11-25T01:15:37.788Z","v":0}
{"name":"hexo","hostname":"xiaoningning-pcdeMacBook-Pro.local","pid":1567,"level":20,"msg":"Processed: \u001b[35msource/vendors/velocity/bower.json\u001b[39m","time":"2015-11-25T01:15:37.788Z","v":0}
{"name":"hexo","hostname":"xiaoningning-pcdeMacBook-Pro.local","pid":1567,"level":20,"msg":"Processed: \u001b[35msource/vendors/jquery_lazyload/jquery.scrollstop.js\u001b[39m","time":"2015-11-25T01:15:37.788Z","v":0}
{"name":"hexo","hostname":"xiaoningning-pcdeMacBook-Pro.local","pid":1567,"level":20,"msg":"Processed: \u001b[35msource/vendors/jquery_lazyload/jquery.lazyload.js\u001b[39m","time":"2015-11-25T01:15:37.789Z","v":0}
{"name":"hexo","hostname":"xiaoningning-pcdeMacBook-Pro.local","pid":1567,"level":20,"msg":"Processed: \u001b[35msource/vendors/jquery_lazyload/bower.json\u001b[39m","time":"2015-11-25T01:15:37.789Z","v":0}
{"name":"hexo","hostname":"xiaoningning-pcdeMacBook-Pro.local","pid":1567,"level":20,"msg":"Processed: \u001b[35msource/vendors/jquery_lazyload/README.md\u001b[39m","time":"2015-11-25T01:15:37.789Z","v":0}
{"name":"hexo","hostname":"xiaoningning-pcdeMacBook-Pro.local","pid":1567,"level":20,"msg":"Processed: \u001b[35msource/vendors/jquery_lazyload/CONTRIBUTING.md\u001b[39m","time":"2015-11-25T01:15:37.789Z","v":0}
{"name":"hexo","hostname":"xiaoningning-pcdeMacBook-Pro.local","pid":1567,"level":20,"msg":"Processed: \u001b[35msource/vendors/jquery/index.js\u001b[39m","time":"2015-11-25T01:15:37.789Z","v":0}
{"name":"hexo","hostname":"xiaoningning-pcdeMacBook-Pro.local","pid":1567,"level":20,"msg":"Processed: \u001b[35msource/vendors/font-awesome/fonts/fontawesome-webfont.woff2\u001b[39m","time":"2015-11-25T01:15:37.790Z","v":0}
{"name":"hexo","hostname":"xiaoningning-pcdeMacBook-Pro.local","pid":1567,"level":20,"msg":"Processed: \u001b[35msource/vendors/font-awesome/fonts/fontawesome-webfont.woff\u001b[39m","time":"2015-11-25T01:15:37.790Z","v":0}
{"name":"hexo","hostname":"xiaoningning-pcdeMacBook-Pro.local","pid":1567,"level":20,"msg":"Processed: \u001b[35msource/vendors/font-awesome/fonts/fontawesome-webfont.ttf\u001b[39m","time":"2015-11-25T01:15:37.790Z","v":0}
{"name":"hexo","hostname":"xiaoningning-pcdeMacBook-Pro.local","pid":1567,"level":20,"msg":"Processed: \u001b[35msource/vendors/font-awesome/fonts/fontawesome-webfont.svg\u001b[39m","time":"2015-11-25T01:15:37.790Z","v":0}
{"name":"hexo","hostname":"xiaoningning-pcdeMacBook-Pro.local","pid":1567,"level":20,"msg":"Processed: \u001b[35msource/vendors/font-awesome/fonts/fontawesome-webfont.eot\u001b[39m","time":"2015-11-25T01:15:37.790Z","v":0}
{"name":"hexo","hostname":"xiaoningning-pcdeMacBook-Pro.local","pid":1567,"level":20,"msg":"Processed: \u001b[35msource/vendors/font-awesome/fonts/FontAwesome.otf\u001b[39m","time":"2015-11-25T01:15:37.796Z","v":0}
{"name":"hexo","hostname":"xiaoningning-pcdeMacBook-Pro.local","pid":1567,"level":20,"msg":"Processed: \u001b[35msource/vendors/font-awesome/css/font-awesome.min.css\u001b[39m","time":"2015-11-25T01:15:37.797Z","v":0}
{"name":"hexo","hostname":"xiaoningning-pcdeMacBook-Pro.local","pid":1567,"level":20,"msg":"Processed: \u001b[35msource/vendors/font-awesome/css/font-awesome.css.map\u001b[39m","time":"2015-11-25T01:15:37.797Z","v":0}
{"name":"hexo","hostname":"xiaoningning-pcdeMacBook-Pro.local","pid":1567,"level":20,"msg":"Processed: \u001b[35msource/vendors/font-awesome/css/font-awesome.css\u001b[39m","time":"2015-11-25T01:15:37.797Z","v":0}
{"name":"hexo","hostname":"xiaoningning-pcdeMacBook-Pro.local","pid":1567,"level":20,"msg":"Processed: \u001b[35msource/vendors/font-awesome/bower.json\u001b[39m","time":"2015-11-25T01:15:37.798Z","v":0}
{"name":"hexo","hostname":"xiaoningning-pcdeMacBook-Pro.local","pid":1567,"level":20,"msg":"Processed: \u001b[35msource/vendors/font-awesome/HELP-US-OUT.txt\u001b[39m","time":"2015-11-25T01:15:37.798Z","v":0}
{"name":"hexo","hostname":"xiaoningning-pcdeMacBook-Pro.local","pid":1567,"level":20,"msg":"Processed: \u001b[35msource/vendors/fastclick/lib/fastclick.min.js\u001b[39m","time":"2015-11-25T01:15:37.799Z","v":0}
{"name":"hexo","hostname":"xiaoningning-pcdeMacBook-Pro.local","pid":1567,"level":20,"msg":"Processed: \u001b[35msource/vendors/fastclick/lib/fastclick.js\u001b[39m","time":"2015-11-25T01:15:37.799Z","v":0}
{"name":"hexo","hostname":"xiaoningning-pcdeMacBook-Pro.local","pid":1567,"level":20,"msg":"Processed: \u001b[35msource/vendors/fastclick/bower.json\u001b[39m","time":"2015-11-25T01:15:37.800Z","v":0}
{"name":"hexo","hostname":"xiaoningning-pcdeMacBook-Pro.local","pid":1567,"level":20,"msg":"Processed: \u001b[35msource/vendors/fastclick/README.md\u001b[39m","time":"2015-11-25T01:15:37.800Z","v":0}
{"name":"hexo","hostname":"xiaoningning-pcdeMacBook-Pro.local","pid":1567,"level":20,"msg":"Processed: \u001b[35msource/vendors/fastclick/LICENSE\u001b[39m","time":"2015-11-25T01:15:37.801Z","v":0}
{"name":"hexo","hostname":"xiaoningning-pcdeMacBook-Pro.local","pid":1567,"level":20,"msg":"Processed: \u001b[35msource/vendors/fancybox/source/jquery.fancybox.pack.js\u001b[39m","time":"2015-11-25T01:15:37.801Z","v":0}
{"name":"hexo","hostname":"xiaoningning-pcdeMacBook-Pro.local","pid":1567,"level":20,"msg":"Processed: \u001b[35msource/vendors/fancybox/source/jquery.fancybox.js\u001b[39m","time":"2015-11-25T01:15:37.801Z","v":0}
{"name":"hexo","hostname":"xiaoningning-pcdeMacBook-Pro.local","pid":1567,"level":20,"msg":"Processed: \u001b[35msource/vendors/fancybox/source/jquery.fancybox.css\u001b[39m","time":"2015-11-25T01:15:37.802Z","v":0}
{"name":"hexo","hostname":"xiaoningning-pcdeMacBook-Pro.local","pid":1567,"level":20,"msg":"Processed: \u001b[35msource/vendors/fancybox/source/helpers/jquery.fancybox-thumbs.js\u001b[39m","time":"2015-11-25T01:15:37.802Z","v":0}
{"name":"hexo","hostname":"xiaoningning-pcdeMacBook-Pro.local","pid":1567,"level":20,"msg":"Processed: \u001b[35msource/vendors/fancybox/source/helpers/jquery.fancybox-thumbs.css\u001b[39m","time":"2015-11-25T01:15:37.802Z","v":0}
{"name":"hexo","hostname":"xiaoningning-pcdeMacBook-Pro.local","pid":1567,"level":20,"msg":"Processed: \u001b[35msource/vendors/fancybox/source/helpers/jquery.fancybox-media.js\u001b[39m","time":"2015-11-25T01:15:37.802Z","v":0}
{"name":"hexo","hostname":"xiaoningning-pcdeMacBook-Pro.local","pid":1567,"level":20,"msg":"Processed: \u001b[35msource/vendors/fancybox/source/helpers/jquery.fancybox-buttons.js\u001b[39m","time":"2015-11-25T01:15:37.802Z","v":0}
{"name":"hexo","hostname":"xiaoningning-pcdeMacBook-Pro.local","pid":1567,"level":20,"msg":"Processed: \u001b[35msource/vendors/fancybox/source/helpers/jquery.fancybox-buttons.css\u001b[39m","time":"2015-11-25T01:15:37.803Z","v":0}
{"name":"hexo","hostname":"xiaoningning-pcdeMacBook-Pro.local","pid":1567,"level":20,"msg":"Processed: \u001b[35msource/vendors/fancybox/source/helpers/fancybox_buttons.png\u001b[39m","time":"2015-11-25T01:15:37.803Z","v":0}
{"name":"hexo","hostname":"xiaoningning-pcdeMacBook-Pro.local","pid":1567,"level":20,"msg":"Processed: \u001b[35msource/vendors/fancybox/source/fancybox_sprite@2x.png\u001b[39m","time":"2015-11-25T01:15:37.803Z","v":0}
{"name":"hexo","hostname":"xiaoningning-pcdeMacBook-Pro.local","pid":1567,"level":20,"msg":"Processed: \u001b[35msource/vendors/fancybox/source/fancybox_sprite.png\u001b[39m","time":"2015-11-25T01:15:37.803Z","v":0}
{"name":"hexo","hostname":"xiaoningning-pcdeMacBook-Pro.local","pid":1567,"level":20,"msg":"Processed: \u001b[35msource/vendors/fancybox/source/fancybox_overlay.png\u001b[39m","time":"2015-11-25T01:15:37.804Z","v":0}
{"name":"hexo","hostname":"xiaoningning-pcdeMacBook-Pro.local","pid":1567,"level":20,"msg":"Processed: \u001b[35msource/vendors/fancybox/source/fancybox_loading@2x.gif\u001b[39m","time":"2015-11-25T01:15:37.804Z","v":0}
{"name":"hexo","hostname":"xiaoningning-pcdeMacBook-Pro.local","pid":1567,"level":20,"msg":"Processed: \u001b[35msource/vendors/fancybox/source/fancybox_loading.gif\u001b[39m","time":"2015-11-25T01:15:37.804Z","v":0}
{"name":"hexo","hostname":"xiaoningning-pcdeMacBook-Pro.local","pid":1567,"level":20,"msg":"Processed: \u001b[35msource/vendors/fancybox/source/blank.gif\u001b[39m","time":"2015-11-25T01:15:37.804Z","v":0}
{"name":"hexo","hostname":"xiaoningning-pcdeMacBook-Pro.local","pid":1567,"level":20,"msg":"Processed: \u001b[35msource/js/ua-parser.min.js\u001b[39m","time":"2015-11-25T01:15:37.805Z","v":0}
{"name":"hexo","hostname":"xiaoningning-pcdeMacBook-Pro.local","pid":1567,"level":20,"msg":"Processed: \u001b[35msource/js/motion.js\u001b[39m","time":"2015-11-25T01:15:37.805Z","v":0}
{"name":"hexo","hostname":"xiaoningning-pcdeMacBook-Pro.local","pid":1567,"level":20,"msg":"Processed: \u001b[35msource/js/hook-duoshuo.js\u001b[39m","time":"2015-11-25T01:15:37.805Z","v":0}
{"name":"hexo","hostname":"xiaoningning-pcdeMacBook-Pro.local","pid":1567,"level":20,"msg":"Processed: \u001b[35msource/js/helpers.js\u001b[39m","time":"2015-11-25T01:15:37.805Z","v":0}
{"name":"hexo","hostname":"xiaoningning-pcdeMacBook-Pro.local","pid":1567,"level":20,"msg":"Processed: \u001b[35msource/js/fancy-box.js\u001b[39m","time":"2015-11-25T01:15:37.805Z","v":0}
{"name":"hexo","hostname":"xiaoningning-pcdeMacBook-Pro.local","pid":1567,"level":20,"msg":"Processed: \u001b[35msource/js/bootstrap.scrollspy.js\u001b[39m","time":"2015-11-25T01:15:37.806Z","v":0}
{"name":"hexo","hostname":"xiaoningning-pcdeMacBook-Pro.local","pid":1567,"level":20,"msg":"Processed: \u001b[35msource/js/bootstrap.js\u001b[39m","time":"2015-11-25T01:15:37.807Z","v":0}
{"name":"hexo","hostname":"xiaoningning-pcdeMacBook-Pro.local","pid":1567,"level":20,"msg":"Processed: \u001b[35msource/images/searchicon.png\u001b[39m","time":"2015-11-25T01:15:37.807Z","v":0}
{"name":"hexo","hostname":"xiaoningning-pcdeMacBook-Pro.local","pid":1567,"level":20,"msg":"Processed: \u001b[35msource/images/quote-r.svg\u001b[39m","time":"2015-11-25T01:15:37.808Z","v":0}
{"name":"hexo","hostname":"xiaoningning-pcdeMacBook-Pro.local","pid":1567,"level":20,"msg":"Processed: \u001b[35msource/images/quote-l.svg\u001b[39m","time":"2015-11-25T01:15:37.809Z","v":0}
{"name":"hexo","hostname":"xiaoningning-pcdeMacBook-Pro.local","pid":1567,"level":20,"msg":"Processed: \u001b[35msource/images/placeholder.gif\u001b[39m","time":"2015-11-25T01:15:37.809Z","v":0}
{"name":"hexo","hostname":"xiaoningning-pcdeMacBook-Pro.local","pid":1567,"level":20,"msg":"Processed: \u001b[35msource/images/loading.gif\u001b[39m","time":"2015-11-25T01:15:37.809Z","v":0}
{"name":"hexo","hostname":"xiaoningning-pcdeMacBook-Pro.local","pid":1567,"level":20,"msg":"Processed: \u001b[35msource/images/cc-zero.svg\u001b[39m","time":"2015-11-25T01:15:37.809Z","v":0}
{"name":"hexo","hostname":"xiaoningning-pcdeMacBook-Pro.local","pid":1567,"level":20,"msg":"Processed: \u001b[35msource/images/cc-by.svg\u001b[39m","time":"2015-11-25T01:15:37.810Z","v":0}
{"name":"hexo","hostname":"xiaoningning-pcdeMacBook-Pro.local","pid":1567,"level":20,"msg":"Processed: \u001b[35msource/images/cc-by-sa.svg\u001b[39m","time":"2015-11-25T01:15:37.810Z","v":0}
{"name":"hexo","hostname":"xiaoningning-pcdeMacBook-Pro.local","pid":1567,"level":20,"msg":"Processed: \u001b[35msource/images/cc-by-nd.svg\u001b[39m","time":"2015-11-25T01:15:37.810Z","v":0}
{"name":"hexo","hostname":"xiaoningning-pcdeMacBook-Pro.local","pid":1567,"level":20,"msg":"Processed: \u001b[35msource/images/cc-by-nc.svg\u001b[39m","time":"2015-11-25T01:15:37.810Z","v":0}
{"name":"hexo","hostname":"xiaoningning-pcdeMacBook-Pro.local","pid":1567,"level":20,"msg":"Processed: \u001b[35msource/images/cc-by-nc-sa.svg\u001b[39m","time":"2015-11-25T01:15:37.811Z","v":0}
{"name":"hexo","hostname":"xiaoningning-pcdeMacBook-Pro.local","pid":1567,"level":20,"msg":"Processed: \u001b[35msource/images/cc-by-nc-nd.svg\u001b[39m","time":"2015-11-25T01:15:37.811Z","v":0}
{"name":"hexo","hostname":"xiaoningning-pcdeMacBook-Pro.local","pid":1567,"level":20,"msg":"Processed: \u001b[35msource/css/main.styl\u001b[39m","time":"2015-11-25T01:15:37.811Z","v":0}
{"name":"hexo","hostname":"xiaoningning-pcdeMacBook-Pro.local","pid":1567,"level":20,"msg":"Processed: \u001b[35mlayout/tag.swig\u001b[39m","time":"2015-11-25T01:15:37.832Z","v":0}
{"name":"hexo","hostname":"xiaoningning-pcdeMacBook-Pro.local","pid":1567,"level":20,"msg":"Processed: \u001b[35mlayout/post.swig\u001b[39m","time":"2015-11-25T01:15:37.834Z","v":0}
{"name":"hexo","hostname":"xiaoningning-pcdeMacBook-Pro.local","pid":1567,"level":20,"msg":"Processed: \u001b[35mlayout/page.swig\u001b[39m","time":"2015-11-25T01:15:37.835Z","v":0}
{"name":"hexo","hostname":"xiaoningning-pcdeMacBook-Pro.local","pid":1567,"level":20,"msg":"Processed: \u001b[35mlayout/index.swig\u001b[39m","time":"2015-11-25T01:15:37.837Z","v":0}
{"name":"hexo","hostname":"xiaoningning-pcdeMacBook-Pro.local","pid":1567,"level":20,"msg":"Processed: \u001b[35mlayout/category.swig\u001b[39m","time":"2015-11-25T01:15:37.838Z","v":0}
{"name":"hexo","hostname":"xiaoningning-pcdeMacBook-Pro.local","pid":1567,"level":20,"msg":"Processed: \u001b[35mlayout/archive.swig\u001b[39m","time":"2015-11-25T01:15:37.840Z","v":0}
{"name":"hexo","hostname":"xiaoningning-pcdeMacBook-Pro.local","pid":1567,"level":20,"msg":"Processed: \u001b[35mlayout/_scripts/tinysou.swig\u001b[39m","time":"2015-11-25T01:15:37.841Z","v":0}
{"name":"hexo","hostname":"xiaoningning-pcdeMacBook-Pro.local","pid":1567,"level":20,"msg":"Processed: \u001b[35mlayout/_scripts/pages/post-details.swig\u001b[39m","time":"2015-11-25T01:15:37.842Z","v":0}
{"name":"hexo","hostname":"xiaoningning-pcdeMacBook-Pro.local","pid":1567,"level":20,"msg":"Processed: \u001b[35mlayout/_scripts/motion.swig\u001b[39m","time":"2015-11-25T01:15:37.843Z","v":0}
{"name":"hexo","hostname":"xiaoningning-pcdeMacBook-Pro.local","pid":1567,"level":20,"msg":"Processed: \u001b[35mlayout/_scripts/mathjax.swig\u001b[39m","time":"2015-11-25T01:15:37.843Z","v":0}
{"name":"hexo","hostname":"xiaoningning-pcdeMacBook-Pro.local","pid":1567,"level":20,"msg":"Processed: \u001b[35mlayout/_scripts/helpers.swig\u001b[39m","time":"2015-11-25T01:15:37.844Z","v":0}
{"name":"hexo","hostname":"xiaoningning-pcdeMacBook-Pro.local","pid":1567,"level":20,"msg":"Processed: \u001b[35mlayout/_scripts/fancy-box.swig\u001b[39m","time":"2015-11-25T01:15:37.844Z","v":0}
{"name":"hexo","hostname":"xiaoningning-pcdeMacBook-Pro.local","pid":1567,"level":20,"msg":"Processed: \u001b[35mlayout/_scripts/comments/duoshuo.swig\u001b[39m","time":"2015-11-25T01:15:37.844Z","v":0}
{"name":"hexo","hostname":"xiaoningning-pcdeMacBook-Pro.local","pid":1567,"level":20,"msg":"Processed: \u001b[35mlayout/_scripts/comments/disqus.swig\u001b[39m","time":"2015-11-25T01:15:37.845Z","v":0}
{"name":"hexo","hostname":"xiaoningning-pcdeMacBook-Pro.local","pid":1567,"level":20,"msg":"Processed: \u001b[35mlayout/_scripts/bootstrap.scrollspy.swig\u001b[39m","time":"2015-11-25T01:15:37.845Z","v":0}
{"name":"hexo","hostname":"xiaoningning-pcdeMacBook-Pro.local","pid":1567,"level":20,"msg":"Processed: \u001b[35mlayout/_scripts/baidushare.swig\u001b[39m","time":"2015-11-25T01:15:37.846Z","v":0}
{"name":"hexo","hostname":"xiaoningning-pcdeMacBook-Pro.local","pid":1567,"level":20,"msg":"Processed: \u001b[35mlayout/_scripts/analytics.swig\u001b[39m","time":"2015-11-25T01:15:37.846Z","v":0}
{"name":"hexo","hostname":"xiaoningning-pcdeMacBook-Pro.local","pid":1567,"level":20,"msg":"Processed: \u001b[35mlayout/_scripts/analytics/google-analytics.swig\u001b[39m","time":"2015-11-25T01:15:37.847Z","v":0}
{"name":"hexo","hostname":"xiaoningning-pcdeMacBook-Pro.local","pid":1567,"level":20,"msg":"Processed: \u001b[35mlayout/_scripts/analytics/facebook-sdk.swig\u001b[39m","time":"2015-11-25T01:15:37.847Z","v":0}
{"name":"hexo","hostname":"xiaoningning-pcdeMacBook-Pro.local","pid":1567,"level":20,"msg":"Processed: \u001b[35mlayout/_scripts/analytics/baidu-analytics.swig\u001b[39m","time":"2015-11-25T01:15:37.848Z","v":0}
{"name":"hexo","hostname":"xiaoningning-pcdeMacBook-Pro.local","pid":1567,"level":20,"msg":"Processed: \u001b[35mlayout/_partials/share/jiathis.swig\u001b[39m","time":"2015-11-25T01:15:37.848Z","v":0}
{"name":"hexo","hostname":"xiaoningning-pcdeMacBook-Pro.local","pid":1567,"level":20,"msg":"Processed: \u001b[35mlayout/_partials/share/duoshuo_share.swig\u001b[39m","time":"2015-11-25T01:15:37.849Z","v":0}
{"name":"hexo","hostname":"xiaoningning-pcdeMacBook-Pro.local","pid":1567,"level":20,"msg":"Processed: \u001b[35mlayout/_partials/search.swig\u001b[39m","time":"2015-11-25T01:15:37.849Z","v":0}
{"name":"hexo","hostname":"xiaoningning-pcdeMacBook-Pro.local","pid":1567,"level":20,"msg":"Processed: \u001b[35mlayout/_partials/search/tinysou.swig\u001b[39m","time":"2015-11-25T01:15:37.849Z","v":0}
{"name":"hexo","hostname":"xiaoningning-pcdeMacBook-Pro.local","pid":1567,"level":20,"msg":"Processed: \u001b[35mlayout/_partials/search/swiftype.swig\u001b[39m","time":"2015-11-25T01:15:37.850Z","v":0}
{"name":"hexo","hostname":"xiaoningning-pcdeMacBook-Pro.local","pid":1567,"level":20,"msg":"Processed: \u001b[35mlayout/_partials/pagination.swig\u001b[39m","time":"2015-11-25T01:15:37.851Z","v":0}
{"name":"hexo","hostname":"xiaoningning-pcdeMacBook-Pro.local","pid":1567,"level":20,"msg":"Processed: \u001b[35mlayout/_partials/old-browsers.swig\u001b[39m","time":"2015-11-25T01:15:37.852Z","v":0}
{"name":"hexo","hostname":"xiaoningning-pcdeMacBook-Pro.local","pid":1567,"level":20,"msg":"Processed: \u001b[35mlayout/_partials/header.swig\u001b[39m","time":"2015-11-25T01:15:37.852Z","v":0}
{"name":"hexo","hostname":"xiaoningning-pcdeMacBook-Pro.local","pid":1567,"level":20,"msg":"Processed: \u001b[35mlayout/_partials/head.swig\u001b[39m","time":"2015-11-25T01:15:37.853Z","v":0}
{"name":"hexo","hostname":"xiaoningning-pcdeMacBook-Pro.local","pid":1567,"level":20,"msg":"Processed: \u001b[35mlayout/_partials/footer.swig\u001b[39m","time":"2015-11-25T01:15:37.853Z","v":0}
{"name":"hexo","hostname":"xiaoningning-pcdeMacBook-Pro.local","pid":1567,"level":20,"msg":"Processed: \u001b[35mlayout/_partials/duoshuo-hot-articles.swig\u001b[39m","time":"2015-11-25T01:15:37.854Z","v":0}
{"name":"hexo","hostname":"xiaoningning-pcdeMacBook-Pro.local","pid":1567,"level":20,"msg":"Processed: \u001b[35mlayout/_partials/comments.swig\u001b[39m","time":"2015-11-25T01:15:37.854Z","v":0}
{"name":"hexo","hostname":"xiaoningning-pcdeMacBook-Pro.local","pid":1567,"level":20,"msg":"Processed: \u001b[35mlayout/_macro/sidebar.swig\u001b[39m","time":"2015-11-25T01:15:37.854Z","v":0}
{"name":"hexo","hostname":"xiaoningning-pcdeMacBook-Pro.local","pid":1567,"level":20,"msg":"Processed: \u001b[35mlayout/_macro/post.swig\u001b[39m","time":"2015-11-25T01:15:37.855Z","v":0}
{"name":"hexo","hostname":"xiaoningning-pcdeMacBook-Pro.local","pid":1567,"level":20,"msg":"Processed: \u001b[35mlayout/_macro/post-collapse.swig\u001b[39m","time":"2015-11-25T01:15:37.856Z","v":0}
{"name":"hexo","hostname":"xiaoningning-pcdeMacBook-Pro.local","pid":1567,"level":20,"msg":"Processed: \u001b[35mlayout/_layout.swig\u001b[39m","time":"2015-11-25T01:15:37.856Z","v":0}
{"name":"hexo","hostname":"xiaoningning-pcdeMacBook-Pro.local","pid":1567,"level":20,"msg":"Processed: \u001b[35mlanguages/zh-tw.yml\u001b[39m","time":"2015-11-25T01:15:37.859Z","v":0}
{"name":"hexo","hostname":"xiaoningning-pcdeMacBook-Pro.local","pid":1567,"level":20,"msg":"Processed: \u001b[35mlanguages/zh-hk.yml\u001b[39m","time":"2015-11-25T01:15:37.860Z","v":0}
{"name":"hexo","hostname":"xiaoningning-pcdeMacBook-Pro.local","pid":1567,"level":20,"msg":"Processed: \u001b[35mlanguages/zh-Hans.yml\u001b[39m","time":"2015-11-25T01:15:37.861Z","v":0}
{"name":"hexo","hostname":"xiaoningning-pcdeMacBook-Pro.local","pid":1567,"level":20,"msg":"Processed: \u001b[35mlanguages/ru.yml\u001b[39m","time":"2015-11-25T01:15:37.863Z","v":0}
{"name":"hexo","hostname":"xiaoningning-pcdeMacBook-Pro.local","pid":1567,"level":20,"msg":"Processed: \u001b[35mlanguages/pt.yml\u001b[39m","time":"2015-11-25T01:15:37.864Z","v":0}
{"name":"hexo","hostname":"xiaoningning-pcdeMacBook-Pro.local","pid":1567,"level":20,"msg":"Processed: \u001b[35mlanguages/fr-FR.yml\u001b[39m","time":"2015-11-25T01:15:37.865Z","v":0}
{"name":"hexo","hostname":"xiaoningning-pcdeMacBook-Pro.local","pid":1567,"level":20,"msg":"Processed: \u001b[35mlanguages/en.yml\u001b[39m","time":"2015-11-25T01:15:37.866Z","v":0}
{"name":"hexo","hostname":"xiaoningning-pcdeMacBook-Pro.local","pid":1567,"level":20,"msg":"Processed: \u001b[35mlanguages/default.yml\u001b[39m","time":"2015-11-25T01:15:37.867Z","v":0}
{"name":"hexo","hostname":"xiaoningning-pcdeMacBook-Pro.local","pid":1567,"level":20,"msg":"Processed: \u001b[35mlanguages/de.yml\u001b[39m","time":"2015-11-25T01:15:37.868Z","v":0}
{"name":"hexo","hostname":"xiaoningning-pcdeMacBook-Pro.local","pid":1567,"level":20,"msg":"Theme config loaded.","time":"2015-11-25T01:15:37.869Z","v":0}
{"name":"hexo","hostname":"xiaoningning-pcdeMacBook-Pro.local","pid":1567,"level":20,"msg":"Processed: \u001b[35m_config.yml\u001b[39m","time":"2015-11-25T01:15:37.869Z","v":0}
{"name":"hexo","hostname":"xiaoningning-pcdeMacBook-Pro.local","pid":1567,"level":20,"msg":"Generator: \u001b[35mpage\u001b[39m","time":"2015-11-25T01:15:38.101Z","v":0}
{"name":"hexo","hostname":"xiaoningning-pcdeMacBook-Pro.local","pid":1567,"level":20,"msg":"Generator: \u001b[35mpost\u001b[39m","time":"2015-11-25T01:15:38.101Z","v":0}
{"name":"hexo","hostname":"xiaoningning-pcdeMacBook-Pro.local","pid":1567,"level":20,"msg":"Generator: \u001b[35marchive\u001b[39m","time":"2015-11-25T01:15:38.101Z","v":0}
{"name":"hexo","hostname":"xiaoningning-pcdeMacBook-Pro.local","pid":1567,"level":20,"msg":"Generator: \u001b[35mcategory\u001b[39m","time":"2015-11-25T01:15:38.101Z","v":0}
{"name":"hexo","hostname":"xiaoningning-pcdeMacBook-Pro.local","pid":1567,"level":20,"msg":"Generator: \u001b[35mfeed\u001b[39m","time":"2015-11-25T01:15:38.102Z","v":0}
{"name":"hexo","hostname":"xiaoningning-pcdeMacBook-Pro.local","pid":1567,"level":20,"msg":"Generator: \u001b[35mindex\u001b[39m","time":"2015-11-25T01:15:38.102Z","v":0}
{"name":"hexo","hostname":"xiaoningning-pcdeMacBook-Pro.local","pid":1567,"level":20,"msg":"Generator: \u001b[35mtag\u001b[39m","time":"2015-11-25T01:15:38.102Z","v":0}
{"name":"hexo","hostname":"xiaoningning-pcdeMacBook-Pro.local","pid":1567,"level":20,"msg":"Generator: \u001b[35masset\u001b[39m","time":"2015-11-25T01:15:38.104Z","v":0}
{"name":"hexo","hostname":"xiaoningning-pcdeMacBook-Pro.local","pid":1567,"level":30,"msg":"Hexo is running at \u001b[4mhttp://0.0.0.0:4000/\u001b[24m. Press Ctrl+C to stop.","time":"2015-11-25T01:15:38.108Z","v":0}
{"name":"hexo","hostname":"xiaoningning-pcdeMacBook-Pro.local","pid":1567,"level":20,"msg":"Database saved","time":"2015-11-25T01:15:38.117Z","v":0}
{"name":"hexo","hostname":"xiaoningning-pcdeMacBook-Pro.local","pid":1567,"level":20,"msg":"Rendering index: \u001b[35mindex.html\u001b[39m","time":"2015-11-25T01:15:51.292Z","v":0}
{"name":"hexo","hostname":"xiaoningning-pcdeMacBook-Pro.local","pid":1567,"level":20,"msg":"Rendering page: \u001b[35mtags/index.html\u001b[39m","time":"2015-11-25T01:15:55.344Z","v":0}
{"name":"hexo","hostname":"xiaoningning-pcdeMacBook-Pro.local","pid":1567,"level":20,"msg":"Rendering page: \u001b[35mtags/index.html\u001b[39m","time":"2015-11-25T01:16:00.874Z","v":0}
{"name":"hexo","hostname":"xiaoningning-pcdeMacBook-Pro.local","pid":1567,"level":30,"msg":"Good bye","time":"2015-11-25T01:16:50.601Z","v":0}
{"name":"hexo","hostname":"xiaoningning-pcdeMacBook-Pro.local","pid":1567,"level":20,"msg":"Database saved","time":"2015-11-25T01:16:50.614Z","v":0}
